2022-12-09 20:00:19.290 [info] Extension host with pid 689 started
2022-12-09 20:00:19.292 [error] Error: EEXIST: file already exists, open '/workspace/.vscode-remote/data/User/workspaceStorage/-3784a607/vscode.lock'
2022-12-09 20:00:19.299 [info] Lock '/workspace/.vscode-remote/data/User/workspaceStorage/-3784a607/vscode.lock': Could not acquire lock, checking if the file is stale.
2022-12-09 20:00:19.300 [info] Lock '/workspace/.vscode-remote/data/User/workspaceStorage/-3784a607/vscode.lock': The lock looks stale, waiting for 2s.
2022-12-09 20:00:19.460 [info] ExtensionService#_doActivateExtension gitpod.gitpod-web, startup: false, activationEvent: 'onAuthenticationRequest:gitpod'
2022-12-09 20:00:19.461 [info] ExtensionService#_doActivateExtension vscode.git-base, startup: true, activationEvent: '*', root cause: vscode.git
2022-12-09 20:00:21.301 [info] Lock '/workspace/.vscode-remote/data/User/workspaceStorage/-3784a607/vscode.lock': The lock looks stale even after waiting for 2s.
2022-12-09 20:00:21.301 [info] Lock '/workspace/.vscode-remote/data/User/workspaceStorage/-3784a607/vscode.lock': Deleting a stale lock.
2022-12-09 20:00:21.305 [info] Lock '/workspace/.vscode-remote/data/User/workspaceStorage/-3784a607/vscode.lock': Lock acquired.
2022-12-09 20:00:21.552 [info] ExtensionService#_doActivateExtension vscode.git, startup: true, activationEvent: '*'
2022-12-09 20:00:21.552 [info] ExtensionService#_doActivateExtension vscode.github, startup: true, activationEvent: '*'
2022-12-09 20:00:22.063 [info] ExtensionService#_doActivateExtension vscode.debug-auto-launch, startup: false, activationEvent: 'onStartupFinished'
2022-12-09 20:00:22.064 [info] ExtensionService#_doActivateExtension vscode.emmet, startup: false, activationEvent: 'onStartupFinished'
2022-12-09 20:00:22.064 [info] ExtensionService#_doActivateExtension vscode.merge-conflict, startup: false, activationEvent: 'onStartupFinished'
2022-12-09 20:00:22.064 [info] ExtensionService#_doActivateExtension vscode.github-authentication, startup: false, activationEvent: 'onStartupFinished', root cause: GitHub.vscode-pull-request-github
2022-12-09 20:00:22.065 [info] Eager extensions activated
2022-12-09 20:00:22.140 [info] ExtensionService#_doActivateExtension redhat.vscode-yaml, startup: false, activationEvent: 'onLanguage:yaml'
2022-12-09 20:00:22.276 [info] ExtensionService#_doActivateExtension GitHub.vscode-pull-request-github, startup: false, activationEvent: 'onStartupFinished'
2022-12-09 20:00:22.767 [warning] [redhat.vscode-yaml] Accessing a resource scoped configuration without providing a resource is not expected. To get the effective value for '[yaml]', provide the URI of a resource or 'null' for any resource.
2022-12-09 20:00:22.770 [warning] [redhat.vscode-yaml] Accessing a resource scoped configuration without providing a resource is not expected. To get the effective value for '[yaml]', provide the URI of a resource or 'null' for any resource.
2022-12-09 20:00:22.817 [info] ExtensionService#_doActivateExtension vscode.configuration-editing, startup: false, activationEvent: 'onLanguage:jsonc'
2022-12-09 20:00:22.817 [info] ExtensionService#_doActivateExtension vscode.json-language-features, startup: false, activationEvent: 'onLanguage:jsonc'
2022-12-09 20:00:22.817 [info] ExtensionService#_doActivateExtension vscode.typescript-language-features, startup: false, activationEvent: 'onLanguage:jsonc'
