2022-12-08 21:50:27.285 [info] Extension host with pid 691 started
2022-12-08 21:50:27.288 [error] Error: EEXIST: file already exists, open '/workspace/.vscode-remote/data/User/workspaceStorage/-3784a607/vscode.lock'
2022-12-08 21:50:27.292 [info] Lock '/workspace/.vscode-remote/data/User/workspaceStorage/-3784a607/vscode.lock': Could not acquire lock, checking if the file is stale.
2022-12-08 21:50:27.293 [info] Lock '/workspace/.vscode-remote/data/User/workspaceStorage/-3784a607/vscode.lock': The lock does not look stale, elapsed: 322293 ms, giving up.
2022-12-08 21:50:27.294 [error] Error: EEXIST: file already exists, open '/workspace/.vscode-remote/data/User/workspaceStorage/-3784a607-1/vscode.lock'
2022-12-08 21:50:27.294 [info] Lock '/workspace/.vscode-remote/data/User/workspaceStorage/-3784a607-1/vscode.lock': Lock acquired.
2022-12-08 21:50:27.417 [info] ExtensionService#_doActivateExtension gitpod.gitpod-web, startup: false, activationEvent: 'onAuthenticationRequest:gitpod'
2022-12-08 21:50:27.418 [info] ExtensionService#_doActivateExtension vscode.git-base, startup: true, activationEvent: '*', root cause: vscode.git
2022-12-08 21:50:27.636 [info] ExtensionService#_doActivateExtension vscode.git, startup: true, activationEvent: '*'
2022-12-08 21:50:27.637 [info] ExtensionService#_doActivateExtension vscode.github, startup: true, activationEvent: '*'
2022-12-08 21:50:28.170 [info] ExtensionService#_doActivateExtension vscode.debug-auto-launch, startup: false, activationEvent: 'onStartupFinished'
2022-12-08 21:50:28.170 [info] ExtensionService#_doActivateExtension vscode.emmet, startup: false, activationEvent: 'onStartupFinished'
2022-12-08 21:50:28.171 [info] ExtensionService#_doActivateExtension vscode.merge-conflict, startup: false, activationEvent: 'onStartupFinished'
2022-12-08 21:50:28.171 [info] ExtensionService#_doActivateExtension vscode.github-authentication, startup: false, activationEvent: 'onStartupFinished', root cause: GitHub.vscode-pull-request-github
2022-12-08 21:50:28.171 [info] Eager extensions activated
2022-12-08 21:50:28.235 [info] ExtensionService#_doActivateExtension redhat.vscode-yaml, startup: false, activationEvent: 'onLanguage:yaml'
2022-12-08 21:50:28.425 [info] ExtensionService#_doActivateExtension GitHub.vscode-pull-request-github, startup: false, activationEvent: 'onStartupFinished'
2022-12-08 21:50:29.035 [warning] [redhat.vscode-yaml] Accessing a resource scoped configuration without providing a resource is not expected. To get the effective value for '[yaml]', provide the URI of a resource or 'null' for any resource.
2022-12-08 21:50:29.036 [warning] [redhat.vscode-yaml] Accessing a resource scoped configuration without providing a resource is not expected. To get the effective value for '[yaml]', provide the URI of a resource or 'null' for any resource.
2022-12-08 21:50:29.178 [info] ExtensionService#_doActivateExtension vscode.configuration-editing, startup: false, activationEvent: 'onLanguage:jsonc'
2022-12-08 21:50:29.178 [info] ExtensionService#_doActivateExtension vscode.json-language-features, startup: false, activationEvent: 'onLanguage:jsonc'
2022-12-08 21:50:29.179 [info] ExtensionService#_doActivateExtension vscode.typescript-language-features, startup: false, activationEvent: 'onLanguage:jsonc'
