2022-12-09 20:00:22.445 [info] Log level: Info
2022-12-09 20:00:22.445 [info] Validating found git in: "git"
2022-12-09 20:00:22.445 [info] Using git "2.37.3" from "git"
2022-12-09 20:00:22.445 [info] > git rev-parse --show-toplevel [4ms]
2022-12-09 20:00:22.445 [info] > git rev-parse --git-dir --git-common-dir [1ms]
2022-12-09 20:00:22.446 [info] Open repository: /workspace/games
2022-12-09 20:00:22.446 [info] > git rev-parse --show-toplevel [15ms]
2022-12-09 20:00:22.446 [info] > git config --get commit.template [15ms]
2022-12-09 20:00:22.446 [info] > git rev-parse --show-toplevel [3ms]
2022-12-09 20:00:22.446 [info] > git for-each-ref --format=%(refname)%00%(upstream:short)%00%(objectname)%00%(upstream:track)%00%(upstream:remotename)%00%(upstream:remoteref) refs/heads/master refs/remotes/master [9ms]
2022-12-09 20:00:22.446 [info] > git status -z -uall [11ms]
2022-12-09 20:00:22.446 [info] > git for-each-ref --sort -committerdate --format %(refname) %(objectname) %(*objectname) [5ms]
2022-12-09 20:00:22.446 [info] > git config --get commit.template [4ms]
2022-12-09 20:00:22.446 [info] > git for-each-ref --format=%(refname)%00%(upstream:short)%00%(objectname)%00%(upstream:track)%00%(upstream:remotename)%00%(upstream:remoteref) refs/heads/master refs/remotes/master [2ms]
2022-12-09 20:00:22.446 [info] > git status -z -uall [10ms]
2022-12-09 20:00:22.446 [info] > git for-each-ref --sort -committerdate --format %(refname) %(objectname) %(*objectname) [7ms]
2022-12-09 20:00:22.502 [info] > git show --textconv :tic_tac_toe/fogel.py [36ms]
2022-12-09 20:00:22.502 [info] > git show --textconv :neural_nets.txt [26ms]
2022-12-09 20:00:22.502 [info] > git ls-files --stage -- /workspace/games/tic_tac_toe/fogel.py [13ms]
2022-12-09 20:00:22.515 [info] > git cat-file -s c17e22499da99e40ee9ab0a42138d26f0717e00e [3ms]
2022-12-09 20:00:22.515 [info] > git ls-files --stage -- /workspace/games/neural_nets.txt [15ms]
2022-12-09 20:00:22.527 [info] > git cat-file -s fe9aa2d3cb1cfb44f47c814f23c57d6110620172 [2ms]
2022-12-09 20:00:22.548 [info] > git check-ignore -v -z --stdin [2ms]
2022-12-09 20:00:23.403 [info] > git config --local branch.master.github-pr-owner-number [47ms]
2022-12-09 20:00:34.946 [info] > git config --get commit.template [17ms]
2022-12-09 20:00:34.947 [info] > git for-each-ref --format=%(refname)%00%(upstream:short)%00%(objectname)%00%(upstream:track)%00%(upstream:remotename)%00%(upstream:remoteref) refs/heads/master refs/remotes/master [2ms]
2022-12-09 20:00:34.975 [info] > git status -z -uall [14ms]
2022-12-09 20:00:34.976 [info] > git for-each-ref --sort -committerdate --format %(refname) %(objectname) %(*objectname) [3ms]
2022-12-09 20:00:46.516 [info] > git config --get commit.template [13ms]
2022-12-09 20:00:46.516 [info] > git for-each-ref --format=%(refname)%00%(upstream:short)%00%(objectname)%00%(upstream:track)%00%(upstream:remotename)%00%(upstream:remoteref) refs/heads/master refs/remotes/master [2ms]
2022-12-09 20:00:46.538 [info] > git status -z -uall [10ms]
2022-12-09 20:00:46.539 [info] > git for-each-ref --sort -committerdate --format %(refname) %(objectname) %(*objectname) [2ms]
2022-12-09 20:01:14.150 [info] > git config --get commit.template [11ms]
2022-12-09 20:01:14.151 [info] > git for-each-ref --format=%(refname)%00%(upstream:short)%00%(objectname)%00%(upstream:track)%00%(upstream:remotename)%00%(upstream:remoteref) refs/heads/master refs/remotes/master [2ms]
2022-12-09 20:01:14.171 [info] > git status -z -uall [10ms]
2022-12-09 20:01:14.173 [info] > git for-each-ref --sort -committerdate --format %(refname) %(objectname) %(*objectname) [2ms]
2022-12-09 20:01:19.201 [info] > git config --get commit.template [11ms]
2022-12-09 20:01:19.203 [info] > git for-each-ref --format=%(refname)%00%(upstream:short)%00%(objectname)%00%(upstream:track)%00%(upstream:remotename)%00%(upstream:remoteref) refs/heads/master refs/remotes/master [2ms]
2022-12-09 20:01:19.225 [info] > git status -z -uall [12ms]
2022-12-09 20:01:19.226 [info] > git for-each-ref --sort -committerdate --format %(refname) %(objectname) %(*objectname) [3ms]
2022-12-09 20:01:24.261 [info] > git config --get commit.template [14ms]
2022-12-09 20:01:24.262 [info] > git for-each-ref --format=%(refname)%00%(upstream:short)%00%(objectname)%00%(upstream:track)%00%(upstream:remotename)%00%(upstream:remoteref) refs/heads/master refs/remotes/master [2ms]
2022-12-09 20:01:24.291 [info] > git status -z -uall [15ms]
2022-12-09 20:01:24.293 [info] > git for-each-ref --sort -committerdate --format %(refname) %(objectname) %(*objectname) [3ms]
2022-12-09 20:01:29.328 [info] > git config --get commit.template [14ms]
2022-12-09 20:01:29.331 [info] > git for-each-ref --format=%(refname)%00%(upstream:short)%00%(objectname)%00%(upstream:track)%00%(upstream:remotename)%00%(upstream:remoteref) refs/heads/master refs/remotes/master [3ms]
2022-12-09 20:01:29.363 [info] > git status -z -uall [20ms]
2022-12-09 20:01:29.364 [info] > git for-each-ref --sort -committerdate --format %(refname) %(objectname) %(*objectname) [4ms]
2022-12-09 20:01:34.394 [info] > git config --get commit.template [12ms]
2022-12-09 20:01:34.395 [info] > git for-each-ref --format=%(refname)%00%(upstream:short)%00%(objectname)%00%(upstream:track)%00%(upstream:remotename)%00%(upstream:remoteref) refs/heads/master refs/remotes/master [2ms]
2022-12-09 20:01:34.421 [info] > git status -z -uall [13ms]
2022-12-09 20:01:34.424 [info] > git for-each-ref --sort -committerdate --format %(refname) %(objectname) %(*objectname) [4ms]
2022-12-09 20:01:39.569 [info] > git config --get commit.template [14ms]
2022-12-09 20:01:39.571 [info] > git for-each-ref --format=%(refname)%00%(upstream:short)%00%(objectname)%00%(upstream:track)%00%(upstream:remotename)%00%(upstream:remoteref) refs/heads/master refs/remotes/master [2ms]
2022-12-09 20:01:39.595 [info] > git for-each-ref --sort -committerdate --format %(refname) %(objectname) %(*objectname) [1ms]
2022-12-09 20:01:39.596 [info] > git status -z -uall [12ms]
2022-12-09 20:01:44.636 [info] > git config --get commit.template [19ms]
2022-12-09 20:01:44.637 [info] > git for-each-ref --format=%(refname)%00%(upstream:short)%00%(objectname)%00%(upstream:track)%00%(upstream:remotename)%00%(upstream:remoteref) refs/heads/master refs/remotes/master [3ms]
2022-12-09 20:01:44.665 [info] > git status -z -uall [15ms]
2022-12-09 20:01:44.666 [info] > git for-each-ref --sort -committerdate --format %(refname) %(objectname) %(*objectname) [2ms]
2022-12-09 20:02:02.596 [info] > git config --get commit.template [15ms]
2022-12-09 20:02:02.598 [info] > git for-each-ref --format=%(refname)%00%(upstream:short)%00%(objectname)%00%(upstream:track)%00%(upstream:remotename)%00%(upstream:remoteref) refs/heads/master refs/remotes/master [2ms]
2022-12-09 20:02:02.626 [info] > git status -z -uall [14ms]
2022-12-09 20:02:02.627 [info] > git for-each-ref --sort -committerdate --format %(refname) %(objectname) %(*objectname) [3ms]
2022-12-09 20:02:09.242 [info] > git config --get commit.template [12ms]
2022-12-09 20:02:09.242 [info] > git for-each-ref --format=%(refname)%00%(upstream:short)%00%(objectname)%00%(upstream:track)%00%(upstream:remotename)%00%(upstream:remoteref) refs/heads/master refs/remotes/master [2ms]
2022-12-09 20:02:09.262 [info] > git for-each-ref --sort -committerdate --format %(refname) %(objectname) %(*objectname) [2ms]
2022-12-09 20:02:09.265 [info] > git status -z -uall [13ms]
2022-12-09 20:02:14.301 [info] > git config --get commit.template [18ms]
2022-12-09 20:02:14.303 [info] > git for-each-ref --format=%(refname)%00%(upstream:short)%00%(objectname)%00%(upstream:track)%00%(upstream:remotename)%00%(upstream:remoteref) refs/heads/master refs/remotes/master [2ms]
2022-12-09 20:02:14.342 [info] > git for-each-ref --sort -committerdate --format %(refname) %(objectname) %(*objectname) [2ms]
2022-12-09 20:02:14.342 [info] > git status -z -uall [20ms]
2022-12-09 20:02:45.155 [info] > git config --get commit.template [13ms]
2022-12-09 20:02:45.156 [info] > git for-each-ref --format=%(refname)%00%(upstream:short)%00%(objectname)%00%(upstream:track)%00%(upstream:remotename)%00%(upstream:remoteref) refs/heads/master refs/remotes/master [2ms]
2022-12-09 20:02:45.181 [info] > git status -z -uall [13ms]
2022-12-09 20:02:45.183 [info] > git for-each-ref --sort -committerdate --format %(refname) %(objectname) %(*objectname) [3ms]
2022-12-09 20:02:50.214 [info] > git config --get commit.template [15ms]
2022-12-09 20:02:50.215 [info] > git for-each-ref --format=%(refname)%00%(upstream:short)%00%(objectname)%00%(upstream:track)%00%(upstream:remotename)%00%(upstream:remoteref) refs/heads/master refs/remotes/master [2ms]
2022-12-09 20:02:50.244 [info] > git status -z -uall [14ms]
2022-12-09 20:02:50.246 [info] > git for-each-ref --sort -committerdate --format %(refname) %(objectname) %(*objectname) [2ms]
2022-12-09 20:02:55.271 [info] > git config --get commit.template [12ms]
2022-12-09 20:02:55.272 [info] > git for-each-ref --format=%(refname)%00%(upstream:short)%00%(objectname)%00%(upstream:track)%00%(upstream:remotename)%00%(upstream:remoteref) refs/heads/master refs/remotes/master [1ms]
2022-12-09 20:02:55.295 [info] > git status -z -uall [11ms]
2022-12-09 20:02:55.296 [info] > git for-each-ref --sort -committerdate --format %(refname) %(objectname) %(*objectname) [2ms]
2022-12-09 20:03:00.320 [info] > git config --get commit.template [11ms]
2022-12-09 20:03:00.321 [info] > git for-each-ref --format=%(refname)%00%(upstream:short)%00%(objectname)%00%(upstream:track)%00%(upstream:remotename)%00%(upstream:remoteref) refs/heads/master refs/remotes/master [1ms]
2022-12-09 20:03:00.344 [info] > git status -z -uall [11ms]
2022-12-09 20:03:00.346 [info] > git for-each-ref --sort -committerdate --format %(refname) %(objectname) %(*objectname) [1ms]
2022-12-09 20:03:05.374 [info] > git config --get commit.template [14ms]
2022-12-09 20:03:05.377 [info] > git for-each-ref --format=%(refname)%00%(upstream:short)%00%(objectname)%00%(upstream:track)%00%(upstream:remotename)%00%(upstream:remoteref) refs/heads/master refs/remotes/master [4ms]
2022-12-09 20:03:05.401 [info] > git status -z -uall [12ms]
2022-12-09 20:03:05.402 [info] > git for-each-ref --sort -committerdate --format %(refname) %(objectname) %(*objectname) [2ms]
2022-12-09 20:03:15.905 [info] > git config --get commit.template [12ms]
2022-12-09 20:03:15.906 [info] > git for-each-ref --format=%(refname)%00%(upstream:short)%00%(objectname)%00%(upstream:track)%00%(upstream:remotename)%00%(upstream:remoteref) refs/heads/master refs/remotes/master [2ms]
2022-12-09 20:03:15.930 [info] > git status -z -uall [13ms]
2022-12-09 20:03:15.932 [info] > git for-each-ref --sort -committerdate --format %(refname) %(objectname) %(*objectname) [3ms]
2022-12-09 20:03:21.507 [info] > git config --get commit.template [11ms]
2022-12-09 20:03:21.508 [info] > git for-each-ref --format=%(refname)%00%(upstream:short)%00%(objectname)%00%(upstream:track)%00%(upstream:remotename)%00%(upstream:remoteref) refs/heads/master refs/remotes/master [2ms]
2022-12-09 20:03:21.528 [info] > git status -z -uall [10ms]
2022-12-09 20:03:21.530 [info] > git for-each-ref --sort -committerdate --format %(refname) %(objectname) %(*objectname) [2ms]
2022-12-09 20:03:26.556 [info] > git config --get commit.template [11ms]
2022-12-09 20:03:26.557 [info] > git for-each-ref --format=%(refname)%00%(upstream:short)%00%(objectname)%00%(upstream:track)%00%(upstream:remotename)%00%(upstream:remoteref) refs/heads/master refs/remotes/master [2ms]
2022-12-09 20:03:26.576 [info] > git status -z -uall [8ms]
2022-12-09 20:03:26.577 [info] > git for-each-ref --sort -committerdate --format %(refname) %(objectname) %(*objectname) [1ms]
2022-12-09 20:03:34.263 [info] > git config --get commit.template [10ms]
2022-12-09 20:03:34.264 [info] > git for-each-ref --format=%(refname)%00%(upstream:short)%00%(objectname)%00%(upstream:track)%00%(upstream:remotename)%00%(upstream:remoteref) refs/heads/master refs/remotes/master [2ms]
2022-12-09 20:03:34.286 [info] > git status -z -uall [11ms]
2022-12-09 20:03:34.287 [info] > git for-each-ref --sort -committerdate --format %(refname) %(objectname) %(*objectname) [2ms]
2022-12-09 20:03:44.645 [info] > git config --get commit.template [13ms]
2022-12-09 20:03:44.645 [info] > git for-each-ref --format=%(refname)%00%(upstream:short)%00%(objectname)%00%(upstream:track)%00%(upstream:remotename)%00%(upstream:remoteref) refs/heads/master refs/remotes/master [1ms]
2022-12-09 20:03:44.669 [info] > git status -z -uall [13ms]
2022-12-09 20:03:44.671 [info] > git for-each-ref --sort -committerdate --format %(refname) %(objectname) %(*objectname) [2ms]
2022-12-09 20:03:49.702 [info] > git for-each-ref --format=%(refname)%00%(upstream:short)%00%(objectname)%00%(upstream:track)%00%(upstream:remotename)%00%(upstream:remoteref) refs/heads/master refs/remotes/master [1ms]
2022-12-09 20:03:49.702 [info] > git config --get commit.template [18ms]
2022-12-09 20:03:49.729 [info] > git status -z -uall [11ms]
2022-12-09 20:03:49.730 [info] > git for-each-ref --sort -committerdate --format %(refname) %(objectname) %(*objectname) [2ms]
2022-12-09 20:03:54.755 [info] > git config --get commit.template [12ms]
2022-12-09 20:03:54.756 [info] > git for-each-ref --format=%(refname)%00%(upstream:short)%00%(objectname)%00%(upstream:track)%00%(upstream:remotename)%00%(upstream:remoteref) refs/heads/master refs/remotes/master [2ms]
2022-12-09 20:03:54.777 [info] > git status -z -uall [11ms]
2022-12-09 20:03:54.778 [info] > git for-each-ref --sort -committerdate --format %(refname) %(objectname) %(*objectname) [2ms]
2022-12-09 20:03:59.806 [info] > git config --get commit.template [8ms]
2022-12-09 20:03:59.822 [info] > git for-each-ref --format=%(refname)%00%(upstream:short)%00%(objectname)%00%(upstream:track)%00%(upstream:remotename)%00%(upstream:remoteref) refs/heads/master refs/remotes/master [2ms]
2022-12-09 20:03:59.844 [info] > git status -z -uall [11ms]
2022-12-09 20:03:59.845 [info] > git for-each-ref --sort -committerdate --format %(refname) %(objectname) %(*objectname) [2ms]
2022-12-09 20:04:05.791 [info] > git config --get commit.template [10ms]
2022-12-09 20:04:05.792 [info] > git for-each-ref --format=%(refname)%00%(upstream:short)%00%(objectname)%00%(upstream:track)%00%(upstream:remotename)%00%(upstream:remoteref) refs/heads/master refs/remotes/master [2ms]
2022-12-09 20:04:05.825 [info] > git status -z -uall [15ms]
2022-12-09 20:04:05.826 [info] > git for-each-ref --sort -committerdate --format %(refname) %(objectname) %(*objectname) [2ms]
2022-12-09 20:04:10.855 [info] > git config --get commit.template [13ms]
2022-12-09 20:04:10.855 [info] > git for-each-ref --format=%(refname)%00%(upstream:short)%00%(objectname)%00%(upstream:track)%00%(upstream:remotename)%00%(upstream:remoteref) refs/heads/master refs/remotes/master [1ms]
2022-12-09 20:04:10.875 [info] > git status -z -uall [9ms]
2022-12-09 20:04:10.876 [info] > git for-each-ref --sort -committerdate --format %(refname) %(objectname) %(*objectname) [2ms]
2022-12-09 20:04:15.904 [info] > git config --get commit.template [13ms]
2022-12-09 20:04:15.904 [info] > git for-each-ref --format=%(refname)%00%(upstream:short)%00%(objectname)%00%(upstream:track)%00%(upstream:remotename)%00%(upstream:remoteref) refs/heads/master refs/remotes/master [1ms]
2022-12-09 20:04:15.928 [info] > git status -z -uall [12ms]
2022-12-09 20:04:15.929 [info] > git for-each-ref --sort -committerdate --format %(refname) %(objectname) %(*objectname) [2ms]
2022-12-09 20:04:20.958 [info] > git config --get commit.template [14ms]
2022-12-09 20:04:20.959 [info] > git for-each-ref --format=%(refname)%00%(upstream:short)%00%(objectname)%00%(upstream:track)%00%(upstream:remotename)%00%(upstream:remoteref) refs/heads/master refs/remotes/master [2ms]
2022-12-09 20:04:20.983 [info] > git status -z -uall [13ms]
2022-12-09 20:04:20.984 [info] > git for-each-ref --sort -committerdate --format %(refname) %(objectname) %(*objectname) [2ms]
2022-12-09 20:04:42.397 [info] > git config --get commit.template [13ms]
2022-12-09 20:04:42.398 [info] > git for-each-ref --format=%(refname)%00%(upstream:short)%00%(objectname)%00%(upstream:track)%00%(upstream:remotename)%00%(upstream:remoteref) refs/heads/master refs/remotes/master [2ms]
2022-12-09 20:04:42.422 [info] > git status -z -uall [12ms]
2022-12-09 20:04:42.423 [info] > git for-each-ref --sort -committerdate --format %(refname) %(objectname) %(*objectname) [2ms]
2022-12-09 20:04:47.454 [info] > git config --get commit.template [14ms]
2022-12-09 20:04:47.456 [info] > git for-each-ref --format=%(refname)%00%(upstream:short)%00%(objectname)%00%(upstream:track)%00%(upstream:remotename)%00%(upstream:remoteref) refs/heads/master refs/remotes/master [3ms]
2022-12-09 20:04:47.480 [info] > git status -z -uall [12ms]
2022-12-09 20:04:47.481 [info] > git for-each-ref --sort -committerdate --format %(refname) %(objectname) %(*objectname) [3ms]
2022-12-09 20:04:52.513 [info] > git config --get commit.template [15ms]
2022-12-09 20:04:52.514 [info] > git for-each-ref --format=%(refname)%00%(upstream:short)%00%(objectname)%00%(upstream:track)%00%(upstream:remotename)%00%(upstream:remoteref) refs/heads/master refs/remotes/master [2ms]
2022-12-09 20:04:52.538 [info] > git status -z -uall [12ms]
2022-12-09 20:04:52.539 [info] > git for-each-ref --sort -committerdate --format %(refname) %(objectname) %(*objectname) [1ms]
2022-12-09 20:05:04.742 [info] > git config --get commit.template [10ms]
2022-12-09 20:05:04.742 [info] > git for-each-ref --format=%(refname)%00%(upstream:short)%00%(objectname)%00%(upstream:track)%00%(upstream:remotename)%00%(upstream:remoteref) refs/heads/master refs/remotes/master [1ms]
2022-12-09 20:05:04.758 [info] > git for-each-ref --sort -committerdate --format %(refname) %(objectname) %(*objectname) [2ms]
2022-12-09 20:05:04.759 [info] > git status -z -uall [9ms]
2022-12-09 20:05:09.787 [info] > git config --get commit.template [13ms]
2022-12-09 20:05:09.788 [info] > git for-each-ref --format=%(refname)%00%(upstream:short)%00%(objectname)%00%(upstream:track)%00%(upstream:remotename)%00%(upstream:remoteref) refs/heads/master refs/remotes/master [2ms]
2022-12-09 20:05:09.811 [info] > git status -z -uall [9ms]
2022-12-09 20:05:09.812 [info] > git for-each-ref --sort -committerdate --format %(refname) %(objectname) %(*objectname) [1ms]
2022-12-09 20:05:21.703 [info] > git config --get commit.template [15ms]
2022-12-09 20:05:21.704 [info] > git for-each-ref --format=%(refname)%00%(upstream:short)%00%(objectname)%00%(upstream:track)%00%(upstream:remotename)%00%(upstream:remoteref) refs/heads/master refs/remotes/master [1ms]
2022-12-09 20:05:21.727 [info] > git status -z -uall [11ms]
2022-12-09 20:05:21.728 [info] > git for-each-ref --sort -committerdate --format %(refname) %(objectname) %(*objectname) [2ms]
2022-12-09 20:05:26.761 [info] > git config --get commit.template [12ms]
2022-12-09 20:05:26.762 [info] > git for-each-ref --format=%(refname)%00%(upstream:short)%00%(objectname)%00%(upstream:track)%00%(upstream:remotename)%00%(upstream:remoteref) refs/heads/master refs/remotes/master [2ms]
2022-12-09 20:05:26.781 [info] > git status -z -uall [9ms]
2022-12-09 20:05:26.781 [info] > git for-each-ref --sort -committerdate --format %(refname) %(objectname) %(*objectname) [1ms]
2022-12-09 20:05:33.327 [info] > git config --get commit.template [13ms]
2022-12-09 20:05:33.328 [info] > git for-each-ref --format=%(refname)%00%(upstream:short)%00%(objectname)%00%(upstream:track)%00%(upstream:remotename)%00%(upstream:remoteref) refs/heads/master refs/remotes/master [2ms]
2022-12-09 20:05:33.351 [info] > git status -z -uall [11ms]
2022-12-09 20:05:33.353 [info] > git for-each-ref --sort -committerdate --format %(refname) %(objectname) %(*objectname) [2ms]
2022-12-09 20:05:56.375 [info] > git config --get commit.template [1ms]
2022-12-09 20:05:56.387 [info] > git for-each-ref --format=%(refname)%00%(upstream:short)%00%(objectname)%00%(upstream:track)%00%(upstream:remotename)%00%(upstream:remoteref) refs/heads/master refs/remotes/master [2ms]
2022-12-09 20:05:56.410 [info] > git status -z -uall [12ms]
2022-12-09 20:05:56.411 [info] > git for-each-ref --sort -committerdate --format %(refname) %(objectname) %(*objectname) [1ms]
2022-12-09 20:06:01.436 [info] > git config --get commit.template [10ms]
2022-12-09 20:06:01.437 [info] > git for-each-ref --format=%(refname)%00%(upstream:short)%00%(objectname)%00%(upstream:track)%00%(upstream:remotename)%00%(upstream:remoteref) refs/heads/master refs/remotes/master [2ms]
2022-12-09 20:06:01.453 [info] > git status -z -uall [8ms]
2022-12-09 20:06:01.455 [info] > git for-each-ref --sort -committerdate --format %(refname) %(objectname) %(*objectname) [3ms]
2022-12-09 20:06:06.479 [info] > git config --get commit.template [2ms]
2022-12-09 20:06:06.498 [info] > git for-each-ref --format=%(refname)%00%(upstream:short)%00%(objectname)%00%(upstream:track)%00%(upstream:remotename)%00%(upstream:remoteref) refs/heads/master refs/remotes/master [1ms]
2022-12-09 20:06:06.530 [info] > git status -z -uall [17ms]
2022-12-09 20:06:06.531 [info] > git for-each-ref --sort -committerdate --format %(refname) %(objectname) %(*objectname) [2ms]
2022-12-09 20:06:11.557 [info] > git config --get commit.template [11ms]
2022-12-09 20:06:11.558 [info] > git for-each-ref --format=%(refname)%00%(upstream:short)%00%(objectname)%00%(upstream:track)%00%(upstream:remotename)%00%(upstream:remoteref) refs/heads/master refs/remotes/master [1ms]
2022-12-09 20:06:11.582 [info] > git status -z -uall [13ms]
2022-12-09 20:06:11.582 [info] > git for-each-ref --sort -committerdate --format %(refname) %(objectname) %(*objectname) [1ms]
2022-12-09 20:06:16.609 [info] > git config --get commit.template [12ms]
2022-12-09 20:06:16.610 [info] > git for-each-ref --format=%(refname)%00%(upstream:short)%00%(objectname)%00%(upstream:track)%00%(upstream:remotename)%00%(upstream:remoteref) refs/heads/master refs/remotes/master [1ms]
2022-12-09 20:06:16.632 [info] > git status -z -uall [10ms]
2022-12-09 20:06:16.633 [info] > git for-each-ref --sort -committerdate --format %(refname) %(objectname) %(*objectname) [2ms]
2022-12-09 20:06:21.670 [info] > git config --get commit.template [19ms]
2022-12-09 20:06:21.671 [info] > git for-each-ref --format=%(refname)%00%(upstream:short)%00%(objectname)%00%(upstream:track)%00%(upstream:remotename)%00%(upstream:remoteref) refs/heads/master refs/remotes/master [2ms]
2022-12-09 20:06:21.705 [info] > git status -z -uall [22ms]
2022-12-09 20:06:21.705 [info] > git for-each-ref --sort -committerdate --format %(refname) %(objectname) %(*objectname) [1ms]
2022-12-09 20:06:26.770 [info] > git config --get commit.template [20ms]
2022-12-09 20:06:26.770 [info] > git for-each-ref --format=%(refname)%00%(upstream:short)%00%(objectname)%00%(upstream:track)%00%(upstream:remotename)%00%(upstream:remoteref) refs/heads/master refs/remotes/master [1ms]
2022-12-09 20:06:26.802 [info] > git status -z -uall [20ms]
2022-12-09 20:06:26.807 [info] > git for-each-ref --sort -committerdate --format %(refname) %(objectname) %(*objectname) [6ms]
2022-12-09 20:06:39.605 [info] > git config --get commit.template [14ms]
2022-12-09 20:06:39.605 [info] > git for-each-ref --format=%(refname)%00%(upstream:short)%00%(objectname)%00%(upstream:track)%00%(upstream:remotename)%00%(upstream:remoteref) refs/heads/master refs/remotes/master [1ms]
2022-12-09 20:06:39.631 [info] > git status -z -uall [13ms]
2022-12-09 20:06:39.632 [info] > git for-each-ref --sort -committerdate --format %(refname) %(objectname) %(*objectname) [2ms]
2022-12-09 20:06:46.506 [info] > git config --get commit.template [13ms]
2022-12-09 20:06:46.507 [info] > git for-each-ref --format=%(refname)%00%(upstream:short)%00%(objectname)%00%(upstream:track)%00%(upstream:remotename)%00%(upstream:remoteref) refs/heads/master refs/remotes/master [2ms]
2022-12-09 20:06:46.533 [info] > git status -z -uall [12ms]
2022-12-09 20:06:46.534 [info] > git for-each-ref --sort -committerdate --format %(refname) %(objectname) %(*objectname) [1ms]
