2022-12-08 19:29:48.469 [info] Log level: Info
2022-12-08 19:29:48.469 [info] Validating found git in: "git"
2022-12-08 19:29:48.469 [info] Using git "2.37.3" from "git"
2022-12-08 19:29:48.469 [info] > git rev-parse --show-toplevel [13ms]
2022-12-08 19:29:48.469 [info] > git rev-parse --git-dir --git-common-dir [8ms]
2022-12-08 19:29:48.469 [info] Open repository: /workspace/games
2022-12-08 19:29:48.469 [info] > git rev-parse --show-toplevel [12ms]
2022-12-08 19:29:48.469 [info] > git config --get commit.template [13ms]
2022-12-08 19:29:48.469 [info] > git rev-parse --show-toplevel [4ms]
2022-12-08 19:29:48.469 [info] > git for-each-ref --format=%(refname)%00%(upstream:short)%00%(objectname)%00%(upstream:track)%00%(upstream:remotename)%00%(upstream:remoteref) refs/heads/master refs/remotes/master [2ms]
2022-12-08 19:29:48.469 [info] > git status -z -uall [10ms]
2022-12-08 19:29:48.469 [info] > git for-each-ref --sort -committerdate --format %(refname) %(objectname) %(*objectname) [3ms]
2022-12-08 19:29:48.469 [info] > git config --get commit.template [16ms]
2022-12-08 19:29:48.470 [info] > git for-each-ref --format=%(refname)%00%(upstream:short)%00%(objectname)%00%(upstream:track)%00%(upstream:remotename)%00%(upstream:remoteref) refs/heads/master refs/remotes/master [7ms]
2022-12-08 19:29:48.470 [info] > git status -z -uall [9ms]
2022-12-08 19:29:48.470 [info] > git for-each-ref --sort -committerdate --format %(refname) %(objectname) %(*objectname) [2ms]
2022-12-08 19:29:48.470 [info] > git check-ignore -v -z --stdin [23ms]
2022-12-08 19:29:49.194 [info] > git check-ignore -v -z --stdin [16ms]
2022-12-08 19:29:49.343 [info] > git config --local branch.master.github-pr-owner-number [100ms]
2022-12-08 19:29:49.713 [info] > git show --textconv :tic_tac_toe/fogel.py [21ms]
2022-12-08 19:29:49.726 [info] > git ls-files --stage -- /workspace/games/tic_tac_toe/fogel.py [15ms]
2022-12-08 19:29:49.744 [info] > git cat-file -s f4da96e5fe89741694249e71a41a32130c4632ac [3ms]
2022-12-08 19:30:14.178 [info] > git config --get commit.template [12ms]
2022-12-08 19:30:14.178 [info] > git for-each-ref --format=%(refname)%00%(upstream:short)%00%(objectname)%00%(upstream:track)%00%(upstream:remotename)%00%(upstream:remoteref) refs/heads/master refs/remotes/master [2ms]
2022-12-08 19:30:14.203 [info] > git status -z -uall [13ms]
2022-12-08 19:30:14.204 [info] > git for-each-ref --sort -committerdate --format %(refname) %(objectname) %(*objectname) [3ms]
2022-12-08 19:30:20.720 [info] > git config --get commit.template [3ms]
2022-12-08 19:30:20.740 [info] > git for-each-ref --format=%(refname)%00%(upstream:short)%00%(objectname)%00%(upstream:track)%00%(upstream:remotename)%00%(upstream:remoteref) refs/heads/master refs/remotes/master [3ms]
2022-12-08 19:30:20.775 [info] > git status -z -uall [18ms]
2022-12-08 19:30:20.775 [info] > git for-each-ref --sort -committerdate --format %(refname) %(objectname) %(*objectname) [4ms]
2022-12-08 19:30:33.550 [info] > git config --get commit.template [12ms]
2022-12-08 19:30:33.551 [info] > git for-each-ref --format=%(refname)%00%(upstream:short)%00%(objectname)%00%(upstream:track)%00%(upstream:remotename)%00%(upstream:remoteref) refs/heads/master refs/remotes/master [3ms]
2022-12-08 19:30:33.578 [info] > git status -z -uall [14ms]
2022-12-08 19:30:33.580 [info] > git for-each-ref --sort -committerdate --format %(refname) %(objectname) %(*objectname) [2ms]
2022-12-08 19:30:40.617 [info] > git config --get commit.template [9ms]
2022-12-08 19:30:40.618 [info] > git for-each-ref --format=%(refname)%00%(upstream:short)%00%(objectname)%00%(upstream:track)%00%(upstream:remotename)%00%(upstream:remoteref) refs/heads/master refs/remotes/master [1ms]
2022-12-08 19:30:40.636 [info] > git for-each-ref --sort -committerdate --format %(refname) %(objectname) %(*objectname) [2ms]
2022-12-08 19:30:40.636 [info] > git status -z -uall [10ms]
2022-12-08 19:33:21.758 [info] > git config --get commit.template [13ms]
2022-12-08 19:33:21.759 [info] > git for-each-ref --format=%(refname)%00%(upstream:short)%00%(objectname)%00%(upstream:track)%00%(upstream:remotename)%00%(upstream:remoteref) refs/heads/master refs/remotes/master [2ms]
2022-12-08 19:33:21.785 [info] > git status -z -uall [12ms]
2022-12-08 19:33:21.786 [info] > git for-each-ref --sort -committerdate --format %(refname) %(objectname) %(*objectname) [2ms]
2022-12-08 19:33:33.198 [info] > git config --get commit.template [15ms]
2022-12-08 19:33:33.199 [info] > git for-each-ref --format=%(refname)%00%(upstream:short)%00%(objectname)%00%(upstream:track)%00%(upstream:remotename)%00%(upstream:remoteref) refs/heads/master refs/remotes/master [2ms]
2022-12-08 19:33:33.223 [info] > git status -z -uall [13ms]
2022-12-08 19:33:33.225 [info] > git for-each-ref --sort -committerdate --format %(refname) %(objectname) %(*objectname) [2ms]
2022-12-08 19:34:00.254 [info] > git config --get commit.template [10ms]
2022-12-08 19:34:00.255 [info] > git for-each-ref --format=%(refname)%00%(upstream:short)%00%(objectname)%00%(upstream:track)%00%(upstream:remotename)%00%(upstream:remoteref) refs/heads/master refs/remotes/master [2ms]
2022-12-08 19:34:00.272 [info] > git for-each-ref --sort -committerdate --format %(refname) %(objectname) %(*objectname) [1ms]
2022-12-08 19:34:00.272 [info] > git status -z -uall [8ms]
2022-12-08 19:34:15.989 [info] > git config --get commit.template [13ms]
2022-12-08 19:34:15.990 [info] > git for-each-ref --format=%(refname)%00%(upstream:short)%00%(objectname)%00%(upstream:track)%00%(upstream:remotename)%00%(upstream:remoteref) refs/heads/master refs/remotes/master [2ms]
2022-12-08 19:34:16.014 [info] > git status -z -uall [12ms]
2022-12-08 19:34:16.016 [info] > git for-each-ref --sort -committerdate --format %(refname) %(objectname) %(*objectname) [3ms]
2022-12-08 19:34:38.215 [info] > git config --get commit.template [11ms]
2022-12-08 19:34:38.216 [info] > git for-each-ref --format=%(refname)%00%(upstream:short)%00%(objectname)%00%(upstream:track)%00%(upstream:remotename)%00%(upstream:remoteref) refs/heads/master refs/remotes/master [2ms]
2022-12-08 19:34:38.236 [info] > git status -z -uall [10ms]
2022-12-08 19:34:38.238 [info] > git for-each-ref --sort -committerdate --format %(refname) %(objectname) %(*objectname) [3ms]
2022-12-08 19:36:07.958 [info] > git config --get commit.template [16ms]
2022-12-08 19:36:07.961 [info] > git for-each-ref --format=%(refname)%00%(upstream:short)%00%(objectname)%00%(upstream:track)%00%(upstream:remotename)%00%(upstream:remoteref) refs/heads/master refs/remotes/master [4ms]
2022-12-08 19:36:07.992 [info] > git status -z -uall [14ms]
2022-12-08 19:36:07.994 [info] > git for-each-ref --sort -committerdate --format %(refname) %(objectname) %(*objectname) [3ms]
2022-12-08 19:36:36.458 [info] > git config --get commit.template [12ms]
2022-12-08 19:36:36.459 [info] > git for-each-ref --format=%(refname)%00%(upstream:short)%00%(objectname)%00%(upstream:track)%00%(upstream:remotename)%00%(upstream:remoteref) refs/heads/master refs/remotes/master [2ms]
2022-12-08 19:36:36.479 [info] > git status -z -uall [9ms]
2022-12-08 19:36:36.480 [info] > git for-each-ref --sort -committerdate --format %(refname) %(objectname) %(*objectname) [2ms]
2022-12-08 19:36:39.496 [info] > git check-ignore -v -z --stdin [2ms]
2022-12-08 19:36:41.016 [info] > git show --textconv :tic_tac_toe/players/nn_player.py [16ms]
2022-12-08 19:36:41.018 [info] > git ls-files --stage -- /workspace/games/tic_tac_toe/players/nn_player.py [4ms]
2022-12-08 19:36:41.037 [info] > git cat-file -s c65c1230c9bb5a5861e75489f001ed1e8cfba1fe [3ms]
2022-12-08 19:37:45.083 [info] > git config --get commit.template [15ms]
2022-12-08 19:37:45.083 [info] > git for-each-ref --format=%(refname)%00%(upstream:short)%00%(objectname)%00%(upstream:track)%00%(upstream:remotename)%00%(upstream:remoteref) refs/heads/master refs/remotes/master [2ms]
2022-12-08 19:37:45.107 [info] > git status -z -uall [10ms]
2022-12-08 19:37:45.108 [info] > git for-each-ref --sort -committerdate --format %(refname) %(objectname) %(*objectname) [4ms]
2022-12-08 19:37:55.936 [info] > git config --get commit.template [17ms]
2022-12-08 19:37:55.936 [info] > git for-each-ref --format=%(refname)%00%(upstream:short)%00%(objectname)%00%(upstream:track)%00%(upstream:remotename)%00%(upstream:remoteref) refs/heads/master refs/remotes/master [2ms]
2022-12-08 19:37:55.968 [info] > git status -z -uall [17ms]
2022-12-08 19:37:55.969 [info] > git for-each-ref --sort -committerdate --format %(refname) %(objectname) %(*objectname) [2ms]
2022-12-08 19:38:00.999 [info] > git config --get commit.template [11ms]
2022-12-08 19:38:01.001 [info] > git for-each-ref --format=%(refname)%00%(upstream:short)%00%(objectname)%00%(upstream:track)%00%(upstream:remotename)%00%(upstream:remoteref) refs/heads/master refs/remotes/master [3ms]
2022-12-08 19:38:01.017 [info] > git status -z -uall [8ms]
2022-12-08 19:38:01.017 [info] > git for-each-ref --sort -committerdate --format %(refname) %(objectname) %(*objectname) [2ms]
2022-12-08 19:38:17.920 [info] > git config --get commit.template [9ms]
2022-12-08 19:38:17.921 [info] > git for-each-ref --format=%(refname)%00%(upstream:short)%00%(objectname)%00%(upstream:track)%00%(upstream:remotename)%00%(upstream:remoteref) refs/heads/master refs/remotes/master [1ms]
2022-12-08 19:38:17.939 [info] > git status -z -uall [10ms]
2022-12-08 19:38:17.940 [info] > git for-each-ref --sort -committerdate --format %(refname) %(objectname) %(*objectname) [1ms]
2022-12-08 19:38:25.766 [info] > git config --get commit.template [9ms]
2022-12-08 19:38:25.767 [info] > git for-each-ref --format=%(refname)%00%(upstream:short)%00%(objectname)%00%(upstream:track)%00%(upstream:remotename)%00%(upstream:remoteref) refs/heads/master refs/remotes/master [2ms]
2022-12-08 19:38:25.782 [info] > git status -z -uall [8ms]
2022-12-08 19:38:25.783 [info] > git for-each-ref --sort -committerdate --format %(refname) %(objectname) %(*objectname) [2ms]
2022-12-08 19:38:30.810 [info] > git config --get commit.template [9ms]
2022-12-08 19:38:30.810 [info] > git for-each-ref --format=%(refname)%00%(upstream:short)%00%(objectname)%00%(upstream:track)%00%(upstream:remotename)%00%(upstream:remoteref) refs/heads/master refs/remotes/master [1ms]
2022-12-08 19:38:30.825 [info] > git for-each-ref --sort -committerdate --format %(refname) %(objectname) %(*objectname) [1ms]
2022-12-08 19:38:30.825 [info] > git status -z -uall [7ms]
2022-12-08 19:38:52.752 [info] > git config --get commit.template [15ms]
2022-12-08 19:38:52.753 [info] > git for-each-ref --format=%(refname)%00%(upstream:short)%00%(objectname)%00%(upstream:track)%00%(upstream:remotename)%00%(upstream:remoteref) refs/heads/master refs/remotes/master [3ms]
2022-12-08 19:38:52.784 [info] > git status -z -uall [17ms]
2022-12-08 19:38:52.785 [info] > git for-each-ref --sort -committerdate --format %(refname) %(objectname) %(*objectname) [2ms]
2022-12-08 19:38:57.813 [info] > git config --get commit.template [10ms]
2022-12-08 19:38:57.814 [info] > git for-each-ref --format=%(refname)%00%(upstream:short)%00%(objectname)%00%(upstream:track)%00%(upstream:remotename)%00%(upstream:remoteref) refs/heads/master refs/remotes/master [1ms]
2022-12-08 19:38:57.830 [info] > git status -z -uall [8ms]
2022-12-08 19:38:57.830 [info] > git for-each-ref --sort -committerdate --format %(refname) %(objectname) %(*objectname) [2ms]
2022-12-08 19:39:02.863 [info] > git config --get commit.template [15ms]
2022-12-08 19:39:02.864 [info] > git for-each-ref --format=%(refname)%00%(upstream:short)%00%(objectname)%00%(upstream:track)%00%(upstream:remotename)%00%(upstream:remoteref) refs/heads/master refs/remotes/master [2ms]
2022-12-08 19:39:02.890 [info] > git status -z -uall [13ms]
2022-12-08 19:39:02.893 [info] > git for-each-ref --sort -committerdate --format %(refname) %(objectname) %(*objectname) [4ms]
2022-12-08 19:39:07.932 [info] > git config --get commit.template [17ms]
2022-12-08 19:39:07.933 [info] > git for-each-ref --format=%(refname)%00%(upstream:short)%00%(objectname)%00%(upstream:track)%00%(upstream:remotename)%00%(upstream:remoteref) refs/heads/master refs/remotes/master [3ms]
2022-12-08 19:39:07.964 [info] > git status -z -uall [15ms]
2022-12-08 19:39:07.965 [info] > git for-each-ref --sort -committerdate --format %(refname) %(objectname) %(*objectname) [2ms]
2022-12-08 19:39:14.805 [info] > git config --get commit.template [1ms]
2022-12-08 19:39:14.826 [info] > git for-each-ref --format=%(refname)%00%(upstream:short)%00%(objectname)%00%(upstream:track)%00%(upstream:remotename)%00%(upstream:remoteref) refs/heads/master refs/remotes/master [4ms]
2022-12-08 19:39:14.898 [info] > git for-each-ref --sort -committerdate --format %(refname) %(objectname) %(*objectname) [3ms]
2022-12-08 19:39:14.899 [info] > git status -z -uall [16ms]
2022-12-08 19:39:19.926 [info] > git config --get commit.template [10ms]
2022-12-08 19:39:19.926 [info] > git for-each-ref --format=%(refname)%00%(upstream:short)%00%(objectname)%00%(upstream:track)%00%(upstream:remotename)%00%(upstream:remoteref) refs/heads/master refs/remotes/master [1ms]
2022-12-08 19:39:19.944 [info] > git status -z -uall [10ms]
2022-12-08 19:39:19.946 [info] > git for-each-ref --sort -committerdate --format %(refname) %(objectname) %(*objectname) [2ms]
2022-12-08 19:39:29.622 [info] > git config --get commit.template [10ms]
2022-12-08 19:39:29.626 [info] > git for-each-ref --format=%(refname)%00%(upstream:short)%00%(objectname)%00%(upstream:track)%00%(upstream:remotename)%00%(upstream:remoteref) refs/heads/master refs/remotes/master [4ms]
2022-12-08 19:39:29.647 [info] > git status -z -uall [9ms]
2022-12-08 19:39:29.648 [info] > git for-each-ref --sort -committerdate --format %(refname) %(objectname) %(*objectname) [1ms]
2022-12-08 19:39:34.677 [info] > git config --get commit.template [11ms]
2022-12-08 19:39:34.678 [info] > git for-each-ref --format=%(refname)%00%(upstream:short)%00%(objectname)%00%(upstream:track)%00%(upstream:remotename)%00%(upstream:remoteref) refs/heads/master refs/remotes/master [2ms]
2022-12-08 19:39:34.697 [info] > git status -z -uall [12ms]
2022-12-08 19:39:34.699 [info] > git for-each-ref --sort -committerdate --format %(refname) %(objectname) %(*objectname) [3ms]
2022-12-08 19:39:56.198 [info] > git config --get commit.template [12ms]
2022-12-08 19:39:56.198 [info] > git for-each-ref --format=%(refname)%00%(upstream:short)%00%(objectname)%00%(upstream:track)%00%(upstream:remotename)%00%(upstream:remoteref) refs/heads/master refs/remotes/master [3ms]
2022-12-08 19:39:56.219 [info] > git status -z -uall [11ms]
2022-12-08 19:39:56.219 [info] > git for-each-ref --sort -committerdate --format %(refname) %(objectname) %(*objectname) [2ms]
2022-12-08 19:40:14.240 [info] > git config --get commit.template [9ms]
2022-12-08 19:40:14.242 [info] > git for-each-ref --format=%(refname)%00%(upstream:short)%00%(objectname)%00%(upstream:track)%00%(upstream:remotename)%00%(upstream:remoteref) refs/heads/master refs/remotes/master [1ms]
2022-12-08 19:40:14.267 [info] > git status -z -uall [16ms]
2022-12-08 19:40:14.268 [info] > git for-each-ref --sort -committerdate --format %(refname) %(objectname) %(*objectname) [3ms]
2022-12-08 19:40:19.293 [info] > git config --get commit.template [2ms]
2022-12-08 19:40:19.317 [info] > git for-each-ref --format=%(refname)%00%(upstream:short)%00%(objectname)%00%(upstream:track)%00%(upstream:remotename)%00%(upstream:remoteref) refs/heads/master refs/remotes/master [1ms]
2022-12-08 19:40:19.361 [info] > git status -z -uall [25ms]
2022-12-08 19:40:19.363 [info] > git for-each-ref --sort -committerdate --format %(refname) %(objectname) %(*objectname) [5ms]
2022-12-08 19:42:07.290 [info] > git config --get commit.template [19ms]
2022-12-08 19:42:07.291 [info] > git for-each-ref --format=%(refname)%00%(upstream:short)%00%(objectname)%00%(upstream:track)%00%(upstream:remotename)%00%(upstream:remoteref) refs/heads/master refs/remotes/master [2ms]
2022-12-08 19:42:07.310 [info] > git status -z -uall [9ms]
2022-12-08 19:42:07.311 [info] > git for-each-ref --sort -committerdate --format %(refname) %(objectname) %(*objectname) [1ms]
2022-12-08 19:42:12.344 [info] > git config --get commit.template [13ms]
2022-12-08 19:42:12.345 [info] > git for-each-ref --format=%(refname)%00%(upstream:short)%00%(objectname)%00%(upstream:track)%00%(upstream:remotename)%00%(upstream:remoteref) refs/heads/master refs/remotes/master [2ms]
2022-12-08 19:42:12.374 [info] > git status -z -uall [16ms]
2022-12-08 19:42:12.376 [info] > git for-each-ref --sort -committerdate --format %(refname) %(objectname) %(*objectname) [3ms]
2022-12-08 19:42:21.374 [info] > git config --get commit.template [13ms]
2022-12-08 19:42:21.375 [info] > git for-each-ref --format=%(refname)%00%(upstream:short)%00%(objectname)%00%(upstream:track)%00%(upstream:remotename)%00%(upstream:remoteref) refs/heads/master refs/remotes/master [2ms]
2022-12-08 19:42:21.402 [info] > git status -z -uall [14ms]
2022-12-08 19:42:21.404 [info] > git for-each-ref --sort -committerdate --format %(refname) %(objectname) %(*objectname) [4ms]
2022-12-08 19:42:26.431 [info] > git config --get commit.template [10ms]
2022-12-08 19:42:26.432 [info] > git for-each-ref --format=%(refname)%00%(upstream:short)%00%(objectname)%00%(upstream:track)%00%(upstream:remotename)%00%(upstream:remoteref) refs/heads/master refs/remotes/master [1ms]
2022-12-08 19:42:26.447 [info] > git status -z -uall [8ms]
2022-12-08 19:42:26.448 [info] > git for-each-ref --sort -committerdate --format %(refname) %(objectname) %(*objectname) [2ms]
2022-12-08 19:43:22.713 [info] > git config --get commit.template [19ms]
2022-12-08 19:43:22.713 [info] > git for-each-ref --format=%(refname)%00%(upstream:short)%00%(objectname)%00%(upstream:track)%00%(upstream:remotename)%00%(upstream:remoteref) refs/heads/master refs/remotes/master [2ms]
2022-12-08 19:43:22.745 [info] > git status -z -uall [16ms]
2022-12-08 19:43:22.748 [info] > git for-each-ref --sort -committerdate --format %(refname) %(objectname) %(*objectname) [4ms]
2022-12-08 19:43:28.579 [info] > git config --get commit.template [4ms]
2022-12-08 19:43:28.603 [info] > git for-each-ref --format=%(refname)%00%(upstream:short)%00%(objectname)%00%(upstream:track)%00%(upstream:remotename)%00%(upstream:remoteref) refs/heads/master refs/remotes/master [1ms]
2022-12-08 19:43:28.652 [info] > git status -z -uall [26ms]
2022-12-08 19:43:28.655 [info] > git for-each-ref --sort -committerdate --format %(refname) %(objectname) %(*objectname) [5ms]
2022-12-08 19:43:39.601 [info] > git config --get commit.template [24ms]
2022-12-08 19:43:39.603 [info] > git for-each-ref --format=%(refname)%00%(upstream:short)%00%(objectname)%00%(upstream:track)%00%(upstream:remotename)%00%(upstream:remoteref) refs/heads/master refs/remotes/master [3ms]
2022-12-08 19:43:39.642 [info] > git status -z -uall [19ms]
2022-12-08 19:43:39.644 [info] > git for-each-ref --sort -committerdate --format %(refname) %(objectname) %(*objectname) [3ms]
2022-12-08 19:43:44.676 [info] > git config --get commit.template [13ms]
2022-12-08 19:43:44.677 [info] > git for-each-ref --format=%(refname)%00%(upstream:short)%00%(objectname)%00%(upstream:track)%00%(upstream:remotename)%00%(upstream:remoteref) refs/heads/master refs/remotes/master [2ms]
2022-12-08 19:43:44.705 [info] > git status -z -uall [14ms]
2022-12-08 19:43:44.706 [info] > git for-each-ref --sort -committerdate --format %(refname) %(objectname) %(*objectname) [2ms]
2022-12-08 19:43:54.573 [info] > git config --get commit.template [9ms]
2022-12-08 19:43:54.573 [info] > git for-each-ref --format=%(refname)%00%(upstream:short)%00%(objectname)%00%(upstream:track)%00%(upstream:remotename)%00%(upstream:remoteref) refs/heads/master refs/remotes/master [1ms]
2022-12-08 19:43:54.597 [info] > git status -z -uall [14ms]
2022-12-08 19:43:54.598 [info] > git for-each-ref --sort -committerdate --format %(refname) %(objectname) %(*objectname) [2ms]
2022-12-08 19:43:59.634 [info] > git config --get commit.template [17ms]
2022-12-08 19:43:59.635 [info] > git for-each-ref --format=%(refname)%00%(upstream:short)%00%(objectname)%00%(upstream:track)%00%(upstream:remotename)%00%(upstream:remoteref) refs/heads/master refs/remotes/master [2ms]
2022-12-08 19:43:59.665 [info] > git status -z -uall [16ms]
2022-12-08 19:43:59.667 [info] > git for-each-ref --sort -committerdate --format %(refname) %(objectname) %(*objectname) [2ms]
2022-12-08 19:44:10.476 [info] > git config --get commit.template [2ms]
2022-12-08 19:44:10.491 [info] > git for-each-ref --format=%(refname)%00%(upstream:short)%00%(objectname)%00%(upstream:track)%00%(upstream:remotename)%00%(upstream:remoteref) refs/heads/master refs/remotes/master [1ms]
2022-12-08 19:44:10.518 [info] > git status -z -uall [14ms]
2022-12-08 19:44:10.519 [info] > git for-each-ref --sort -committerdate --format %(refname) %(objectname) %(*objectname) [2ms]
2022-12-08 19:44:15.545 [info] > git for-each-ref --format=%(refname)%00%(upstream:short)%00%(objectname)%00%(upstream:track)%00%(upstream:remotename)%00%(upstream:remoteref) refs/heads/master refs/remotes/master [1ms]
2022-12-08 19:44:15.546 [info] > git config --get commit.template [11ms]
2022-12-08 19:44:15.561 [info] > git status -z -uall [8ms]
2022-12-08 19:44:15.561 [info] > git for-each-ref --sort -committerdate --format %(refname) %(objectname) %(*objectname) [1ms]
2022-12-08 19:44:20.591 [info] > git config --get commit.template [10ms]
2022-12-08 19:44:20.591 [info] > git for-each-ref --format=%(refname)%00%(upstream:short)%00%(objectname)%00%(upstream:track)%00%(upstream:remotename)%00%(upstream:remoteref) refs/heads/master refs/remotes/master [1ms]
2022-12-08 19:44:20.608 [info] > git status -z -uall [9ms]
2022-12-08 19:44:20.609 [info] > git for-each-ref --sort -committerdate --format %(refname) %(objectname) %(*objectname) [1ms]
2022-12-08 19:44:25.638 [info] > git config --get commit.template [11ms]
2022-12-08 19:44:25.639 [info] > git for-each-ref --format=%(refname)%00%(upstream:short)%00%(objectname)%00%(upstream:track)%00%(upstream:remotename)%00%(upstream:remoteref) refs/heads/master refs/remotes/master [1ms]
2022-12-08 19:44:25.664 [info] > git status -z -uall [14ms]
2022-12-08 19:44:25.665 [info] > git for-each-ref --sort -committerdate --format %(refname) %(objectname) %(*objectname) [1ms]
2022-12-08 19:44:38.502 [info] > git config --get commit.template [11ms]
2022-12-08 19:44:38.503 [info] > git for-each-ref --format=%(refname)%00%(upstream:short)%00%(objectname)%00%(upstream:track)%00%(upstream:remotename)%00%(upstream:remoteref) refs/heads/master refs/remotes/master [2ms]
2022-12-08 19:44:38.536 [info] > git status -z -uall [18ms]
2022-12-08 19:44:38.537 [info] > git for-each-ref --sort -committerdate --format %(refname) %(objectname) %(*objectname) [2ms]
2022-12-08 19:44:55.489 [info] > git config --get commit.template [18ms]
2022-12-08 19:44:55.489 [info] > git for-each-ref --format=%(refname)%00%(upstream:short)%00%(objectname)%00%(upstream:track)%00%(upstream:remotename)%00%(upstream:remoteref) refs/heads/master refs/remotes/master [2ms]
2022-12-08 19:44:55.523 [info] > git status -z -uall [17ms]
2022-12-08 19:44:55.524 [info] > git for-each-ref --sort -committerdate --format %(refname) %(objectname) %(*objectname) [3ms]
2022-12-08 19:45:00.567 [info] > git config --get commit.template [18ms]
2022-12-08 19:45:00.569 [info] > git for-each-ref --format=%(refname)%00%(upstream:short)%00%(objectname)%00%(upstream:track)%00%(upstream:remotename)%00%(upstream:remoteref) refs/heads/master refs/remotes/master [3ms]
2022-12-08 19:45:00.608 [info] > git status -z -uall [21ms]
2022-12-08 19:45:00.615 [info] > git for-each-ref --sort -committerdate --format %(refname) %(objectname) %(*objectname) [9ms]
2022-12-08 19:45:05.709 [info] > git config --get commit.template [14ms]
2022-12-08 19:45:05.710 [info] > git for-each-ref --format=%(refname)%00%(upstream:short)%00%(objectname)%00%(upstream:track)%00%(upstream:remotename)%00%(upstream:remoteref) refs/heads/master refs/remotes/master [2ms]
2022-12-08 19:45:05.730 [info] > git status -z -uall [10ms]
2022-12-08 19:45:05.732 [info] > git for-each-ref --sort -committerdate --format %(refname) %(objectname) %(*objectname) [2ms]
2022-12-08 19:45:10.762 [info] > git config --get commit.template [12ms]
2022-12-08 19:45:10.762 [info] > git for-each-ref --format=%(refname)%00%(upstream:short)%00%(objectname)%00%(upstream:track)%00%(upstream:remotename)%00%(upstream:remoteref) refs/heads/master refs/remotes/master [1ms]
2022-12-08 19:45:10.789 [info] > git status -z -uall [15ms]
2022-12-08 19:45:10.791 [info] > git for-each-ref --sort -committerdate --format %(refname) %(objectname) %(*objectname) [4ms]
2022-12-08 19:45:16.427 [info] > git config --get commit.template [2ms]
2022-12-08 19:45:16.456 [info] > git for-each-ref --format=%(refname)%00%(upstream:short)%00%(objectname)%00%(upstream:track)%00%(upstream:remotename)%00%(upstream:remoteref) refs/heads/master refs/remotes/master [3ms]
2022-12-08 19:45:16.505 [info] > git status -z -uall [25ms]
2022-12-08 19:45:16.508 [info] > git for-each-ref --sort -committerdate --format %(refname) %(objectname) %(*objectname) [5ms]
2022-12-08 19:45:21.545 [info] > git config --get commit.template [13ms]
2022-12-08 19:45:21.546 [info] > git for-each-ref --format=%(refname)%00%(upstream:short)%00%(objectname)%00%(upstream:track)%00%(upstream:remotename)%00%(upstream:remoteref) refs/heads/master refs/remotes/master [2ms]
2022-12-08 19:45:21.578 [info] > git status -z -uall [18ms]
2022-12-08 19:45:21.579 [info] > git for-each-ref --sort -committerdate --format %(refname) %(objectname) %(*objectname) [3ms]
2022-12-08 19:45:26.613 [info] > git config --get commit.template [13ms]
2022-12-08 19:45:26.614 [info] > git for-each-ref --format=%(refname)%00%(upstream:short)%00%(objectname)%00%(upstream:track)%00%(upstream:remotename)%00%(upstream:remoteref) refs/heads/master refs/remotes/master [2ms]
2022-12-08 19:45:26.635 [info] > git status -z -uall [10ms]
2022-12-08 19:45:26.636 [info] > git for-each-ref --sort -committerdate --format %(refname) %(objectname) %(*objectname) [2ms]
2022-12-08 19:45:31.801 [info] > git config --get commit.template [13ms]
2022-12-08 19:45:31.802 [info] > git for-each-ref --format=%(refname)%00%(upstream:short)%00%(objectname)%00%(upstream:track)%00%(upstream:remotename)%00%(upstream:remoteref) refs/heads/master refs/remotes/master [1ms]
2022-12-08 19:45:31.827 [info] > git status -z -uall [11ms]
2022-12-08 19:45:31.828 [info] > git for-each-ref --sort -committerdate --format %(refname) %(objectname) %(*objectname) [2ms]
2022-12-08 19:45:51.092 [info] > git config --get commit.template [10ms]
2022-12-08 19:45:51.092 [info] > git for-each-ref --format=%(refname)%00%(upstream:short)%00%(objectname)%00%(upstream:track)%00%(upstream:remotename)%00%(upstream:remoteref) refs/heads/master refs/remotes/master [1ms]
2022-12-08 19:45:51.108 [info] > git status -z -uall [7ms]
2022-12-08 19:45:51.110 [info] > git for-each-ref --sort -committerdate --format %(refname) %(objectname) %(*objectname) [3ms]
2022-12-08 19:46:17.000 [info] > git config --get commit.template [17ms]
2022-12-08 19:46:17.001 [info] > git for-each-ref --format=%(refname)%00%(upstream:short)%00%(objectname)%00%(upstream:track)%00%(upstream:remotename)%00%(upstream:remoteref) refs/heads/master refs/remotes/master [3ms]
2022-12-08 19:46:17.037 [info] > git status -z -uall [19ms]
2022-12-08 19:46:17.038 [info] > git for-each-ref --sort -committerdate --format %(refname) %(objectname) %(*objectname) [2ms]
2022-12-08 19:46:22.080 [info] > git config --get commit.template [17ms]
2022-12-08 19:46:22.081 [info] > git for-each-ref --format=%(refname)%00%(upstream:short)%00%(objectname)%00%(upstream:track)%00%(upstream:remotename)%00%(upstream:remoteref) refs/heads/master refs/remotes/master [2ms]
2022-12-08 19:46:22.112 [info] > git status -z -uall [18ms]
2022-12-08 19:46:22.114 [info] > git for-each-ref --sort -committerdate --format %(refname) %(objectname) %(*objectname) [2ms]
2022-12-08 19:46:27.150 [info] > git config --get commit.template [16ms]
2022-12-08 19:46:27.151 [info] > git for-each-ref --format=%(refname)%00%(upstream:short)%00%(objectname)%00%(upstream:track)%00%(upstream:remotename)%00%(upstream:remoteref) refs/heads/master refs/remotes/master [3ms]
2022-12-08 19:46:27.181 [info] > git status -z -uall [15ms]
2022-12-08 19:46:27.184 [info] > git for-each-ref --sort -committerdate --format %(refname) %(objectname) %(*objectname) [3ms]
2022-12-08 19:46:39.555 [info] > git config --get commit.template [12ms]
2022-12-08 19:46:39.556 [info] > git for-each-ref --format=%(refname)%00%(upstream:short)%00%(objectname)%00%(upstream:track)%00%(upstream:remotename)%00%(upstream:remoteref) refs/heads/master refs/remotes/master [1ms]
2022-12-08 19:46:39.589 [info] > git status -z -uall [18ms]
2022-12-08 19:46:39.591 [info] > git for-each-ref --sort -committerdate --format %(refname) %(objectname) %(*objectname) [2ms]
2022-12-08 19:46:44.612 [info] > git config --get commit.template [3ms]
2022-12-08 19:46:44.627 [info] > git for-each-ref --format=%(refname)%00%(upstream:short)%00%(objectname)%00%(upstream:track)%00%(upstream:remotename)%00%(upstream:remoteref) refs/heads/master refs/remotes/master [2ms]
2022-12-08 19:46:44.675 [info] > git status -z -uall [37ms]
2022-12-08 19:46:44.676 [info] > git for-each-ref --sort -committerdate --format %(refname) %(objectname) %(*objectname) [3ms]
2022-12-08 19:46:49.708 [info] > git config --get commit.template [14ms]
2022-12-08 19:46:49.709 [info] > git for-each-ref --format=%(refname)%00%(upstream:short)%00%(objectname)%00%(upstream:track)%00%(upstream:remotename)%00%(upstream:remoteref) refs/heads/master refs/remotes/master [2ms]
2022-12-08 19:46:49.733 [info] > git status -z -uall [12ms]
2022-12-08 19:46:49.735 [info] > git for-each-ref --sort -committerdate --format %(refname) %(objectname) %(*objectname) [1ms]
2022-12-08 19:46:54.765 [info] > git config --get commit.template [14ms]
2022-12-08 19:46:54.766 [info] > git for-each-ref --format=%(refname)%00%(upstream:short)%00%(objectname)%00%(upstream:track)%00%(upstream:remotename)%00%(upstream:remoteref) refs/heads/master refs/remotes/master [2ms]
2022-12-08 19:46:54.791 [info] > git status -z -uall [13ms]
2022-12-08 19:46:54.792 [info] > git for-each-ref --sort -committerdate --format %(refname) %(objectname) %(*objectname) [2ms]
2022-12-08 19:46:59.825 [info] > git config --get commit.template [13ms]
2022-12-08 19:46:59.825 [info] > git for-each-ref --format=%(refname)%00%(upstream:short)%00%(objectname)%00%(upstream:track)%00%(upstream:remotename)%00%(upstream:remoteref) refs/heads/master refs/remotes/master [1ms]
2022-12-08 19:46:59.844 [info] > git status -z -uall [10ms]
2022-12-08 19:46:59.845 [info] > git for-each-ref --sort -committerdate --format %(refname) %(objectname) %(*objectname) [2ms]
2022-12-08 19:47:10.388 [info] > git config --get commit.template [16ms]
2022-12-08 19:47:10.389 [info] > git for-each-ref --format=%(refname)%00%(upstream:short)%00%(objectname)%00%(upstream:track)%00%(upstream:remotename)%00%(upstream:remoteref) refs/heads/master refs/remotes/master [2ms]
2022-12-08 19:47:10.412 [info] > git status -z -uall [11ms]
2022-12-08 19:47:10.413 [info] > git for-each-ref --sort -committerdate --format %(refname) %(objectname) %(*objectname) [2ms]
2022-12-08 19:47:15.440 [info] > git config --get commit.template [9ms]
2022-12-08 19:47:15.441 [info] > git for-each-ref --format=%(refname)%00%(upstream:short)%00%(objectname)%00%(upstream:track)%00%(upstream:remotename)%00%(upstream:remoteref) refs/heads/master refs/remotes/master [1ms]
2022-12-08 19:47:15.456 [info] > git for-each-ref --sort -committerdate --format %(refname) %(objectname) %(*objectname) [1ms]
2022-12-08 19:47:15.457 [info] > git status -z -uall [9ms]
2022-12-08 19:47:20.493 [info] > git config --get commit.template [16ms]
2022-12-08 19:47:20.494 [info] > git for-each-ref --format=%(refname)%00%(upstream:short)%00%(objectname)%00%(upstream:track)%00%(upstream:remotename)%00%(upstream:remoteref) refs/heads/master refs/remotes/master [2ms]
2022-12-08 19:47:20.527 [info] > git status -z -uall [20ms]
2022-12-08 19:47:20.530 [info] > git for-each-ref --sort -committerdate --format %(refname) %(objectname) %(*objectname) [4ms]
2022-12-08 19:47:25.549 [info] > git config --get commit.template [3ms]
2022-12-08 19:47:25.560 [info] > git for-each-ref --format=%(refname)%00%(upstream:short)%00%(objectname)%00%(upstream:track)%00%(upstream:remotename)%00%(upstream:remoteref) refs/heads/master refs/remotes/master [1ms]
2022-12-08 19:47:25.583 [info] > git status -z -uall [13ms]
2022-12-08 19:47:25.584 [info] > git for-each-ref --sort -committerdate --format %(refname) %(objectname) %(*objectname) [2ms]
2022-12-08 19:47:30.764 [info] > git config --get commit.template [10ms]
2022-12-08 19:47:30.765 [info] > git for-each-ref --format=%(refname)%00%(upstream:short)%00%(objectname)%00%(upstream:track)%00%(upstream:remotename)%00%(upstream:remoteref) refs/heads/master refs/remotes/master [1ms]
2022-12-08 19:47:30.788 [info] > git status -z -uall [15ms]
2022-12-08 19:47:30.790 [info] > git for-each-ref --sort -committerdate --format %(refname) %(objectname) %(*objectname) [2ms]
2022-12-08 19:47:35.818 [info] > git config --get commit.template [11ms]
2022-12-08 19:47:35.819 [info] > git for-each-ref --format=%(refname)%00%(upstream:short)%00%(objectname)%00%(upstream:track)%00%(upstream:remotename)%00%(upstream:remoteref) refs/heads/master refs/remotes/master [2ms]
2022-12-08 19:47:35.841 [info] > git status -z -uall [11ms]
2022-12-08 19:47:35.842 [info] > git for-each-ref --sort -committerdate --format %(refname) %(objectname) %(*objectname) [2ms]
2022-12-08 19:47:40.873 [info] > git config --get commit.template [11ms]
2022-12-08 19:47:40.873 [info] > git for-each-ref --format=%(refname)%00%(upstream:short)%00%(objectname)%00%(upstream:track)%00%(upstream:remotename)%00%(upstream:remoteref) refs/heads/master refs/remotes/master [2ms]
2022-12-08 19:47:40.893 [info] > git for-each-ref --sort -committerdate --format %(refname) %(objectname) %(*objectname) [2ms]
2022-12-08 19:47:40.895 [info] > git status -z -uall [11ms]
2022-12-08 19:47:45.928 [info] > git config --get commit.template [15ms]
2022-12-08 19:47:45.929 [info] > git for-each-ref --format=%(refname)%00%(upstream:short)%00%(objectname)%00%(upstream:track)%00%(upstream:remotename)%00%(upstream:remoteref) refs/heads/master refs/remotes/master [2ms]
2022-12-08 19:47:45.952 [info] > git for-each-ref --sort -committerdate --format %(refname) %(objectname) %(*objectname) [2ms]
2022-12-08 19:47:45.953 [info] > git status -z -uall [13ms]
2022-12-08 19:47:50.982 [info] > git config --get commit.template [11ms]
2022-12-08 19:47:50.984 [info] > git for-each-ref --format=%(refname)%00%(upstream:short)%00%(objectname)%00%(upstream:track)%00%(upstream:remotename)%00%(upstream:remoteref) refs/heads/master refs/remotes/master [2ms]
2022-12-08 19:47:51.003 [info] > git status -z -uall [9ms]
2022-12-08 19:47:51.004 [info] > git for-each-ref --sort -committerdate --format %(refname) %(objectname) %(*objectname) [2ms]
2022-12-08 19:48:02.382 [info] > git config --get commit.template [14ms]
2022-12-08 19:48:02.383 [info] > git for-each-ref --format=%(refname)%00%(upstream:short)%00%(objectname)%00%(upstream:track)%00%(upstream:remotename)%00%(upstream:remoteref) refs/heads/master refs/remotes/master [2ms]
2022-12-08 19:48:02.407 [info] > git status -z -uall [12ms]
2022-12-08 19:48:02.408 [info] > git for-each-ref --sort -committerdate --format %(refname) %(objectname) %(*objectname) [1ms]
2022-12-08 19:48:07.428 [info] > git config --get commit.template [3ms]
2022-12-08 19:48:07.446 [info] > git for-each-ref --format=%(refname)%00%(upstream:short)%00%(objectname)%00%(upstream:track)%00%(upstream:remotename)%00%(upstream:remoteref) refs/heads/master refs/remotes/master [2ms]
2022-12-08 19:48:07.478 [info] > git status -z -uall [17ms]
2022-12-08 19:48:07.479 [info] > git for-each-ref --sort -committerdate --format %(refname) %(objectname) %(*objectname) [2ms]
2022-12-08 19:48:16.740 [info] > git config --get commit.template [21ms]
2022-12-08 19:48:16.741 [info] > git for-each-ref --format=%(refname)%00%(upstream:short)%00%(objectname)%00%(upstream:track)%00%(upstream:remotename)%00%(upstream:remoteref) refs/heads/master refs/remotes/master [2ms]
2022-12-08 19:48:16.769 [info] > git status -z -uall [14ms]
2022-12-08 19:48:16.772 [info] > git for-each-ref --sort -committerdate --format %(refname) %(objectname) %(*objectname) [3ms]
2022-12-08 19:48:21.811 [info] > git config --get commit.template [18ms]
2022-12-08 19:48:21.812 [info] > git for-each-ref --format=%(refname)%00%(upstream:short)%00%(objectname)%00%(upstream:track)%00%(upstream:remotename)%00%(upstream:remoteref) refs/heads/master refs/remotes/master [2ms]
2022-12-08 19:48:21.844 [info] > git status -z -uall [16ms]
2022-12-08 19:48:21.846 [info] > git for-each-ref --sort -committerdate --format %(refname) %(objectname) %(*objectname) [3ms]
2022-12-08 19:48:26.872 [info] > git config --get commit.template [10ms]
2022-12-08 19:48:26.872 [info] > git for-each-ref --format=%(refname)%00%(upstream:short)%00%(objectname)%00%(upstream:track)%00%(upstream:remotename)%00%(upstream:remoteref) refs/heads/master refs/remotes/master [1ms]
2022-12-08 19:48:26.889 [info] > git status -z -uall [8ms]
2022-12-08 19:48:26.890 [info] > git for-each-ref --sort -committerdate --format %(refname) %(objectname) %(*objectname) [1ms]
2022-12-08 19:48:34.626 [info] > git for-each-ref --format=%(refname)%00%(upstream:short)%00%(objectname)%00%(upstream:track)%00%(upstream:remotename)%00%(upstream:remoteref) refs/heads/master refs/remotes/master [2ms]
2022-12-08 19:48:34.626 [info] > git config --get commit.template [39ms]
2022-12-08 19:48:34.797 [info] > git status -z -uall [68ms]
2022-12-08 19:48:34.798 [info] > git for-each-ref --sort -committerdate --format %(refname) %(objectname) %(*objectname) [21ms]
2022-12-08 19:48:39.842 [info] > git config --get commit.template [1ms]
2022-12-08 19:48:39.868 [info] > git for-each-ref --format=%(refname)%00%(upstream:short)%00%(objectname)%00%(upstream:track)%00%(upstream:remotename)%00%(upstream:remoteref) refs/heads/master refs/remotes/master [2ms]
2022-12-08 19:48:39.916 [info] > git status -z -uall [22ms]
2022-12-08 19:48:39.918 [info] > git for-each-ref --sort -committerdate --format %(refname) %(objectname) %(*objectname) [2ms]
2022-12-08 19:48:51.374 [info] > git config --get commit.template [8ms]
2022-12-08 19:48:51.374 [info] > git for-each-ref --format=%(refname)%00%(upstream:short)%00%(objectname)%00%(upstream:track)%00%(upstream:remotename)%00%(upstream:remoteref) refs/heads/master refs/remotes/master [1ms]
2022-12-08 19:48:51.389 [info] > git status -z -uall [8ms]
2022-12-08 19:48:51.390 [info] > git for-each-ref --sort -committerdate --format %(refname) %(objectname) %(*objectname) [2ms]
2022-12-08 19:48:56.417 [info] > git config --get commit.template [10ms]
2022-12-08 19:48:56.418 [info] > git for-each-ref --format=%(refname)%00%(upstream:short)%00%(objectname)%00%(upstream:track)%00%(upstream:remotename)%00%(upstream:remoteref) refs/heads/master refs/remotes/master [1ms]
2022-12-08 19:48:56.437 [info] > git for-each-ref --sort -committerdate --format %(refname) %(objectname) %(*objectname) [2ms]
2022-12-08 19:48:56.466 [info] > git status -z -uall [38ms]
2022-12-08 19:49:01.494 [info] > git config --get commit.template [13ms]
2022-12-08 19:49:01.495 [info] > git for-each-ref --format=%(refname)%00%(upstream:short)%00%(objectname)%00%(upstream:track)%00%(upstream:remotename)%00%(upstream:remoteref) refs/heads/master refs/remotes/master [2ms]
2022-12-08 19:49:01.516 [info] > git status -z -uall [10ms]
2022-12-08 19:49:01.517 [info] > git for-each-ref --sort -committerdate --format %(refname) %(objectname) %(*objectname) [1ms]
2022-12-08 19:49:06.539 [info] > git config --get commit.template [3ms]
2022-12-08 19:49:06.576 [info] > git for-each-ref --format=%(refname)%00%(upstream:short)%00%(objectname)%00%(upstream:track)%00%(upstream:remotename)%00%(upstream:remoteref) refs/heads/master refs/remotes/master [2ms]
2022-12-08 19:49:06.612 [info] > git status -z -uall [19ms]
2022-12-08 19:49:06.614 [info] > git for-each-ref --sort -committerdate --format %(refname) %(objectname) %(*objectname) [4ms]
2022-12-08 19:49:35.523 [info] > git config --get commit.template [17ms]
2022-12-08 19:49:35.525 [info] > git for-each-ref --format=%(refname)%00%(upstream:short)%00%(objectname)%00%(upstream:track)%00%(upstream:remotename)%00%(upstream:remoteref) refs/heads/master refs/remotes/master [1ms]
2022-12-08 19:49:35.554 [info] > git status -z -uall [16ms]
2022-12-08 19:49:35.555 [info] > git for-each-ref --sort -committerdate --format %(refname) %(objectname) %(*objectname) [2ms]
2022-12-08 19:50:50.592 [info] > git for-each-ref --format=%(refname)%00%(upstream:short)%00%(objectname)%00%(upstream:track)%00%(upstream:remotename)%00%(upstream:remoteref) refs/heads/master refs/remotes/master [3ms]
2022-12-08 19:50:50.592 [info] > git config --get commit.template [12ms]
2022-12-08 19:50:50.605 [info] > git for-each-ref --sort -committerdate --format %(refname) %(objectname) %(*objectname) [1ms]
2022-12-08 19:50:50.606 [info] > git status -z -uall [8ms]
2022-12-08 19:51:48.193 [info] > git for-each-ref --format=%(refname)%00%(upstream:short)%00%(objectname)%00%(upstream:track)%00%(upstream:remotename)%00%(upstream:remoteref) refs/heads/master refs/remotes/master [1ms]
2022-12-08 19:51:48.194 [info] > git config --get commit.template [28ms]
2022-12-08 19:51:48.224 [info] > git status -z -uall [9ms]
2022-12-08 19:51:48.225 [info] > git for-each-ref --sort -committerdate --format %(refname) %(objectname) %(*objectname) [1ms]
2022-12-08 19:52:24.693 [info] > git config --get commit.template [19ms]
2022-12-08 19:52:24.694 [info] > git for-each-ref --format=%(refname)%00%(upstream:short)%00%(objectname)%00%(upstream:track)%00%(upstream:remotename)%00%(upstream:remoteref) refs/heads/master refs/remotes/master [2ms]
2022-12-08 19:52:24.730 [info] > git status -z -uall [16ms]
2022-12-08 19:52:24.732 [info] > git for-each-ref --sort -committerdate --format %(refname) %(objectname) %(*objectname) [3ms]
2022-12-08 19:52:29.770 [info] > git config --get commit.template [16ms]
2022-12-08 19:52:29.773 [info] > git for-each-ref --format=%(refname)%00%(upstream:short)%00%(objectname)%00%(upstream:track)%00%(upstream:remotename)%00%(upstream:remoteref) refs/heads/master refs/remotes/master [4ms]
2022-12-08 19:52:29.819 [info] > git status -z -uall [20ms]
2022-12-08 19:52:29.820 [info] > git for-each-ref --sort -committerdate --format %(refname) %(objectname) %(*objectname) [2ms]
2022-12-08 19:56:15.293 [info] > git config --get commit.template [15ms]
2022-12-08 19:56:15.294 [info] > git for-each-ref --format=%(refname)%00%(upstream:short)%00%(objectname)%00%(upstream:track)%00%(upstream:remotename)%00%(upstream:remoteref) refs/heads/master refs/remotes/master [2ms]
2022-12-08 19:56:15.321 [info] > git status -z -uall [14ms]
2022-12-08 19:56:15.321 [info] > git for-each-ref --sort -committerdate --format %(refname) %(objectname) %(*objectname) [2ms]
2022-12-08 19:56:31.197 [info] > git config --get commit.template [15ms]
2022-12-08 19:56:31.198 [info] > git for-each-ref --format=%(refname)%00%(upstream:short)%00%(objectname)%00%(upstream:track)%00%(upstream:remotename)%00%(upstream:remoteref) refs/heads/master refs/remotes/master [1ms]
2022-12-08 19:56:31.229 [info] > git status -z -uall [18ms]
2022-12-08 19:56:31.233 [info] > git for-each-ref --sort -committerdate --format %(refname) %(objectname) %(*objectname) [4ms]
2022-12-08 20:00:09.221 [info] > git config --get commit.template [8ms]
2022-12-08 20:00:09.222 [info] > git for-each-ref --format=%(refname)%00%(upstream:short)%00%(objectname)%00%(upstream:track)%00%(upstream:remotename)%00%(upstream:remoteref) refs/heads/master refs/remotes/master [2ms]
2022-12-08 20:00:09.235 [info] > git for-each-ref --sort -committerdate --format %(refname) %(objectname) %(*objectname) [1ms]
2022-12-08 20:00:09.236 [info] > git status -z -uall [9ms]
2022-12-08 20:00:47.665 [info] > git config --get commit.template [9ms]
2022-12-08 20:00:47.666 [info] > git for-each-ref --format=%(refname)%00%(upstream:short)%00%(objectname)%00%(upstream:track)%00%(upstream:remotename)%00%(upstream:remoteref) refs/heads/master refs/remotes/master [2ms]
2022-12-08 20:00:47.686 [info] > git status -z -uall [11ms]
2022-12-08 20:00:47.688 [info] > git for-each-ref --sort -committerdate --format %(refname) %(objectname) %(*objectname) [2ms]
2022-12-08 20:03:50.034 [info] > git config --get commit.template [15ms]
2022-12-08 20:03:50.035 [info] > git for-each-ref --format=%(refname)%00%(upstream:short)%00%(objectname)%00%(upstream:track)%00%(upstream:remotename)%00%(upstream:remoteref) refs/heads/master refs/remotes/master [2ms]
2022-12-08 20:03:50.062 [info] > git status -z -uall [14ms]
2022-12-08 20:03:50.063 [info] > git for-each-ref --sort -committerdate --format %(refname) %(objectname) %(*objectname) [2ms]
2022-12-08 20:04:10.535 [info] > git config --get commit.template [11ms]
2022-12-08 20:04:10.536 [info] > git for-each-ref --format=%(refname)%00%(upstream:short)%00%(objectname)%00%(upstream:track)%00%(upstream:remotename)%00%(upstream:remoteref) refs/heads/master refs/remotes/master [2ms]
2022-12-08 20:04:10.562 [info] > git status -z -uall [16ms]
2022-12-08 20:04:10.564 [info] > git for-each-ref --sort -committerdate --format %(refname) %(objectname) %(*objectname) [3ms]
