2022-12-10 21:26:42.408 [info] Extension host with pid 697 started
2022-12-10 21:26:42.414 [error] Error: EEXIST: file already exists, open '/workspace/.vscode-remote/data/User/workspaceStorage/-3784a607/vscode.lock'
2022-12-10 21:26:42.419 [info] Lock '/workspace/.vscode-remote/data/User/workspaceStorage/-3784a607/vscode.lock': Could not acquire lock, checking if the file is stale.
2022-12-10 21:26:42.420 [info] Lock '/workspace/.vscode-remote/data/User/workspaceStorage/-3784a607/vscode.lock': The pid 692 appears to be gone.
2022-12-10 21:26:42.420 [info] Lock '/workspace/.vscode-remote/data/User/workspaceStorage/-3784a607/vscode.lock': Deleting a stale lock.
2022-12-10 21:26:42.423 [info] Lock '/workspace/.vscode-remote/data/User/workspaceStorage/-3784a607/vscode.lock': Lock acquired.
2022-12-10 21:26:42.505 [info] ExtensionService#_doActivateExtension gitpod.gitpod-web, startup: false, activationEvent: 'onAuthenticationRequest:gitpod'
2022-12-10 21:26:42.506 [info] ExtensionService#_doActivateExtension vscode.media-preview, startup: false, activationEvent: 'onCustomEditor:imagePreview.previewEditor'
2022-12-10 21:26:42.506 [info] ExtensionService#_doActivateExtension vscode.git-base, startup: true, activationEvent: '*', root cause: vscode.git
2022-12-10 21:26:42.837 [info] ExtensionService#_doActivateExtension vscode.git, startup: true, activationEvent: '*'
2022-12-10 21:26:42.837 [info] ExtensionService#_doActivateExtension vscode.github, startup: true, activationEvent: '*'
2022-12-10 21:26:43.388 [info] ExtensionService#_doActivateExtension vscode.debug-auto-launch, startup: false, activationEvent: 'onStartupFinished'
2022-12-10 21:26:43.388 [info] ExtensionService#_doActivateExtension vscode.emmet, startup: false, activationEvent: 'onStartupFinished'
2022-12-10 21:26:43.389 [info] ExtensionService#_doActivateExtension vscode.merge-conflict, startup: false, activationEvent: 'onStartupFinished'
2022-12-10 21:26:43.389 [info] ExtensionService#_doActivateExtension vscode.github-authentication, startup: false, activationEvent: 'onStartupFinished', root cause: GitHub.vscode-pull-request-github
2022-12-10 21:26:43.389 [info] Eager extensions activated
2022-12-10 21:26:43.468 [info] ExtensionService#_doActivateExtension redhat.vscode-yaml, startup: false, activationEvent: 'onLanguage:yaml'
2022-12-10 21:26:43.623 [info] ExtensionService#_doActivateExtension GitHub.vscode-pull-request-github, startup: false, activationEvent: 'onStartupFinished'
2022-12-10 21:26:44.128 [warning] [redhat.vscode-yaml] Accessing a resource scoped configuration without providing a resource is not expected. To get the effective value for '[yaml]', provide the URI of a resource or 'null' for any resource.
2022-12-10 21:26:44.129 [warning] [redhat.vscode-yaml] Accessing a resource scoped configuration without providing a resource is not expected. To get the effective value for '[yaml]', provide the URI of a resource or 'null' for any resource.
2022-12-10 21:26:44.509 [info] ExtensionService#_doActivateExtension vscode.configuration-editing, startup: false, activationEvent: 'onLanguage:jsonc'
2022-12-10 21:26:44.510 [info] ExtensionService#_doActivateExtension vscode.json-language-features, startup: false, activationEvent: 'onLanguage:jsonc'
2022-12-10 21:26:44.511 [info] ExtensionService#_doActivateExtension vscode.typescript-language-features, startup: false, activationEvent: 'onLanguage:jsonc'
