2022-12-08 22:10:37.172 [info] Log level: Info
2022-12-08 22:10:37.172 [info] Validating found git in: "git"
2022-12-08 22:10:37.172 [info] Using git "2.37.3" from "git"
2022-12-08 22:10:37.172 [info] > git rev-parse --show-toplevel [7ms]
2022-12-08 22:10:37.173 [info] > git rev-parse --git-dir --git-common-dir [5ms]
2022-12-08 22:10:37.173 [info] Open repository: /workspace/games
2022-12-08 22:10:37.173 [info] > git rev-parse --show-toplevel [8ms]
2022-12-08 22:10:37.173 [info] > git config --get commit.template [16ms]
2022-12-08 22:10:37.173 [info] > git rev-parse --show-toplevel [12ms]
2022-12-08 22:10:37.173 [info] > git for-each-ref --format=%(refname)%00%(upstream:short)%00%(objectname)%00%(upstream:track)%00%(upstream:remotename)%00%(upstream:remoteref) refs/heads/master refs/remotes/master [9ms]
2022-12-08 22:10:37.173 [info] > git rev-parse --show-toplevel [15ms]
2022-12-08 22:10:37.173 [info] > git status -z -uall [12ms]
2022-12-08 22:10:37.173 [info] > git for-each-ref --sort -committerdate --format %(refname) %(objectname) %(*objectname) [7ms]
2022-12-08 22:10:37.173 [info] > git config --get commit.template [24ms]
2022-12-08 22:10:37.173 [info] > git for-each-ref --format=%(refname)%00%(upstream:short)%00%(objectname)%00%(upstream:track)%00%(upstream:remotename)%00%(upstream:remoteref) refs/heads/master refs/remotes/master [6ms]
2022-12-08 22:10:37.173 [info] > git status -z -uall [12ms]
2022-12-08 22:10:37.173 [info] > git for-each-ref --sort -committerdate --format %(refname) %(objectname) %(*objectname) [5ms]
2022-12-08 22:10:37.173 [info] > git check-ignore -v -z --stdin [3ms]
2022-12-08 22:10:37.173 [info] > git show --textconv :tic_tac_toe/fogel.py [17ms]
2022-12-08 22:10:37.173 [info] > git ls-files --stage -- /workspace/games/tic_tac_toe/fogel.py [4ms]
2022-12-08 22:10:37.173 [info] > git cat-file -s f4da96e5fe89741694249e71a41a32130c4632ac [2ms]
2022-12-08 22:10:38.296 [info] > git config --local branch.master.github-pr-owner-number [110ms]
2022-12-08 22:10:56.288 [info] > git config --get commit.template [14ms]
2022-12-08 22:10:56.289 [info] > git for-each-ref --format=%(refname)%00%(upstream:short)%00%(objectname)%00%(upstream:track)%00%(upstream:remotename)%00%(upstream:remoteref) refs/heads/master refs/remotes/master [2ms]
2022-12-08 22:10:56.317 [info] > git status -z -uall [14ms]
2022-12-08 22:10:56.319 [info] > git for-each-ref --sort -committerdate --format %(refname) %(objectname) %(*objectname) [2ms]
2022-12-08 22:11:01.697 [info] > git config --get commit.template [20ms]
2022-12-08 22:11:01.698 [info] > git for-each-ref --format=%(refname)%00%(upstream:short)%00%(objectname)%00%(upstream:track)%00%(upstream:remotename)%00%(upstream:remoteref) refs/heads/master refs/remotes/master [2ms]
2022-12-08 22:11:01.736 [info] > git status -z -uall [20ms]
2022-12-08 22:11:01.739 [info] > git for-each-ref --sort -committerdate --format %(refname) %(objectname) %(*objectname) [3ms]
2022-12-08 22:11:06.763 [info] > git config --get commit.template [8ms]
2022-12-08 22:11:06.764 [info] > git for-each-ref --format=%(refname)%00%(upstream:short)%00%(objectname)%00%(upstream:track)%00%(upstream:remotename)%00%(upstream:remoteref) refs/heads/master refs/remotes/master [1ms]
2022-12-08 22:11:06.778 [info] > git status -z -uall [8ms]
2022-12-08 22:11:06.779 [info] > git for-each-ref --sort -committerdate --format %(refname) %(objectname) %(*objectname) [2ms]
2022-12-08 22:11:23.429 [info] > git config --get commit.template [17ms]
2022-12-08 22:11:23.430 [info] > git for-each-ref --format=%(refname)%00%(upstream:short)%00%(objectname)%00%(upstream:track)%00%(upstream:remotename)%00%(upstream:remoteref) refs/heads/master refs/remotes/master [2ms]
2022-12-08 22:11:23.461 [info] > git status -z -uall [15ms]
2022-12-08 22:11:23.463 [info] > git for-each-ref --sort -committerdate --format %(refname) %(objectname) %(*objectname) [2ms]
2022-12-08 22:11:29.262 [info] > git config --get commit.template [10ms]
2022-12-08 22:11:29.262 [info] > git for-each-ref --format=%(refname)%00%(upstream:short)%00%(objectname)%00%(upstream:track)%00%(upstream:remotename)%00%(upstream:remoteref) refs/heads/master refs/remotes/master [2ms]
2022-12-08 22:11:29.285 [info] > git status -z -uall [12ms]
2022-12-08 22:11:29.286 [info] > git for-each-ref --sort -committerdate --format %(refname) %(objectname) %(*objectname) [2ms]
2022-12-08 22:12:52.681 [info] > git config --get commit.template [7ms]
2022-12-08 22:12:52.681 [info] > git for-each-ref --format=%(refname)%00%(upstream:short)%00%(objectname)%00%(upstream:track)%00%(upstream:remotename)%00%(upstream:remoteref) refs/heads/master refs/remotes/master [2ms]
2022-12-08 22:12:52.698 [info] > git status -z -uall [10ms]
2022-12-08 22:12:52.700 [info] > git for-each-ref --sort -committerdate --format %(refname) %(objectname) %(*objectname) [2ms]
2022-12-08 22:12:57.737 [info] > git config --get commit.template [22ms]
2022-12-08 22:12:57.738 [info] > git for-each-ref --format=%(refname)%00%(upstream:short)%00%(objectname)%00%(upstream:track)%00%(upstream:remotename)%00%(upstream:remoteref) refs/heads/master refs/remotes/master [2ms]
2022-12-08 22:12:57.754 [info] > git for-each-ref --sort -committerdate --format %(refname) %(objectname) %(*objectname) [2ms]
2022-12-08 22:12:57.755 [info] > git status -z -uall [9ms]
2022-12-08 22:13:02.784 [info] > git config --get commit.template [13ms]
2022-12-08 22:13:02.785 [info] > git for-each-ref --format=%(refname)%00%(upstream:short)%00%(objectname)%00%(upstream:track)%00%(upstream:remotename)%00%(upstream:remoteref) refs/heads/master refs/remotes/master [1ms]
2022-12-08 22:13:02.800 [info] > git status -z -uall [8ms]
2022-12-08 22:13:02.800 [info] > git for-each-ref --sort -committerdate --format %(refname) %(objectname) %(*objectname) [1ms]
2022-12-08 22:15:23.547 [info] > git config --get commit.template [13ms]
2022-12-08 22:15:23.547 [info] > git for-each-ref --format=%(refname)%00%(upstream:short)%00%(objectname)%00%(upstream:track)%00%(upstream:remotename)%00%(upstream:remoteref) refs/heads/master refs/remotes/master [4ms]
2022-12-08 22:15:23.588 [info] > git status -z -uall [29ms]
2022-12-08 22:15:23.617 [info] > git for-each-ref --sort -committerdate --format %(refname) %(objectname) %(*objectname) [34ms]
2022-12-08 22:15:43.861 [info] > git config --get commit.template [16ms]
2022-12-08 22:15:43.862 [info] > git for-each-ref --format=%(refname)%00%(upstream:short)%00%(objectname)%00%(upstream:track)%00%(upstream:remotename)%00%(upstream:remoteref) refs/heads/master refs/remotes/master [2ms]
2022-12-08 22:15:43.897 [info] > git status -z -uall [20ms]
2022-12-08 22:15:43.899 [info] > git for-each-ref --sort -committerdate --format %(refname) %(objectname) %(*objectname) [4ms]
2022-12-08 22:15:57.243 [info] > git config --get commit.template [12ms]
2022-12-08 22:15:57.243 [info] > git for-each-ref --format=%(refname)%00%(upstream:short)%00%(objectname)%00%(upstream:track)%00%(upstream:remotename)%00%(upstream:remoteref) refs/heads/master refs/remotes/master [1ms]
2022-12-08 22:15:57.265 [info] > git status -z -uall [10ms]
2022-12-08 22:15:57.266 [info] > git for-each-ref --sort -committerdate --format %(refname) %(objectname) %(*objectname) [2ms]
2022-12-08 22:16:04.156 [info] > git config --get commit.template [11ms]
2022-12-08 22:16:04.156 [info] > git for-each-ref --format=%(refname)%00%(upstream:short)%00%(objectname)%00%(upstream:track)%00%(upstream:remotename)%00%(upstream:remoteref) refs/heads/master refs/remotes/master [1ms]
2022-12-08 22:16:04.175 [info] > git status -z -uall [9ms]
2022-12-08 22:16:04.177 [info] > git for-each-ref --sort -committerdate --format %(refname) %(objectname) %(*objectname) [2ms]
2022-12-08 22:16:11.310 [info] > git config --get commit.template [17ms]
2022-12-08 22:16:11.311 [info] > git for-each-ref --format=%(refname)%00%(upstream:short)%00%(objectname)%00%(upstream:track)%00%(upstream:remotename)%00%(upstream:remoteref) refs/heads/master refs/remotes/master [3ms]
2022-12-08 22:16:11.351 [info] > git status -z -uall [19ms]
2022-12-08 22:16:11.354 [info] > git for-each-ref --sort -committerdate --format %(refname) %(objectname) %(*objectname) [3ms]
2022-12-08 22:16:18.442 [info] > git config --get commit.template [21ms]
2022-12-08 22:16:18.444 [info] > git for-each-ref --format=%(refname)%00%(upstream:short)%00%(objectname)%00%(upstream:track)%00%(upstream:remotename)%00%(upstream:remoteref) refs/heads/master refs/remotes/master [2ms]
2022-12-08 22:16:18.474 [info] > git status -z -uall [14ms]
2022-12-08 22:16:18.497 [info] > git for-each-ref --sort -committerdate --format %(refname) %(objectname) %(*objectname) [23ms]
2022-12-08 22:16:25.918 [info] > git config --get commit.template [8ms]
2022-12-08 22:16:25.918 [info] > git for-each-ref --format=%(refname)%00%(upstream:short)%00%(objectname)%00%(upstream:track)%00%(upstream:remotename)%00%(upstream:remoteref) refs/heads/master refs/remotes/master [1ms]
2022-12-08 22:16:25.932 [info] > git for-each-ref --sort -committerdate --format %(refname) %(objectname) %(*objectname) [1ms]
2022-12-08 22:16:25.932 [info] > git status -z -uall [7ms]
2022-12-08 22:16:41.066 [info] > git config --get commit.template [9ms]
2022-12-08 22:16:41.067 [info] > git for-each-ref --format=%(refname)%00%(upstream:short)%00%(objectname)%00%(upstream:track)%00%(upstream:remotename)%00%(upstream:remoteref) refs/heads/master refs/remotes/master [2ms]
2022-12-08 22:16:41.084 [info] > git status -z -uall [9ms]
2022-12-08 22:16:41.085 [info] > git for-each-ref --sort -committerdate --format %(refname) %(objectname) %(*objectname) [3ms]
2022-12-08 22:16:48.853 [info] > git config --get commit.template [12ms]
2022-12-08 22:16:48.853 [info] > git for-each-ref --format=%(refname)%00%(upstream:short)%00%(objectname)%00%(upstream:track)%00%(upstream:remotename)%00%(upstream:remoteref) refs/heads/master refs/remotes/master [1ms]
2022-12-08 22:16:48.874 [info] > git status -z -uall [9ms]
2022-12-08 22:16:48.876 [info] > git for-each-ref --sort -committerdate --format %(refname) %(objectname) %(*objectname) [3ms]
2022-12-08 22:16:57.395 [info] > git config --get commit.template [25ms]
2022-12-08 22:16:57.399 [info] > git for-each-ref --format=%(refname)%00%(upstream:short)%00%(objectname)%00%(upstream:track)%00%(upstream:remotename)%00%(upstream:remoteref) refs/heads/master refs/remotes/master [5ms]
2022-12-08 22:16:57.440 [info] > git status -z -uall [23ms]
2022-12-08 22:16:57.444 [info] > git for-each-ref --sort -committerdate --format %(refname) %(objectname) %(*objectname) [5ms]
2022-12-08 22:17:04.716 [info] > git config --get commit.template [12ms]
2022-12-08 22:17:04.717 [info] > git for-each-ref --format=%(refname)%00%(upstream:short)%00%(objectname)%00%(upstream:track)%00%(upstream:remotename)%00%(upstream:remoteref) refs/heads/master refs/remotes/master [2ms]
2022-12-08 22:17:04.734 [info] > git for-each-ref --sort -committerdate --format %(refname) %(objectname) %(*objectname) [1ms]
2022-12-08 22:17:04.737 [info] > git status -z -uall [12ms]
2022-12-08 22:17:12.819 [info] > git config --get commit.template [15ms]
2022-12-08 22:17:12.820 [info] > git for-each-ref --format=%(refname)%00%(upstream:short)%00%(objectname)%00%(upstream:track)%00%(upstream:remotename)%00%(upstream:remoteref) refs/heads/master refs/remotes/master [2ms]
2022-12-08 22:17:12.849 [info] > git status -z -uall [19ms]
2022-12-08 22:17:12.851 [info] > git for-each-ref --sort -committerdate --format %(refname) %(objectname) %(*objectname) [4ms]
2022-12-08 22:17:23.140 [info] > git config --get commit.template [9ms]
2022-12-08 22:17:23.141 [info] > git for-each-ref --format=%(refname)%00%(upstream:short)%00%(objectname)%00%(upstream:track)%00%(upstream:remotename)%00%(upstream:remoteref) refs/heads/master refs/remotes/master [2ms]
2022-12-08 22:17:23.156 [info] > git status -z -uall [8ms]
2022-12-08 22:17:23.157 [info] > git for-each-ref --sort -committerdate --format %(refname) %(objectname) %(*objectname) [2ms]
2022-12-08 22:20:41.090 [info] > git config --get commit.template [3ms]
2022-12-08 22:20:41.104 [info] > git for-each-ref --format=%(refname)%00%(upstream:short)%00%(objectname)%00%(upstream:track)%00%(upstream:remotename)%00%(upstream:remoteref) refs/heads/master refs/remotes/master [2ms]
2022-12-08 22:20:41.122 [info] > git for-each-ref --sort -committerdate --format %(refname) %(objectname) %(*objectname) [2ms]
2022-12-08 22:20:41.123 [info] > git status -z -uall [11ms]
2022-12-08 22:20:46.153 [info] > git config --get commit.template [12ms]
2022-12-08 22:20:46.154 [info] > git for-each-ref --format=%(refname)%00%(upstream:short)%00%(objectname)%00%(upstream:track)%00%(upstream:remotename)%00%(upstream:remoteref) refs/heads/master refs/remotes/master [2ms]
2022-12-08 22:20:46.205 [info] > git status -z -uall [41ms]
2022-12-08 22:20:46.205 [info] > git for-each-ref --sort -committerdate --format %(refname) %(objectname) %(*objectname) [2ms]
2022-12-08 22:21:44.603 [info] > git config --get commit.template [25ms]
2022-12-08 22:21:44.604 [info] > git for-each-ref --format=%(refname)%00%(upstream:short)%00%(objectname)%00%(upstream:track)%00%(upstream:remotename)%00%(upstream:remoteref) refs/heads/master refs/remotes/master [3ms]
2022-12-08 22:21:44.645 [info] > git status -z -uall [22ms]
2022-12-08 22:21:44.647 [info] > git for-each-ref --sort -committerdate --format %(refname) %(objectname) %(*objectname) [4ms]
2022-12-08 22:21:50.531 [info] > git config --get commit.template [17ms]
2022-12-08 22:21:50.531 [info] > git for-each-ref --format=%(refname)%00%(upstream:short)%00%(objectname)%00%(upstream:track)%00%(upstream:remotename)%00%(upstream:remoteref) refs/heads/master refs/remotes/master [1ms]
2022-12-08 22:21:50.565 [info] > git status -z -uall [17ms]
2022-12-08 22:21:50.567 [info] > git for-each-ref --sort -committerdate --format %(refname) %(objectname) %(*objectname) [2ms]
2022-12-08 22:21:56.346 [info] > git config --get commit.template [9ms]
2022-12-08 22:21:56.347 [info] > git for-each-ref --format=%(refname)%00%(upstream:short)%00%(objectname)%00%(upstream:track)%00%(upstream:remotename)%00%(upstream:remoteref) refs/heads/master refs/remotes/master [2ms]
2022-12-08 22:21:56.364 [info] > git for-each-ref --sort -committerdate --format %(refname) %(objectname) %(*objectname) [1ms]
2022-12-08 22:21:56.367 [info] > git status -z -uall [12ms]
2022-12-08 22:22:01.981 [info] > git config --get commit.template [8ms]
2022-12-08 22:22:01.982 [info] > git for-each-ref --format=%(refname)%00%(upstream:short)%00%(objectname)%00%(upstream:track)%00%(upstream:remotename)%00%(upstream:remoteref) refs/heads/master refs/remotes/master [1ms]
2022-12-08 22:22:02.001 [info] > git status -z -uall [10ms]
2022-12-08 22:22:02.002 [info] > git for-each-ref --sort -committerdate --format %(refname) %(objectname) %(*objectname) [3ms]
2022-12-08 22:22:07.953 [info] > git config --get commit.template [19ms]
2022-12-08 22:22:07.954 [info] > git for-each-ref --format=%(refname)%00%(upstream:short)%00%(objectname)%00%(upstream:track)%00%(upstream:remotename)%00%(upstream:remoteref) refs/heads/master refs/remotes/master [3ms]
2022-12-08 22:22:07.983 [info] > git status -z -uall [13ms]
2022-12-08 22:22:07.985 [info] > git for-each-ref --sort -committerdate --format %(refname) %(objectname) %(*objectname) [3ms]
2022-12-08 22:22:13.795 [info] > git config --get commit.template [15ms]
2022-12-08 22:22:13.796 [info] > git for-each-ref --format=%(refname)%00%(upstream:short)%00%(objectname)%00%(upstream:track)%00%(upstream:remotename)%00%(upstream:remoteref) refs/heads/master refs/remotes/master [1ms]
2022-12-08 22:22:13.815 [info] > git status -z -uall [9ms]
2022-12-08 22:22:13.816 [info] > git for-each-ref --sort -committerdate --format %(refname) %(objectname) %(*objectname) [2ms]
2022-12-08 22:22:19.408 [info] > git config --get commit.template [9ms]
2022-12-08 22:22:19.409 [info] > git for-each-ref --format=%(refname)%00%(upstream:short)%00%(objectname)%00%(upstream:track)%00%(upstream:remotename)%00%(upstream:remoteref) refs/heads/master refs/remotes/master [1ms]
2022-12-08 22:22:19.425 [info] > git status -z -uall [8ms]
2022-12-08 22:22:19.426 [info] > git for-each-ref --sort -committerdate --format %(refname) %(objectname) %(*objectname) [2ms]
2022-12-08 22:22:26.057 [info] > git config --get commit.template [16ms]
2022-12-08 22:22:26.058 [info] > git for-each-ref --format=%(refname)%00%(upstream:short)%00%(objectname)%00%(upstream:track)%00%(upstream:remotename)%00%(upstream:remoteref) refs/heads/master refs/remotes/master [2ms]
2022-12-08 22:22:26.086 [info] > git status -z -uall [14ms]
2022-12-08 22:22:26.087 [info] > git for-each-ref --sort -committerdate --format %(refname) %(objectname) %(*objectname) [2ms]
2022-12-08 22:22:32.090 [info] > git config --get commit.template [10ms]
2022-12-08 22:22:32.091 [info] > git for-each-ref --format=%(refname)%00%(upstream:short)%00%(objectname)%00%(upstream:track)%00%(upstream:remotename)%00%(upstream:remoteref) refs/heads/master refs/remotes/master [2ms]
2022-12-08 22:22:32.109 [info] > git for-each-ref --sort -committerdate --format %(refname) %(objectname) %(*objectname) [2ms]
2022-12-08 22:22:32.109 [info] > git status -z -uall [9ms]
2022-12-08 22:22:38.646 [info] > git config --get commit.template [12ms]
2022-12-08 22:22:38.646 [info] > git for-each-ref --format=%(refname)%00%(upstream:short)%00%(objectname)%00%(upstream:track)%00%(upstream:remotename)%00%(upstream:remoteref) refs/heads/master refs/remotes/master [2ms]
2022-12-08 22:22:38.672 [info] > git status -z -uall [14ms]
2022-12-08 22:22:38.673 [info] > git for-each-ref --sort -committerdate --format %(refname) %(objectname) %(*objectname) [2ms]
2022-12-08 22:22:45.584 [info] > git config --get commit.template [19ms]
2022-12-08 22:22:45.584 [info] > git for-each-ref --format=%(refname)%00%(upstream:short)%00%(objectname)%00%(upstream:track)%00%(upstream:remotename)%00%(upstream:remoteref) refs/heads/master refs/remotes/master [2ms]
2022-12-08 22:22:45.607 [info] > git status -z -uall [11ms]
2022-12-08 22:22:45.608 [info] > git for-each-ref --sort -committerdate --format %(refname) %(objectname) %(*objectname) [2ms]
2022-12-08 22:22:52.376 [info] > git config --get commit.template [12ms]
2022-12-08 22:22:52.377 [info] > git for-each-ref --format=%(refname)%00%(upstream:short)%00%(objectname)%00%(upstream:track)%00%(upstream:remotename)%00%(upstream:remoteref) refs/heads/master refs/remotes/master [1ms]
2022-12-08 22:22:52.396 [info] > git status -z -uall [9ms]
2022-12-08 22:22:52.398 [info] > git for-each-ref --sort -committerdate --format %(refname) %(objectname) %(*objectname) [2ms]
2022-12-08 22:22:59.724 [info] > git config --get commit.template [13ms]
2022-12-08 22:22:59.725 [info] > git for-each-ref --format=%(refname)%00%(upstream:short)%00%(objectname)%00%(upstream:track)%00%(upstream:remotename)%00%(upstream:remoteref) refs/heads/master refs/remotes/master [1ms]
2022-12-08 22:22:59.749 [info] > git status -z -uall [12ms]
2022-12-08 22:22:59.750 [info] > git for-each-ref --sort -committerdate --format %(refname) %(objectname) %(*objectname) [2ms]
2022-12-08 22:23:06.757 [info] > git config --get commit.template [18ms]
2022-12-08 22:23:06.758 [info] > git for-each-ref --format=%(refname)%00%(upstream:short)%00%(objectname)%00%(upstream:track)%00%(upstream:remotename)%00%(upstream:remoteref) refs/heads/master refs/remotes/master [3ms]
2022-12-08 22:23:06.793 [info] > git status -z -uall [18ms]
2022-12-08 22:23:06.794 [info] > git for-each-ref --sort -committerdate --format %(refname) %(objectname) %(*objectname) [2ms]
2022-12-08 22:23:14.237 [info] > git config --get commit.template [11ms]
2022-12-08 22:23:14.237 [info] > git for-each-ref --format=%(refname)%00%(upstream:short)%00%(objectname)%00%(upstream:track)%00%(upstream:remotename)%00%(upstream:remoteref) refs/heads/master refs/remotes/master [1ms]
2022-12-08 22:23:14.254 [info] > git status -z -uall [8ms]
2022-12-08 22:23:14.258 [info] > git for-each-ref --sort -committerdate --format %(refname) %(objectname) %(*objectname) [5ms]
2022-12-08 22:23:21.344 [info] > git config --get commit.template [10ms]
2022-12-08 22:23:21.344 [info] > git for-each-ref --format=%(refname)%00%(upstream:short)%00%(objectname)%00%(upstream:track)%00%(upstream:remotename)%00%(upstream:remoteref) refs/heads/master refs/remotes/master [1ms]
2022-12-08 22:23:21.361 [info] > git status -z -uall [9ms]
2022-12-08 22:23:21.362 [info] > git for-each-ref --sort -committerdate --format %(refname) %(objectname) %(*objectname) [1ms]
2022-12-08 22:23:28.845 [info] > git config --get commit.template [18ms]
2022-12-08 22:23:28.846 [info] > git for-each-ref --format=%(refname)%00%(upstream:short)%00%(objectname)%00%(upstream:track)%00%(upstream:remotename)%00%(upstream:remoteref) refs/heads/master refs/remotes/master [2ms]
2022-12-08 22:23:28.873 [info] > git status -z -uall [13ms]
2022-12-08 22:23:28.876 [info] > git for-each-ref --sort -committerdate --format %(refname) %(objectname) %(*objectname) [3ms]
2022-12-08 22:23:36.399 [info] > git config --get commit.template [17ms]
2022-12-08 22:23:36.400 [info] > git for-each-ref --format=%(refname)%00%(upstream:short)%00%(objectname)%00%(upstream:track)%00%(upstream:remotename)%00%(upstream:remoteref) refs/heads/master refs/remotes/master [2ms]
2022-12-08 22:23:36.430 [info] > git status -z -uall [16ms]
2022-12-08 22:23:36.431 [info] > git for-each-ref --sort -committerdate --format %(refname) %(objectname) %(*objectname) [2ms]
2022-12-08 22:23:43.774 [info] > git config --get commit.template [4ms]
2022-12-08 22:23:43.805 [info] > git for-each-ref --format=%(refname)%00%(upstream:short)%00%(objectname)%00%(upstream:track)%00%(upstream:remotename)%00%(upstream:remoteref) refs/heads/master refs/remotes/master [1ms]
2022-12-08 22:23:43.872 [info] > git status -z -uall [37ms]
2022-12-08 22:23:43.874 [info] > git for-each-ref --sort -committerdate --format %(refname) %(objectname) %(*objectname) [4ms]
2022-12-08 22:23:51.685 [info] > git config --get commit.template [19ms]
2022-12-08 22:23:51.686 [info] > git for-each-ref --format=%(refname)%00%(upstream:short)%00%(objectname)%00%(upstream:track)%00%(upstream:remotename)%00%(upstream:remoteref) refs/heads/master refs/remotes/master [2ms]
2022-12-08 22:23:51.730 [info] > git status -z -uall [21ms]
2022-12-08 22:23:51.731 [info] > git for-each-ref --sort -committerdate --format %(refname) %(objectname) %(*objectname) [2ms]
2022-12-08 22:23:59.259 [info] > git config --get commit.template [22ms]
2022-12-08 22:23:59.260 [info] > git for-each-ref --format=%(refname)%00%(upstream:short)%00%(objectname)%00%(upstream:track)%00%(upstream:remotename)%00%(upstream:remoteref) refs/heads/master refs/remotes/master [2ms]
2022-12-08 22:23:59.301 [info] > git status -z -uall [22ms]
2022-12-08 22:23:59.302 [info] > git for-each-ref --sort -committerdate --format %(refname) %(objectname) %(*objectname) [3ms]
2022-12-08 22:24:06.491 [info] > git config --get commit.template [17ms]
2022-12-08 22:24:06.492 [info] > git for-each-ref --format=%(refname)%00%(upstream:short)%00%(objectname)%00%(upstream:track)%00%(upstream:remotename)%00%(upstream:remoteref) refs/heads/master refs/remotes/master [2ms]
2022-12-08 22:24:06.531 [info] > git status -z -uall [21ms]
2022-12-08 22:24:06.533 [info] > git for-each-ref --sort -committerdate --format %(refname) %(objectname) %(*objectname) [3ms]
2022-12-08 22:24:13.993 [info] > git config --get commit.template [14ms]
2022-12-08 22:24:13.993 [info] > git for-each-ref --format=%(refname)%00%(upstream:short)%00%(objectname)%00%(upstream:track)%00%(upstream:remotename)%00%(upstream:remoteref) refs/heads/master refs/remotes/master [1ms]
2022-12-08 22:24:14.009 [info] > git status -z -uall [9ms]
2022-12-08 22:24:14.009 [info] > git for-each-ref --sort -committerdate --format %(refname) %(objectname) %(*objectname) [2ms]
2022-12-08 22:24:21.371 [info] > git config --get commit.template [17ms]
2022-12-08 22:24:21.371 [info] > git for-each-ref --format=%(refname)%00%(upstream:short)%00%(objectname)%00%(upstream:track)%00%(upstream:remotename)%00%(upstream:remoteref) refs/heads/master refs/remotes/master [3ms]
2022-12-08 22:24:21.402 [info] > git status -z -uall [16ms]
2022-12-08 22:24:21.404 [info] > git for-each-ref --sort -committerdate --format %(refname) %(objectname) %(*objectname) [3ms]
2022-12-08 22:24:29.439 [info] > git config --get commit.template [9ms]
2022-12-08 22:24:29.440 [info] > git for-each-ref --format=%(refname)%00%(upstream:short)%00%(objectname)%00%(upstream:track)%00%(upstream:remotename)%00%(upstream:remoteref) refs/heads/master refs/remotes/master [2ms]
2022-12-08 22:24:29.455 [info] > git status -z -uall [8ms]
2022-12-08 22:24:29.456 [info] > git for-each-ref --sort -committerdate --format %(refname) %(objectname) %(*objectname) [2ms]
2022-12-08 22:24:37.125 [info] > git config --get commit.template [13ms]
2022-12-08 22:24:37.126 [info] > git for-each-ref --format=%(refname)%00%(upstream:short)%00%(objectname)%00%(upstream:track)%00%(upstream:remotename)%00%(upstream:remoteref) refs/heads/master refs/remotes/master [2ms]
2022-12-08 22:24:37.143 [info] > git status -z -uall [8ms]
2022-12-08 22:24:37.144 [info] > git for-each-ref --sort -committerdate --format %(refname) %(objectname) %(*objectname) [2ms]
2022-12-08 22:24:44.900 [info] > git config --get commit.template [10ms]
2022-12-08 22:24:44.901 [info] > git for-each-ref --format=%(refname)%00%(upstream:short)%00%(objectname)%00%(upstream:track)%00%(upstream:remotename)%00%(upstream:remoteref) refs/heads/master refs/remotes/master [1ms]
2022-12-08 22:24:44.917 [info] > git status -z -uall [9ms]
2022-12-08 22:24:44.917 [info] > git for-each-ref --sort -committerdate --format %(refname) %(objectname) %(*objectname) [2ms]
2022-12-08 22:24:52.510 [info] > git config --get commit.template [19ms]
2022-12-08 22:24:52.511 [info] > git for-each-ref --format=%(refname)%00%(upstream:short)%00%(objectname)%00%(upstream:track)%00%(upstream:remotename)%00%(upstream:remoteref) refs/heads/master refs/remotes/master [3ms]
2022-12-08 22:24:52.546 [info] > git status -z -uall [18ms]
2022-12-08 22:24:52.547 [info] > git for-each-ref --sort -committerdate --format %(refname) %(objectname) %(*objectname) [2ms]
2022-12-08 22:25:00.328 [info] > git config --get commit.template [11ms]
2022-12-08 22:25:00.329 [info] > git for-each-ref --format=%(refname)%00%(upstream:short)%00%(objectname)%00%(upstream:track)%00%(upstream:remotename)%00%(upstream:remoteref) refs/heads/master refs/remotes/master [2ms]
2022-12-08 22:25:00.346 [info] > git status -z -uall [8ms]
2022-12-08 22:25:00.347 [info] > git for-each-ref --sort -committerdate --format %(refname) %(objectname) %(*objectname) [2ms]
2022-12-08 22:25:08.570 [info] > git config --get commit.template [17ms]
2022-12-08 22:25:08.571 [info] > git for-each-ref --format=%(refname)%00%(upstream:short)%00%(objectname)%00%(upstream:track)%00%(upstream:remotename)%00%(upstream:remoteref) refs/heads/master refs/remotes/master [2ms]
2022-12-08 22:25:08.598 [info] > git status -z -uall [11ms]
2022-12-08 22:25:08.600 [info] > git for-each-ref --sort -committerdate --format %(refname) %(objectname) %(*objectname) [2ms]
2022-12-08 22:25:16.461 [info] > git config --get commit.template [7ms]
2022-12-08 22:25:16.462 [info] > git for-each-ref --format=%(refname)%00%(upstream:short)%00%(objectname)%00%(upstream:track)%00%(upstream:remotename)%00%(upstream:remoteref) refs/heads/master refs/remotes/master [1ms]
2022-12-08 22:25:16.485 [info] > git status -z -uall [14ms]
2022-12-08 22:25:16.513 [info] > git for-each-ref --sort -committerdate --format %(refname) %(objectname) %(*objectname) [29ms]
2022-12-08 22:25:24.460 [info] > git for-each-ref --format=%(refname)%00%(upstream:short)%00%(objectname)%00%(upstream:track)%00%(upstream:remotename)%00%(upstream:remoteref) refs/heads/master refs/remotes/master [2ms]
2022-12-08 22:25:24.460 [info] > git config --get commit.template [22ms]
2022-12-08 22:25:24.500 [info] > git status -z -uall [21ms]
2022-12-08 22:25:24.501 [info] > git for-each-ref --sort -committerdate --format %(refname) %(objectname) %(*objectname) [2ms]
2022-12-08 22:25:32.623 [info] > git config --get commit.template [8ms]
2022-12-08 22:25:32.624 [info] > git for-each-ref --format=%(refname)%00%(upstream:short)%00%(objectname)%00%(upstream:track)%00%(upstream:remotename)%00%(upstream:remoteref) refs/heads/master refs/remotes/master [2ms]
2022-12-08 22:25:32.638 [info] > git status -z -uall [8ms]
2022-12-08 22:25:32.639 [info] > git for-each-ref --sort -committerdate --format %(refname) %(objectname) %(*objectname) [2ms]
2022-12-08 22:25:40.824 [info] > git config --get commit.template [14ms]
2022-12-08 22:25:40.825 [info] > git for-each-ref --format=%(refname)%00%(upstream:short)%00%(objectname)%00%(upstream:track)%00%(upstream:remotename)%00%(upstream:remoteref) refs/heads/master refs/remotes/master [3ms]
2022-12-08 22:25:40.842 [info] > git status -z -uall [8ms]
2022-12-08 22:25:40.843 [info] > git for-each-ref --sort -committerdate --format %(refname) %(objectname) %(*objectname) [1ms]
2022-12-08 22:27:04.693 [info] > git config --get commit.template [13ms]
2022-12-08 22:27:04.693 [info] > git for-each-ref --format=%(refname)%00%(upstream:short)%00%(objectname)%00%(upstream:track)%00%(upstream:remotename)%00%(upstream:remoteref) refs/heads/master refs/remotes/master [1ms]
2022-12-08 22:27:04.716 [info] > git status -z -uall [10ms]
2022-12-08 22:27:04.716 [info] > git for-each-ref --sort -committerdate --format %(refname) %(objectname) %(*objectname) [2ms]
2022-12-08 22:27:43.180 [info] > git config --get commit.template [7ms]
2022-12-08 22:27:43.180 [info] > git for-each-ref --format=%(refname)%00%(upstream:short)%00%(objectname)%00%(upstream:track)%00%(upstream:remotename)%00%(upstream:remoteref) refs/heads/master refs/remotes/master [1ms]
2022-12-08 22:27:43.199 [info] > git for-each-ref --sort -committerdate --format %(refname) %(objectname) %(*objectname) [3ms]
2022-12-08 22:27:43.206 [info] > git status -z -uall [19ms]
2022-12-08 22:27:56.520 [info] > git config --get commit.template [13ms]
2022-12-08 22:27:56.521 [info] > git for-each-ref --format=%(refname)%00%(upstream:short)%00%(objectname)%00%(upstream:track)%00%(upstream:remotename)%00%(upstream:remoteref) refs/heads/master refs/remotes/master [2ms]
2022-12-08 22:27:56.547 [info] > git status -z -uall [14ms]
2022-12-08 22:27:56.549 [info] > git for-each-ref --sort -committerdate --format %(refname) %(objectname) %(*objectname) [3ms]
2022-12-08 22:28:02.633 [info] > git config --get commit.template [10ms]
2022-12-08 22:28:02.634 [info] > git for-each-ref --format=%(refname)%00%(upstream:short)%00%(objectname)%00%(upstream:track)%00%(upstream:remotename)%00%(upstream:remoteref) refs/heads/master refs/remotes/master [1ms]
2022-12-08 22:28:02.650 [info] > git for-each-ref --sort -committerdate --format %(refname) %(objectname) %(*objectname) [2ms]
2022-12-08 22:28:02.651 [info] > git status -z -uall [9ms]
2022-12-08 22:28:08.704 [info] > git config --get commit.template [13ms]
2022-12-08 22:28:08.704 [info] > git for-each-ref --format=%(refname)%00%(upstream:short)%00%(objectname)%00%(upstream:track)%00%(upstream:remotename)%00%(upstream:remoteref) refs/heads/master refs/remotes/master [1ms]
2022-12-08 22:28:08.723 [info] > git status -z -uall [8ms]
2022-12-08 22:28:08.725 [info] > git for-each-ref --sort -committerdate --format %(refname) %(objectname) %(*objectname) [2ms]
2022-12-08 22:28:14.927 [info] > git config --get commit.template [12ms]
2022-12-08 22:28:14.928 [info] > git for-each-ref --format=%(refname)%00%(upstream:short)%00%(objectname)%00%(upstream:track)%00%(upstream:remotename)%00%(upstream:remoteref) refs/heads/master refs/remotes/master [2ms]
2022-12-08 22:28:14.950 [info] > git status -z -uall [12ms]
2022-12-08 22:28:14.951 [info] > git for-each-ref --sort -committerdate --format %(refname) %(objectname) %(*objectname) [3ms]
2022-12-08 22:28:35.628 [info] > git config --get commit.template [18ms]
2022-12-08 22:28:35.631 [info] > git for-each-ref --format=%(refname)%00%(upstream:short)%00%(objectname)%00%(upstream:track)%00%(upstream:remotename)%00%(upstream:remoteref) refs/heads/master refs/remotes/master [3ms]
2022-12-08 22:28:35.660 [info] > git status -z -uall [18ms]
2022-12-08 22:28:35.662 [info] > git for-each-ref --sort -committerdate --format %(refname) %(objectname) %(*objectname) [3ms]
2022-12-08 22:28:43.505 [info] > git config --get commit.template [15ms]
2022-12-08 22:28:43.505 [info] > git for-each-ref --format=%(refname)%00%(upstream:short)%00%(objectname)%00%(upstream:track)%00%(upstream:remotename)%00%(upstream:remoteref) refs/heads/master refs/remotes/master [2ms]
2022-12-08 22:28:43.530 [info] > git status -z -uall [11ms]
2022-12-08 22:28:43.531 [info] > git for-each-ref --sort -committerdate --format %(refname) %(objectname) %(*objectname) [1ms]
2022-12-08 22:28:51.172 [info] > git config --get commit.template [3ms]
2022-12-08 22:28:51.191 [info] > git for-each-ref --format=%(refname)%00%(upstream:short)%00%(objectname)%00%(upstream:track)%00%(upstream:remotename)%00%(upstream:remoteref) refs/heads/master refs/remotes/master [2ms]
2022-12-08 22:28:51.223 [info] > git status -z -uall [16ms]
2022-12-08 22:28:51.225 [info] > git for-each-ref --sort -committerdate --format %(refname) %(objectname) %(*objectname) [3ms]
2022-12-08 22:29:06.238 [info] > git config --get commit.template [15ms]
2022-12-08 22:29:06.238 [info] > git for-each-ref --format=%(refname)%00%(upstream:short)%00%(objectname)%00%(upstream:track)%00%(upstream:remotename)%00%(upstream:remoteref) refs/heads/master refs/remotes/master [2ms]
2022-12-08 22:29:06.305 [info] > git status -z -uall [50ms]
2022-12-08 22:29:06.308 [info] > git for-each-ref --sort -committerdate --format %(refname) %(objectname) %(*objectname) [3ms]
2022-12-08 22:29:13.500 [info] > git config --get commit.template [11ms]
2022-12-08 22:29:13.500 [info] > git for-each-ref --format=%(refname)%00%(upstream:short)%00%(objectname)%00%(upstream:track)%00%(upstream:remotename)%00%(upstream:remoteref) refs/heads/master refs/remotes/master [1ms]
2022-12-08 22:29:13.517 [info] > git status -z -uall [8ms]
2022-12-08 22:29:13.518 [info] > git for-each-ref --sort -committerdate --format %(refname) %(objectname) %(*objectname) [2ms]
2022-12-08 22:29:20.784 [info] > git config --get commit.template [13ms]
2022-12-08 22:29:20.784 [info] > git for-each-ref --format=%(refname)%00%(upstream:short)%00%(objectname)%00%(upstream:track)%00%(upstream:remotename)%00%(upstream:remoteref) refs/heads/master refs/remotes/master [1ms]
2022-12-08 22:29:20.827 [info] > git status -z -uall [29ms]
2022-12-08 22:29:20.828 [info] > git for-each-ref --sort -committerdate --format %(refname) %(objectname) %(*objectname) [3ms]
2022-12-08 22:29:28.138 [info] > git config --get commit.template [9ms]
2022-12-08 22:29:28.139 [info] > git for-each-ref --format=%(refname)%00%(upstream:short)%00%(objectname)%00%(upstream:track)%00%(upstream:remotename)%00%(upstream:remoteref) refs/heads/master refs/remotes/master [1ms]
2022-12-08 22:29:28.154 [info] > git status -z -uall [7ms]
2022-12-08 22:29:28.155 [info] > git for-each-ref --sort -committerdate --format %(refname) %(objectname) %(*objectname) [2ms]
2022-12-08 22:29:43.291 [info] > git config --get commit.template [3ms]
2022-12-08 22:29:43.305 [info] > git for-each-ref --format=%(refname)%00%(upstream:short)%00%(objectname)%00%(upstream:track)%00%(upstream:remotename)%00%(upstream:remoteref) refs/heads/master refs/remotes/master [2ms]
2022-12-08 22:29:43.365 [info] > git status -z -uall [50ms]
2022-12-08 22:29:43.366 [info] > git for-each-ref --sort -committerdate --format %(refname) %(objectname) %(*objectname) [2ms]
2022-12-08 22:29:50.670 [info] > git config --get commit.template [11ms]
2022-12-08 22:29:50.671 [info] > git for-each-ref --format=%(refname)%00%(upstream:short)%00%(objectname)%00%(upstream:track)%00%(upstream:remotename)%00%(upstream:remoteref) refs/heads/master refs/remotes/master [2ms]
2022-12-08 22:29:50.691 [info] > git status -z -uall [10ms]
2022-12-08 22:29:50.693 [info] > git for-each-ref --sort -committerdate --format %(refname) %(objectname) %(*objectname) [3ms]
2022-12-08 22:29:58.075 [info] > git config --get commit.template [32ms]
2022-12-08 22:29:58.076 [info] > git for-each-ref --format=%(refname)%00%(upstream:short)%00%(objectname)%00%(upstream:track)%00%(upstream:remotename)%00%(upstream:remoteref) refs/heads/master refs/remotes/master [2ms]
2022-12-08 22:29:58.103 [info] > git status -z -uall [14ms]
2022-12-08 22:29:58.104 [info] > git for-each-ref --sort -committerdate --format %(refname) %(objectname) %(*objectname) [2ms]
2022-12-08 22:30:05.823 [info] > git config --get commit.template [9ms]
2022-12-08 22:30:05.823 [info] > git for-each-ref --format=%(refname)%00%(upstream:short)%00%(objectname)%00%(upstream:track)%00%(upstream:remotename)%00%(upstream:remoteref) refs/heads/master refs/remotes/master [1ms]
2022-12-08 22:30:05.839 [info] > git status -z -uall [8ms]
2022-12-08 22:30:05.840 [info] > git for-each-ref --sort -committerdate --format %(refname) %(objectname) %(*objectname) [2ms]
2022-12-08 22:30:14.093 [info] > git config --get commit.template [17ms]
2022-12-08 22:30:14.094 [info] > git for-each-ref --format=%(refname)%00%(upstream:short)%00%(objectname)%00%(upstream:track)%00%(upstream:remotename)%00%(upstream:remoteref) refs/heads/master refs/remotes/master [2ms]
2022-12-08 22:30:14.127 [info] > git status -z -uall [16ms]
2022-12-08 22:30:14.128 [info] > git for-each-ref --sort -committerdate --format %(refname) %(objectname) %(*objectname) [2ms]
