2022-12-08 21:50:29.105 [info] Log level: Info
2022-12-08 21:50:29.105 [info] Validating found git in: "git"
2022-12-08 21:50:29.105 [info] Using git "2.37.3" from "git"
2022-12-08 21:50:29.106 [info] > git rev-parse --show-toplevel [7ms]
2022-12-08 21:50:29.106 [info] > git rev-parse --git-dir --git-common-dir [5ms]
2022-12-08 21:50:29.106 [info] Open repository: /workspace/games
2022-12-08 21:50:29.106 [info] > git rev-parse --show-toplevel [11ms]
2022-12-08 21:50:29.106 [info] > git config --get commit.template [12ms]
2022-12-08 21:50:29.106 [info] > git rev-parse --show-toplevel [13ms]
2022-12-08 21:50:29.106 [info] > git for-each-ref --format=%(refname)%00%(upstream:short)%00%(objectname)%00%(upstream:track)%00%(upstream:remotename)%00%(upstream:remoteref) refs/heads/master refs/remotes/master [10ms]
2022-12-08 21:50:29.106 [info] > git status -z -uall [16ms]
2022-12-08 21:50:29.106 [info] > git rev-parse --show-toplevel [29ms]
2022-12-08 21:50:29.106 [info] > git for-each-ref --sort -committerdate --format %(refname) %(objectname) %(*objectname) [15ms]
2022-12-08 21:50:29.106 [info] > git config --get commit.template [1ms]
2022-12-08 21:50:29.106 [info] > git for-each-ref --format=%(refname)%00%(upstream:short)%00%(objectname)%00%(upstream:track)%00%(upstream:remotename)%00%(upstream:remoteref) refs/heads/master refs/remotes/master [2ms]
2022-12-08 21:50:29.106 [info] > git status -z -uall [18ms]
2022-12-08 21:50:29.106 [info] > git for-each-ref --sort -committerdate --format %(refname) %(objectname) %(*objectname) [13ms]
2022-12-08 21:50:29.106 [info] > git check-ignore -v -z --stdin [2ms]
2022-12-08 21:50:29.106 [info] > git show --textconv :tic_tac_toe/fogel.py [13ms]
2022-12-08 21:50:29.106 [info] > git ls-files --stage -- /workspace/games/tic_tac_toe/fogel.py [3ms]
2022-12-08 21:50:29.106 [info] > git cat-file -s f4da96e5fe89741694249e71a41a32130c4632ac [1ms]
2022-12-08 21:50:29.836 [info] > git config --local branch.master.github-pr-owner-number [116ms]
2022-12-08 21:50:49.562 [info] > git config --get commit.template [13ms]
2022-12-08 21:50:49.563 [info] > git for-each-ref --format=%(refname)%00%(upstream:short)%00%(objectname)%00%(upstream:track)%00%(upstream:remotename)%00%(upstream:remoteref) refs/heads/master refs/remotes/master [2ms]
2022-12-08 21:50:49.590 [info] > git status -z -uall [14ms]
2022-12-08 21:50:49.592 [info] > git for-each-ref --sort -committerdate --format %(refname) %(objectname) %(*objectname) [3ms]
2022-12-08 21:50:54.623 [info] > git config --get commit.template [13ms]
2022-12-08 21:50:54.624 [info] > git for-each-ref --format=%(refname)%00%(upstream:short)%00%(objectname)%00%(upstream:track)%00%(upstream:remotename)%00%(upstream:remoteref) refs/heads/master refs/remotes/master [2ms]
2022-12-08 21:50:54.642 [info] > git status -z -uall [9ms]
2022-12-08 21:50:54.643 [info] > git for-each-ref --sort -committerdate --format %(refname) %(objectname) %(*objectname) [2ms]
2022-12-08 21:50:59.669 [info] > git config --get commit.template [11ms]
2022-12-08 21:50:59.669 [info] > git for-each-ref --format=%(refname)%00%(upstream:short)%00%(objectname)%00%(upstream:track)%00%(upstream:remotename)%00%(upstream:remoteref) refs/heads/master refs/remotes/master [1ms]
2022-12-08 21:50:59.684 [info] > git status -z -uall [7ms]
2022-12-08 21:50:59.684 [info] > git for-each-ref --sort -committerdate --format %(refname) %(objectname) %(*objectname) [1ms]
2022-12-08 21:51:04.709 [info] > git config --get commit.template [9ms]
2022-12-08 21:51:04.709 [info] > git for-each-ref --format=%(refname)%00%(upstream:short)%00%(objectname)%00%(upstream:track)%00%(upstream:remotename)%00%(upstream:remoteref) refs/heads/master refs/remotes/master [1ms]
2022-12-08 21:51:04.731 [info] > git status -z -uall [11ms]
2022-12-08 21:51:04.732 [info] > git for-each-ref --sort -committerdate --format %(refname) %(objectname) %(*objectname) [2ms]
2022-12-08 21:51:16.893 [info] > git config --get commit.template [13ms]
2022-12-08 21:51:16.894 [info] > git for-each-ref --format=%(refname)%00%(upstream:short)%00%(objectname)%00%(upstream:track)%00%(upstream:remotename)%00%(upstream:remoteref) refs/heads/master refs/remotes/master [3ms]
2022-12-08 21:51:16.916 [info] > git status -z -uall [11ms]
2022-12-08 21:51:16.917 [info] > git for-each-ref --sort -committerdate --format %(refname) %(objectname) %(*objectname) [1ms]
2022-12-08 21:51:21.932 [info] > git config --get commit.template [1ms]
2022-12-08 21:51:21.943 [info] > git for-each-ref --format=%(refname)%00%(upstream:short)%00%(objectname)%00%(upstream:track)%00%(upstream:remotename)%00%(upstream:remoteref) refs/heads/master refs/remotes/master [2ms]
2022-12-08 21:51:21.970 [info] > git status -z -uall [15ms]
2022-12-08 21:51:21.972 [info] > git for-each-ref --sort -committerdate --format %(refname) %(objectname) %(*objectname) [2ms]
2022-12-08 21:51:27.007 [info] > git config --get commit.template [18ms]
2022-12-08 21:51:27.008 [info] > git for-each-ref --format=%(refname)%00%(upstream:short)%00%(objectname)%00%(upstream:track)%00%(upstream:remotename)%00%(upstream:remoteref) refs/heads/master refs/remotes/master [2ms]
2022-12-08 21:51:27.034 [info] > git status -z -uall [15ms]
2022-12-08 21:51:27.035 [info] > git for-each-ref --sort -committerdate --format %(refname) %(objectname) %(*objectname) [2ms]
2022-12-08 21:51:42.294 [info] > git config --get commit.template [13ms]
2022-12-08 21:51:42.295 [info] > git for-each-ref --format=%(refname)%00%(upstream:short)%00%(objectname)%00%(upstream:track)%00%(upstream:remotename)%00%(upstream:remoteref) refs/heads/master refs/remotes/master [2ms]
2022-12-08 21:51:42.320 [info] > git status -z -uall [13ms]
2022-12-08 21:51:42.321 [info] > git for-each-ref --sort -committerdate --format %(refname) %(objectname) %(*objectname) [3ms]
2022-12-08 21:53:06.370 [info] > git config --get commit.template [12ms]
2022-12-08 21:53:06.370 [info] > git for-each-ref --format=%(refname)%00%(upstream:short)%00%(objectname)%00%(upstream:track)%00%(upstream:remotename)%00%(upstream:remoteref) refs/heads/master refs/remotes/master [1ms]
2022-12-08 21:53:06.391 [info] > git status -z -uall [11ms]
2022-12-08 21:53:06.393 [info] > git for-each-ref --sort -committerdate --format %(refname) %(objectname) %(*objectname) [2ms]
2022-12-08 21:53:17.774 [info] > git config --get commit.template [0ms]
2022-12-08 21:53:17.784 [info] > git for-each-ref --format=%(refname)%00%(upstream:short)%00%(objectname)%00%(upstream:track)%00%(upstream:remotename)%00%(upstream:remoteref) refs/heads/master refs/remotes/master [2ms]
2022-12-08 21:53:17.799 [info] > git status -z -uall [8ms]
2022-12-08 21:53:17.800 [info] > git for-each-ref --sort -committerdate --format %(refname) %(objectname) %(*objectname) [2ms]
2022-12-08 21:53:28.131 [info] > git config --get commit.template [15ms]
2022-12-08 21:53:28.132 [info] > git for-each-ref --format=%(refname)%00%(upstream:short)%00%(objectname)%00%(upstream:track)%00%(upstream:remotename)%00%(upstream:remoteref) refs/heads/master refs/remotes/master [2ms]
2022-12-08 21:53:28.154 [info] > git status -z -uall [9ms]
2022-12-08 21:53:28.155 [info] > git for-each-ref --sort -committerdate --format %(refname) %(objectname) %(*objectname) [2ms]
2022-12-08 21:53:33.171 [info] > git config --get commit.template [3ms]
2022-12-08 21:53:33.185 [info] > git for-each-ref --format=%(refname)%00%(upstream:short)%00%(objectname)%00%(upstream:track)%00%(upstream:remotename)%00%(upstream:remoteref) refs/heads/master refs/remotes/master [2ms]
2022-12-08 21:53:33.213 [info] > git status -z -uall [14ms]
2022-12-08 21:53:33.214 [info] > git for-each-ref --sort -committerdate --format %(refname) %(objectname) %(*objectname) [1ms]
2022-12-08 21:53:38.240 [info] > git config --get commit.template [13ms]
2022-12-08 21:53:38.240 [info] > git for-each-ref --format=%(refname)%00%(upstream:short)%00%(objectname)%00%(upstream:track)%00%(upstream:remotename)%00%(upstream:remoteref) refs/heads/master refs/remotes/master [1ms]
2022-12-08 21:53:38.263 [info] > git status -z -uall [12ms]
2022-12-08 21:53:38.264 [info] > git for-each-ref --sort -committerdate --format %(refname) %(objectname) %(*objectname) [2ms]
2022-12-08 21:53:43.293 [info] > git for-each-ref --format=%(refname)%00%(upstream:short)%00%(objectname)%00%(upstream:track)%00%(upstream:remotename)%00%(upstream:remoteref) refs/heads/master refs/remotes/master [3ms]
2022-12-08 21:53:43.293 [info] > git config --get commit.template [15ms]
2022-12-08 21:53:43.315 [info] > git status -z -uall [11ms]
2022-12-08 21:53:43.316 [info] > git for-each-ref --sort -committerdate --format %(refname) %(objectname) %(*objectname) [1ms]
2022-12-08 21:54:18.577 [info] > git config --get commit.template [15ms]
2022-12-08 21:54:18.578 [info] > git for-each-ref --format=%(refname)%00%(upstream:short)%00%(objectname)%00%(upstream:track)%00%(upstream:remotename)%00%(upstream:remoteref) refs/heads/master refs/remotes/master [2ms]
2022-12-08 21:54:18.605 [info] > git status -z -uall [14ms]
2022-12-08 21:54:18.607 [info] > git for-each-ref --sort -committerdate --format %(refname) %(objectname) %(*objectname) [3ms]
2022-12-08 21:54:34.267 [info] > git config --get commit.template [13ms]
2022-12-08 21:54:34.269 [info] > git for-each-ref --format=%(refname)%00%(upstream:short)%00%(objectname)%00%(upstream:track)%00%(upstream:remotename)%00%(upstream:remoteref) refs/heads/master refs/remotes/master [2ms]
2022-12-08 21:54:34.295 [info] > git status -z -uall [14ms]
2022-12-08 21:54:34.298 [info] > git for-each-ref --sort -committerdate --format %(refname) %(objectname) %(*objectname) [4ms]
2022-12-08 21:54:43.201 [info] > git config --get commit.template [15ms]
2022-12-08 21:54:43.201 [info] > git for-each-ref --format=%(refname)%00%(upstream:short)%00%(objectname)%00%(upstream:track)%00%(upstream:remotename)%00%(upstream:remoteref) refs/heads/master refs/remotes/master [2ms]
2022-12-08 21:54:43.228 [info] > git status -z -uall [14ms]
2022-12-08 21:54:43.230 [info] > git for-each-ref --sort -committerdate --format %(refname) %(objectname) %(*objectname) [2ms]
2022-12-08 21:54:51.729 [info] > git config --get commit.template [13ms]
2022-12-08 21:54:51.729 [info] > git for-each-ref --format=%(refname)%00%(upstream:short)%00%(objectname)%00%(upstream:track)%00%(upstream:remotename)%00%(upstream:remoteref) refs/heads/master refs/remotes/master [1ms]
2022-12-08 21:54:51.754 [info] > git status -z -uall [13ms]
2022-12-08 21:54:51.755 [info] > git for-each-ref --sort -committerdate --format %(refname) %(objectname) %(*objectname) [2ms]
2022-12-08 21:55:00.101 [info] > git config --get commit.template [14ms]
2022-12-08 21:55:00.101 [info] > git for-each-ref --format=%(refname)%00%(upstream:short)%00%(objectname)%00%(upstream:track)%00%(upstream:remotename)%00%(upstream:remoteref) refs/heads/master refs/remotes/master [2ms]
2022-12-08 21:55:00.126 [info] > git status -z -uall [14ms]
2022-12-08 21:55:00.127 [info] > git for-each-ref --sort -committerdate --format %(refname) %(objectname) %(*objectname) [2ms]
2022-12-08 21:55:09.332 [info] > git config --get commit.template [12ms]
2022-12-08 21:55:09.332 [info] > git for-each-ref --format=%(refname)%00%(upstream:short)%00%(objectname)%00%(upstream:track)%00%(upstream:remotename)%00%(upstream:remoteref) refs/heads/master refs/remotes/master [1ms]
2022-12-08 21:55:09.356 [info] > git status -z -uall [12ms]
2022-12-08 21:55:09.357 [info] > git for-each-ref --sort -committerdate --format %(refname) %(objectname) %(*objectname) [2ms]
2022-12-08 21:55:19.165 [info] > git config --get commit.template [9ms]
2022-12-08 21:55:19.165 [info] > git for-each-ref --format=%(refname)%00%(upstream:short)%00%(objectname)%00%(upstream:track)%00%(upstream:remotename)%00%(upstream:remoteref) refs/heads/master refs/remotes/master [2ms]
2022-12-08 21:55:19.187 [info] > git status -z -uall [12ms]
2022-12-08 21:55:19.189 [info] > git for-each-ref --sort -committerdate --format %(refname) %(objectname) %(*objectname) [2ms]
2022-12-08 21:55:29.874 [info] > git config --get commit.template [1ms]
2022-12-08 21:55:29.887 [info] > git for-each-ref --format=%(refname)%00%(upstream:short)%00%(objectname)%00%(upstream:track)%00%(upstream:remotename)%00%(upstream:remoteref) refs/heads/master refs/remotes/master [1ms]
2022-12-08 21:55:29.913 [info] > git status -z -uall [13ms]
2022-12-08 21:55:29.915 [info] > git for-each-ref --sort -committerdate --format %(refname) %(objectname) %(*objectname) [3ms]
2022-12-08 21:55:40.501 [info] > git config --get commit.template [36ms]
2022-12-08 21:55:40.502 [info] > git for-each-ref --format=%(refname)%00%(upstream:short)%00%(objectname)%00%(upstream:track)%00%(upstream:remotename)%00%(upstream:remoteref) refs/heads/master refs/remotes/master [2ms]
2022-12-08 21:55:40.527 [info] > git status -z -uall [14ms]
2022-12-08 21:55:40.529 [info] > git for-each-ref --sort -committerdate --format %(refname) %(objectname) %(*objectname) [2ms]
2022-12-08 21:55:51.183 [info] > git config --get commit.template [13ms]
2022-12-08 21:55:51.184 [info] > git for-each-ref --format=%(refname)%00%(upstream:short)%00%(objectname)%00%(upstream:track)%00%(upstream:remotename)%00%(upstream:remoteref) refs/heads/master refs/remotes/master [2ms]
2022-12-08 21:55:51.204 [info] > git status -z -uall [9ms]
2022-12-08 21:55:51.206 [info] > git for-each-ref --sort -committerdate --format %(refname) %(objectname) %(*objectname) [2ms]
2022-12-08 21:56:01.876 [info] > git config --get commit.template [11ms]
2022-12-08 21:56:01.876 [info] > git for-each-ref --format=%(refname)%00%(upstream:short)%00%(objectname)%00%(upstream:track)%00%(upstream:remotename)%00%(upstream:remoteref) refs/heads/master refs/remotes/master [1ms]
2022-12-08 21:56:01.899 [info] > git status -z -uall [12ms]
2022-12-08 21:56:01.900 [info] > git for-each-ref --sort -committerdate --format %(refname) %(objectname) %(*objectname) [2ms]
2022-12-08 21:56:13.448 [info] > git config --get commit.template [16ms]
2022-12-08 21:56:13.449 [info] > git for-each-ref --format=%(refname)%00%(upstream:short)%00%(objectname)%00%(upstream:track)%00%(upstream:remotename)%00%(upstream:remoteref) refs/heads/master refs/remotes/master [2ms]
2022-12-08 21:56:13.476 [info] > git status -z -uall [14ms]
2022-12-08 21:56:13.478 [info] > git for-each-ref --sort -committerdate --format %(refname) %(objectname) %(*objectname) [2ms]
2022-12-08 21:56:26.276 [info] > git config --get commit.template [13ms]
2022-12-08 21:56:26.277 [info] > git for-each-ref --format=%(refname)%00%(upstream:short)%00%(objectname)%00%(upstream:track)%00%(upstream:remotename)%00%(upstream:remoteref) refs/heads/master refs/remotes/master [2ms]
2022-12-08 21:56:26.304 [info] > git status -z -uall [13ms]
2022-12-08 21:56:26.307 [info] > git for-each-ref --sort -committerdate --format %(refname) %(objectname) %(*objectname) [1ms]
2022-12-08 21:56:39.887 [info] > git config --get commit.template [14ms]
2022-12-08 21:56:39.888 [info] > git for-each-ref --format=%(refname)%00%(upstream:short)%00%(objectname)%00%(upstream:track)%00%(upstream:remotename)%00%(upstream:remoteref) refs/heads/master refs/remotes/master [2ms]
2022-12-08 21:56:39.908 [info] > git status -z -uall [9ms]
2022-12-08 21:56:39.909 [info] > git for-each-ref --sort -committerdate --format %(refname) %(objectname) %(*objectname) [1ms]
2022-12-08 21:56:52.579 [info] > git for-each-ref --format=%(refname)%00%(upstream:short)%00%(objectname)%00%(upstream:track)%00%(upstream:remotename)%00%(upstream:remoteref) refs/heads/master refs/remotes/master [2ms]
2022-12-08 21:56:52.579 [info] > git config --get commit.template [17ms]
2022-12-08 21:56:52.603 [info] > git status -z -uall [13ms]
2022-12-08 21:56:52.604 [info] > git for-each-ref --sort -committerdate --format %(refname) %(objectname) %(*objectname) [2ms]
2022-12-08 21:57:04.711 [info] > git config --get commit.template [13ms]
2022-12-08 21:57:04.711 [info] > git for-each-ref --format=%(refname)%00%(upstream:short)%00%(objectname)%00%(upstream:track)%00%(upstream:remotename)%00%(upstream:remoteref) refs/heads/master refs/remotes/master [1ms]
2022-12-08 21:57:04.731 [info] > git status -z -uall [9ms]
2022-12-08 21:57:04.732 [info] > git for-each-ref --sort -committerdate --format %(refname) %(objectname) %(*objectname) [2ms]
2022-12-08 21:57:18.212 [info] > git config --get commit.template [17ms]
2022-12-08 21:57:18.213 [info] > git for-each-ref --format=%(refname)%00%(upstream:short)%00%(objectname)%00%(upstream:track)%00%(upstream:remotename)%00%(upstream:remoteref) refs/heads/master refs/remotes/master [2ms]
2022-12-08 21:57:18.244 [info] > git status -z -uall [16ms]
2022-12-08 21:57:18.246 [info] > git for-each-ref --sort -committerdate --format %(refname) %(objectname) %(*objectname) [2ms]
2022-12-08 21:57:33.548 [info] > git config --get commit.template [15ms]
2022-12-08 21:57:33.549 [info] > git for-each-ref --format=%(refname)%00%(upstream:short)%00%(objectname)%00%(upstream:track)%00%(upstream:remotename)%00%(upstream:remoteref) refs/heads/master refs/remotes/master [2ms]
2022-12-08 21:57:33.579 [info] > git status -z -uall [18ms]
2022-12-08 21:57:33.582 [info] > git for-each-ref --sort -committerdate --format %(refname) %(objectname) %(*objectname) [3ms]
2022-12-08 21:57:38.611 [info] > git config --get commit.template [12ms]
2022-12-08 21:57:38.612 [info] > git for-each-ref --format=%(refname)%00%(upstream:short)%00%(objectname)%00%(upstream:track)%00%(upstream:remotename)%00%(upstream:remoteref) refs/heads/master refs/remotes/master [1ms]
2022-12-08 21:57:38.636 [info] > git status -z -uall [12ms]
2022-12-08 21:57:38.637 [info] > git for-each-ref --sort -committerdate --format %(refname) %(objectname) %(*objectname) [2ms]
2022-12-08 21:57:43.672 [info] > git config --get commit.template [17ms]
2022-12-08 21:57:43.674 [info] > git for-each-ref --format=%(refname)%00%(upstream:short)%00%(objectname)%00%(upstream:track)%00%(upstream:remotename)%00%(upstream:remoteref) refs/heads/master refs/remotes/master [3ms]
2022-12-08 21:57:43.706 [info] > git status -z -uall [18ms]
2022-12-08 21:57:43.708 [info] > git for-each-ref --sort -committerdate --format %(refname) %(objectname) %(*objectname) [1ms]
2022-12-08 21:57:48.742 [info] > git config --get commit.template [15ms]
2022-12-08 21:57:48.742 [info] > git for-each-ref --format=%(refname)%00%(upstream:short)%00%(objectname)%00%(upstream:track)%00%(upstream:remotename)%00%(upstream:remoteref) refs/heads/master refs/remotes/master [1ms]
2022-12-08 21:57:48.769 [info] > git status -z -uall [13ms]
2022-12-08 21:57:48.770 [info] > git for-each-ref --sort -committerdate --format %(refname) %(objectname) %(*objectname) [2ms]
2022-12-08 21:59:40.982 [info] > git config --get commit.template [2ms]
2022-12-08 21:59:41.003 [info] > git for-each-ref --format=%(refname)%00%(upstream:short)%00%(objectname)%00%(upstream:track)%00%(upstream:remotename)%00%(upstream:remoteref) refs/heads/master refs/remotes/master [3ms]
2022-12-08 21:59:41.037 [info] > git status -z -uall [17ms]
2022-12-08 21:59:41.038 [info] > git for-each-ref --sort -committerdate --format %(refname) %(objectname) %(*objectname) [2ms]
2022-12-08 21:59:46.067 [info] > git config --get commit.template [11ms]
2022-12-08 21:59:46.068 [info] > git for-each-ref --format=%(refname)%00%(upstream:short)%00%(objectname)%00%(upstream:track)%00%(upstream:remotename)%00%(upstream:remoteref) refs/heads/master refs/remotes/master [2ms]
2022-12-08 21:59:46.087 [info] > git status -z -uall [10ms]
2022-12-08 21:59:46.090 [info] > git for-each-ref --sort -committerdate --format %(refname) %(objectname) %(*objectname) [3ms]
2022-12-08 22:00:00.575 [info] > git config --get commit.template [17ms]
2022-12-08 22:00:00.576 [info] > git for-each-ref --format=%(refname)%00%(upstream:short)%00%(objectname)%00%(upstream:track)%00%(upstream:remotename)%00%(upstream:remoteref) refs/heads/master refs/remotes/master [2ms]
2022-12-08 22:00:00.605 [info] > git status -z -uall [16ms]
2022-12-08 22:00:00.606 [info] > git for-each-ref --sort -committerdate --format %(refname) %(objectname) %(*objectname) [2ms]
2022-12-08 22:00:08.454 [info] > git config --get commit.template [11ms]
2022-12-08 22:00:08.455 [info] > git for-each-ref --format=%(refname)%00%(upstream:short)%00%(objectname)%00%(upstream:track)%00%(upstream:remotename)%00%(upstream:remoteref) refs/heads/master refs/remotes/master [1ms]
2022-12-08 22:00:08.480 [info] > git status -z -uall [11ms]
2022-12-08 22:00:08.481 [info] > git for-each-ref --sort -committerdate --format %(refname) %(objectname) %(*objectname) [2ms]
2022-12-08 22:00:16.050 [info] > git config --get commit.template [12ms]
2022-12-08 22:00:16.050 [info] > git for-each-ref --format=%(refname)%00%(upstream:short)%00%(objectname)%00%(upstream:track)%00%(upstream:remotename)%00%(upstream:remoteref) refs/heads/master refs/remotes/master [1ms]
2022-12-08 22:00:16.072 [info] > git status -z -uall [11ms]
2022-12-08 22:00:16.074 [info] > git for-each-ref --sort -committerdate --format %(refname) %(objectname) %(*objectname) [2ms]
2022-12-08 22:00:21.966 [info] > git config --get commit.template [15ms]
2022-12-08 22:00:21.966 [info] > git for-each-ref --format=%(refname)%00%(upstream:short)%00%(objectname)%00%(upstream:track)%00%(upstream:remotename)%00%(upstream:remoteref) refs/heads/master refs/remotes/master [1ms]
2022-12-08 22:00:21.996 [info] > git status -z -uall [14ms]
2022-12-08 22:00:21.997 [info] > git for-each-ref --sort -committerdate --format %(refname) %(objectname) %(*objectname) [2ms]
2022-12-08 22:00:27.034 [info] > git config --get commit.template [14ms]
2022-12-08 22:00:27.035 [info] > git for-each-ref --format=%(refname)%00%(upstream:short)%00%(objectname)%00%(upstream:track)%00%(upstream:remotename)%00%(upstream:remoteref) refs/heads/master refs/remotes/master [1ms]
2022-12-08 22:00:27.060 [info] > git status -z -uall [13ms]
2022-12-08 22:00:27.062 [info] > git for-each-ref --sort -committerdate --format %(refname) %(objectname) %(*objectname) [1ms]
2022-12-08 22:00:32.808 [info] > git config --get commit.template [13ms]
2022-12-08 22:00:32.809 [info] > git for-each-ref --format=%(refname)%00%(upstream:short)%00%(objectname)%00%(upstream:track)%00%(upstream:remotename)%00%(upstream:remoteref) refs/heads/master refs/remotes/master [2ms]
2022-12-08 22:00:32.831 [info] > git status -z -uall [11ms]
2022-12-08 22:00:32.831 [info] > git for-each-ref --sort -committerdate --format %(refname) %(objectname) %(*objectname) [0ms]
2022-12-08 22:00:37.860 [info] > git config --get commit.template [13ms]
2022-12-08 22:00:37.861 [info] > git for-each-ref --format=%(refname)%00%(upstream:short)%00%(objectname)%00%(upstream:track)%00%(upstream:remotename)%00%(upstream:remoteref) refs/heads/master refs/remotes/master [2ms]
2022-12-08 22:00:37.887 [info] > git status -z -uall [13ms]
2022-12-08 22:00:37.889 [info] > git for-each-ref --sort -committerdate --format %(refname) %(objectname) %(*objectname) [2ms]
2022-12-08 22:00:44.289 [info] > git config --get commit.template [14ms]
2022-12-08 22:00:44.289 [info] > git for-each-ref --format=%(refname)%00%(upstream:short)%00%(objectname)%00%(upstream:track)%00%(upstream:remotename)%00%(upstream:remoteref) refs/heads/master refs/remotes/master [3ms]
2022-12-08 22:00:44.314 [info] > git status -z -uall [13ms]
2022-12-08 22:00:44.315 [info] > git for-each-ref --sort -committerdate --format %(refname) %(objectname) %(*objectname) [2ms]
2022-12-08 22:00:53.238 [info] > git config --get commit.template [10ms]
2022-12-08 22:00:53.239 [info] > git for-each-ref --format=%(refname)%00%(upstream:short)%00%(objectname)%00%(upstream:track)%00%(upstream:remotename)%00%(upstream:remoteref) refs/heads/master refs/remotes/master [2ms]
2022-12-08 22:00:53.257 [info] > git status -z -uall [10ms]
2022-12-08 22:00:53.258 [info] > git for-each-ref --sort -committerdate --format %(refname) %(objectname) %(*objectname) [2ms]
2022-12-08 22:01:02.324 [info] > git config --get commit.template [14ms]
2022-12-08 22:01:02.325 [info] > git for-each-ref --format=%(refname)%00%(upstream:short)%00%(objectname)%00%(upstream:track)%00%(upstream:remotename)%00%(upstream:remoteref) refs/heads/master refs/remotes/master [2ms]
2022-12-08 22:01:02.350 [info] > git status -z -uall [13ms]
2022-12-08 22:01:02.351 [info] > git for-each-ref --sort -committerdate --format %(refname) %(objectname) %(*objectname) [1ms]
2022-12-08 22:01:11.266 [info] > git config --get commit.template [11ms]
2022-12-08 22:01:11.268 [info] > git for-each-ref --format=%(refname)%00%(upstream:short)%00%(objectname)%00%(upstream:track)%00%(upstream:remotename)%00%(upstream:remoteref) refs/heads/master refs/remotes/master [2ms]
2022-12-08 22:01:11.293 [info] > git status -z -uall [14ms]
2022-12-08 22:01:11.295 [info] > git for-each-ref --sort -committerdate --format %(refname) %(objectname) %(*objectname) [2ms]
2022-12-08 22:01:20.887 [info] > git config --get commit.template [17ms]
2022-12-08 22:01:20.889 [info] > git for-each-ref --format=%(refname)%00%(upstream:short)%00%(objectname)%00%(upstream:track)%00%(upstream:remotename)%00%(upstream:remoteref) refs/heads/master refs/remotes/master [3ms]
2022-12-08 22:01:20.920 [info] > git status -z -uall [16ms]
2022-12-08 22:01:20.921 [info] > git for-each-ref --sort -committerdate --format %(refname) %(objectname) %(*objectname) [3ms]
2022-12-08 22:01:29.551 [info] > git config --get commit.template [12ms]
2022-12-08 22:01:29.552 [info] > git for-each-ref --format=%(refname)%00%(upstream:short)%00%(objectname)%00%(upstream:track)%00%(upstream:remotename)%00%(upstream:remoteref) refs/heads/master refs/remotes/master [1ms]
2022-12-08 22:01:29.576 [info] > git status -z -uall [13ms]
2022-12-08 22:01:29.577 [info] > git for-each-ref --sort -committerdate --format %(refname) %(objectname) %(*objectname) [1ms]
2022-12-08 22:01:38.697 [info] > git config --get commit.template [14ms]
2022-12-08 22:01:38.698 [info] > git for-each-ref --format=%(refname)%00%(upstream:short)%00%(objectname)%00%(upstream:track)%00%(upstream:remotename)%00%(upstream:remoteref) refs/heads/master refs/remotes/master [1ms]
2022-12-08 22:01:38.725 [info] > git status -z -uall [13ms]
2022-12-08 22:01:38.725 [info] > git for-each-ref --sort -committerdate --format %(refname) %(objectname) %(*objectname) [1ms]
2022-12-08 22:01:48.131 [info] > git config --get commit.template [14ms]
2022-12-08 22:01:48.132 [info] > git for-each-ref --format=%(refname)%00%(upstream:short)%00%(objectname)%00%(upstream:track)%00%(upstream:remotename)%00%(upstream:remoteref) refs/heads/master refs/remotes/master [2ms]
2022-12-08 22:01:48.156 [info] > git status -z -uall [14ms]
2022-12-08 22:01:48.157 [info] > git for-each-ref --sort -committerdate --format %(refname) %(objectname) %(*objectname) [1ms]
2022-12-08 22:01:58.138 [info] > git config --get commit.template [17ms]
2022-12-08 22:01:58.139 [info] > git for-each-ref --format=%(refname)%00%(upstream:short)%00%(objectname)%00%(upstream:track)%00%(upstream:remotename)%00%(upstream:remoteref) refs/heads/master refs/remotes/master [2ms]
2022-12-08 22:01:58.166 [info] > git status -z -uall [13ms]
2022-12-08 22:01:58.166 [info] > git for-each-ref --sort -committerdate --format %(refname) %(objectname) %(*objectname) [1ms]
2022-12-08 22:02:07.856 [info] > git config --get commit.template [14ms]
2022-12-08 22:02:07.857 [info] > git for-each-ref --format=%(refname)%00%(upstream:short)%00%(objectname)%00%(upstream:track)%00%(upstream:remotename)%00%(upstream:remoteref) refs/heads/master refs/remotes/master [1ms]
2022-12-08 22:02:07.879 [info] > git status -z -uall [11ms]
2022-12-08 22:02:07.880 [info] > git for-each-ref --sort -committerdate --format %(refname) %(objectname) %(*objectname) [1ms]
2022-12-08 22:02:17.594 [info] > git config --get commit.template [16ms]
2022-12-08 22:02:17.596 [info] > git for-each-ref --format=%(refname)%00%(upstream:short)%00%(objectname)%00%(upstream:track)%00%(upstream:remotename)%00%(upstream:remoteref) refs/heads/master refs/remotes/master [2ms]
2022-12-08 22:02:17.622 [info] > git status -z -uall [12ms]
2022-12-08 22:02:17.624 [info] > git for-each-ref --sort -committerdate --format %(refname) %(objectname) %(*objectname) [1ms]
2022-12-08 22:02:26.683 [info] > git config --get commit.template [1ms]
2022-12-08 22:02:26.698 [info] > git for-each-ref --format=%(refname)%00%(upstream:short)%00%(objectname)%00%(upstream:track)%00%(upstream:remotename)%00%(upstream:remoteref) refs/heads/master refs/remotes/master [2ms]
2022-12-08 22:02:26.739 [info] > git status -z -uall [28ms]
2022-12-08 22:02:26.740 [info] > git for-each-ref --sort -committerdate --format %(refname) %(objectname) %(*objectname) [2ms]
2022-12-08 22:02:36.451 [info] > git config --get commit.template [14ms]
2022-12-08 22:02:36.452 [info] > git for-each-ref --format=%(refname)%00%(upstream:short)%00%(objectname)%00%(upstream:track)%00%(upstream:remotename)%00%(upstream:remoteref) refs/heads/master refs/remotes/master [2ms]
2022-12-08 22:02:36.479 [info] > git status -z -uall [15ms]
2022-12-08 22:02:36.480 [info] > git for-each-ref --sort -committerdate --format %(refname) %(objectname) %(*objectname) [1ms]
2022-12-08 22:02:45.966 [info] > git config --get commit.template [13ms]
2022-12-08 22:02:45.967 [info] > git for-each-ref --format=%(refname)%00%(upstream:short)%00%(objectname)%00%(upstream:track)%00%(upstream:remotename)%00%(upstream:remoteref) refs/heads/master refs/remotes/master [2ms]
2022-12-08 22:02:45.988 [info] > git status -z -uall [10ms]
2022-12-08 22:02:45.989 [info] > git for-each-ref --sort -committerdate --format %(refname) %(objectname) %(*objectname) [2ms]
2022-12-08 22:02:55.701 [info] > git config --get commit.template [15ms]
2022-12-08 22:02:55.701 [info] > git for-each-ref --format=%(refname)%00%(upstream:short)%00%(objectname)%00%(upstream:track)%00%(upstream:remotename)%00%(upstream:remoteref) refs/heads/master refs/remotes/master [2ms]
2022-12-08 22:02:55.724 [info] > git status -z -uall [12ms]
2022-12-08 22:02:55.725 [info] > git for-each-ref --sort -committerdate --format %(refname) %(objectname) %(*objectname) [2ms]
2022-12-08 22:03:05.918 [info] > git config --get commit.template [15ms]
2022-12-08 22:03:05.919 [info] > git for-each-ref --format=%(refname)%00%(upstream:short)%00%(objectname)%00%(upstream:track)%00%(upstream:remotename)%00%(upstream:remoteref) refs/heads/master refs/remotes/master [2ms]
2022-12-08 22:03:05.945 [info] > git status -z -uall [11ms]
2022-12-08 22:03:05.946 [info] > git for-each-ref --sort -committerdate --format %(refname) %(objectname) %(*objectname) [2ms]
2022-12-08 22:05:00.505 [info] > git config --get commit.template [30ms]
2022-12-08 22:05:00.506 [info] > git for-each-ref --format=%(refname)%00%(upstream:short)%00%(objectname)%00%(upstream:track)%00%(upstream:remotename)%00%(upstream:remoteref) refs/heads/master refs/remotes/master [2ms]
2022-12-08 22:05:00.533 [info] > git status -z -uall [13ms]
2022-12-08 22:05:00.534 [info] > git for-each-ref --sort -committerdate --format %(refname) %(objectname) %(*objectname) [1ms]
2022-12-08 22:05:07.356 [info] > git config --get commit.template [10ms]
2022-12-08 22:05:07.357 [info] > git for-each-ref --format=%(refname)%00%(upstream:short)%00%(objectname)%00%(upstream:track)%00%(upstream:remotename)%00%(upstream:remoteref) refs/heads/master refs/remotes/master [1ms]
2022-12-08 22:05:07.379 [info] > git status -z -uall [11ms]
2022-12-08 22:05:07.380 [info] > git for-each-ref --sort -committerdate --format %(refname) %(objectname) %(*objectname) [2ms]
2022-12-08 22:05:15.129 [info] > git config --get commit.template [9ms]
2022-12-08 22:05:15.129 [info] > git for-each-ref --format=%(refname)%00%(upstream:short)%00%(objectname)%00%(upstream:track)%00%(upstream:remotename)%00%(upstream:remoteref) refs/heads/master refs/remotes/master [1ms]
2022-12-08 22:05:15.153 [info] > git status -z -uall [12ms]
2022-12-08 22:05:15.154 [info] > git for-each-ref --sort -committerdate --format %(refname) %(objectname) %(*objectname) [2ms]
2022-12-08 22:05:23.429 [info] > git config --get commit.template [12ms]
2022-12-08 22:05:23.430 [info] > git for-each-ref --format=%(refname)%00%(upstream:short)%00%(objectname)%00%(upstream:track)%00%(upstream:remotename)%00%(upstream:remoteref) refs/heads/master refs/remotes/master [1ms]
2022-12-08 22:05:23.451 [info] > git status -z -uall [10ms]
2022-12-08 22:05:23.452 [info] > git for-each-ref --sort -committerdate --format %(refname) %(objectname) %(*objectname) [1ms]
2022-12-08 22:05:31.247 [info] > git config --get commit.template [14ms]
2022-12-08 22:05:31.248 [info] > git for-each-ref --format=%(refname)%00%(upstream:short)%00%(objectname)%00%(upstream:track)%00%(upstream:remotename)%00%(upstream:remoteref) refs/heads/master refs/remotes/master [2ms]
2022-12-08 22:05:31.276 [info] > git status -z -uall [16ms]
2022-12-08 22:05:31.276 [info] > git for-each-ref --sort -committerdate --format %(refname) %(objectname) %(*objectname) [3ms]
2022-12-08 22:05:40.139 [info] > git config --get commit.template [17ms]
2022-12-08 22:05:40.140 [info] > git for-each-ref --format=%(refname)%00%(upstream:short)%00%(objectname)%00%(upstream:track)%00%(upstream:remotename)%00%(upstream:remoteref) refs/heads/master refs/remotes/master [2ms]
2022-12-08 22:05:40.173 [info] > git status -z -uall [18ms]
2022-12-08 22:05:40.175 [info] > git for-each-ref --sort -committerdate --format %(refname) %(objectname) %(*objectname) [2ms]
2022-12-08 22:05:48.614 [info] > git config --get commit.template [12ms]
2022-12-08 22:05:48.614 [info] > git for-each-ref --format=%(refname)%00%(upstream:short)%00%(objectname)%00%(upstream:track)%00%(upstream:remotename)%00%(upstream:remoteref) refs/heads/master refs/remotes/master [1ms]
2022-12-08 22:05:48.633 [info] > git for-each-ref --sort -committerdate --format %(refname) %(objectname) %(*objectname) [1ms]
2022-12-08 22:05:48.633 [info] > git status -z -uall [8ms]
2022-12-08 22:05:58.002 [info] > git config --get commit.template [12ms]
2022-12-08 22:05:58.003 [info] > git for-each-ref --format=%(refname)%00%(upstream:short)%00%(objectname)%00%(upstream:track)%00%(upstream:remotename)%00%(upstream:remoteref) refs/heads/master refs/remotes/master [1ms]
2022-12-08 22:05:58.030 [info] > git status -z -uall [13ms]
2022-12-08 22:05:58.031 [info] > git for-each-ref --sort -committerdate --format %(refname) %(objectname) %(*objectname) [1ms]
2022-12-08 22:06:08.586 [info] > git config --get commit.template [12ms]
2022-12-08 22:06:08.588 [info] > git for-each-ref --format=%(refname)%00%(upstream:short)%00%(objectname)%00%(upstream:track)%00%(upstream:remotename)%00%(upstream:remoteref) refs/heads/master refs/remotes/master [2ms]
2022-12-08 22:06:08.612 [info] > git status -z -uall [13ms]
2022-12-08 22:06:08.614 [info] > git for-each-ref --sort -committerdate --format %(refname) %(objectname) %(*objectname) [1ms]
2022-12-08 22:06:18.214 [info] > git config --get commit.template [10ms]
2022-12-08 22:06:18.215 [info] > git for-each-ref --format=%(refname)%00%(upstream:short)%00%(objectname)%00%(upstream:track)%00%(upstream:remotename)%00%(upstream:remoteref) refs/heads/master refs/remotes/master [1ms]
2022-12-08 22:06:18.241 [info] > git status -z -uall [12ms]
2022-12-08 22:06:18.242 [info] > git for-each-ref --sort -committerdate --format %(refname) %(objectname) %(*objectname) [2ms]
2022-12-08 22:06:29.503 [info] > git config --get commit.template [3ms]
2022-12-08 22:06:29.520 [info] > git for-each-ref --format=%(refname)%00%(upstream:short)%00%(objectname)%00%(upstream:track)%00%(upstream:remotename)%00%(upstream:remoteref) refs/heads/master refs/remotes/master [2ms]
2022-12-08 22:06:29.544 [info] > git status -z -uall [11ms]
2022-12-08 22:06:29.545 [info] > git for-each-ref --sort -committerdate --format %(refname) %(objectname) %(*objectname) [2ms]
2022-12-08 22:06:41.076 [info] > git config --get commit.template [11ms]
2022-12-08 22:06:41.076 [info] > git for-each-ref --format=%(refname)%00%(upstream:short)%00%(objectname)%00%(upstream:track)%00%(upstream:remotename)%00%(upstream:remoteref) refs/heads/master refs/remotes/master [1ms]
2022-12-08 22:06:41.104 [info] > git status -z -uall [15ms]
2022-12-08 22:06:41.105 [info] > git for-each-ref --sort -committerdate --format %(refname) %(objectname) %(*objectname) [2ms]
2022-12-08 22:06:53.643 [info] > git config --get commit.template [12ms]
2022-12-08 22:06:53.644 [info] > git for-each-ref --format=%(refname)%00%(upstream:short)%00%(objectname)%00%(upstream:track)%00%(upstream:remotename)%00%(upstream:remoteref) refs/heads/master refs/remotes/master [1ms]
2022-12-08 22:06:53.665 [info] > git status -z -uall [11ms]
2022-12-08 22:06:53.666 [info] > git for-each-ref --sort -committerdate --format %(refname) %(objectname) %(*objectname) [1ms]
2022-12-08 22:07:07.062 [info] > git config --get commit.template [14ms]
2022-12-08 22:07:07.062 [info] > git for-each-ref --format=%(refname)%00%(upstream:short)%00%(objectname)%00%(upstream:track)%00%(upstream:remotename)%00%(upstream:remoteref) refs/heads/master refs/remotes/master [1ms]
2022-12-08 22:07:07.087 [info] > git status -z -uall [12ms]
2022-12-08 22:07:07.088 [info] > git for-each-ref --sort -committerdate --format %(refname) %(objectname) %(*objectname) [2ms]
2022-12-08 22:07:19.043 [info] > git config --get commit.template [12ms]
2022-12-08 22:07:19.044 [info] > git for-each-ref --format=%(refname)%00%(upstream:short)%00%(objectname)%00%(upstream:track)%00%(upstream:remotename)%00%(upstream:remoteref) refs/heads/master refs/remotes/master [1ms]
2022-12-08 22:07:19.068 [info] > git status -z -uall [13ms]
2022-12-08 22:07:19.070 [info] > git for-each-ref --sort -committerdate --format %(refname) %(objectname) %(*objectname) [2ms]
2022-12-08 22:07:30.914 [info] > git config --get commit.template [14ms]
2022-12-08 22:07:30.915 [info] > git for-each-ref --format=%(refname)%00%(upstream:short)%00%(objectname)%00%(upstream:track)%00%(upstream:remotename)%00%(upstream:remoteref) refs/heads/master refs/remotes/master [2ms]
2022-12-08 22:07:30.938 [info] > git status -z -uall [11ms]
2022-12-08 22:07:30.939 [info] > git for-each-ref --sort -committerdate --format %(refname) %(objectname) %(*objectname) [1ms]
2022-12-08 22:07:42.804 [info] > git for-each-ref --format=%(refname)%00%(upstream:short)%00%(objectname)%00%(upstream:track)%00%(upstream:remotename)%00%(upstream:remoteref) refs/heads/master refs/remotes/master [2ms]
2022-12-08 22:07:42.804 [info] > git config --get commit.template [18ms]
2022-12-08 22:07:42.830 [info] > git status -z -uall [12ms]
2022-12-08 22:07:42.830 [info] > git for-each-ref --sort -committerdate --format %(refname) %(objectname) %(*objectname) [1ms]
2022-12-08 22:07:54.573 [info] > git for-each-ref --format=%(refname)%00%(upstream:short)%00%(objectname)%00%(upstream:track)%00%(upstream:remotename)%00%(upstream:remoteref) refs/heads/master refs/remotes/master [2ms]
2022-12-08 22:07:54.573 [info] > git config --get commit.template [15ms]
2022-12-08 22:07:54.598 [info] > git status -z -uall [12ms]
2022-12-08 22:07:54.599 [info] > git for-each-ref --sort -committerdate --format %(refname) %(objectname) %(*objectname) [2ms]
2022-12-08 22:08:06.339 [info] > git config --get commit.template [16ms]
2022-12-08 22:08:06.340 [info] > git for-each-ref --format=%(refname)%00%(upstream:short)%00%(objectname)%00%(upstream:track)%00%(upstream:remotename)%00%(upstream:remoteref) refs/heads/master refs/remotes/master [2ms]
2022-12-08 22:08:06.366 [info] > git status -z -uall [11ms]
2022-12-08 22:08:06.368 [info] > git for-each-ref --sort -committerdate --format %(refname) %(objectname) %(*objectname) [3ms]
2022-12-08 22:08:19.660 [info] > git config --get commit.template [12ms]
2022-12-08 22:08:19.661 [info] > git for-each-ref --format=%(refname)%00%(upstream:short)%00%(objectname)%00%(upstream:track)%00%(upstream:remotename)%00%(upstream:remoteref) refs/heads/master refs/remotes/master [1ms]
2022-12-08 22:08:19.684 [info] > git status -z -uall [12ms]
2022-12-08 22:08:19.685 [info] > git for-each-ref --sort -committerdate --format %(refname) %(objectname) %(*objectname) [1ms]
2022-12-08 22:08:31.778 [info] > git config --get commit.template [12ms]
2022-12-08 22:08:31.779 [info] > git for-each-ref --format=%(refname)%00%(upstream:short)%00%(objectname)%00%(upstream:track)%00%(upstream:remotename)%00%(upstream:remoteref) refs/heads/master refs/remotes/master [1ms]
2022-12-08 22:08:31.803 [info] > git status -z -uall [12ms]
2022-12-08 22:08:31.804 [info] > git for-each-ref --sort -committerdate --format %(refname) %(objectname) %(*objectname) [2ms]
