2022-12-08 20:51:11.367 [info] Log level: Info
2022-12-08 20:51:11.367 [info] Validating found git in: "git"
2022-12-08 20:51:11.367 [info] Using git "2.37.3" from "git"
2022-12-08 20:51:11.367 [info] > git rev-parse --show-toplevel [4ms]
2022-12-08 20:51:11.367 [info] > git rev-parse --git-dir --git-common-dir [12ms]
2022-12-08 20:51:11.367 [info] Open repository: /workspace/games
2022-12-08 20:51:11.367 [info] > git rev-parse --show-toplevel [13ms]
2022-12-08 20:51:11.367 [info] > git rev-parse --show-toplevel [1ms]
2022-12-08 20:51:11.367 [info] > git config --get commit.template [16ms]
2022-12-08 20:51:11.367 [info] > git for-each-ref --format=%(refname)%00%(upstream:short)%00%(objectname)%00%(upstream:track)%00%(upstream:remotename)%00%(upstream:remoteref) refs/heads/master refs/remotes/master [2ms]
2022-12-08 20:51:11.367 [info] > git status -z -uall [8ms]
2022-12-08 20:51:11.367 [info] > git for-each-ref --sort -committerdate --format %(refname) %(objectname) %(*objectname) [2ms]
2022-12-08 20:51:11.367 [info] > git config --get commit.template [7ms]
2022-12-08 20:51:11.367 [info] > git for-each-ref --format=%(refname)%00%(upstream:short)%00%(objectname)%00%(upstream:track)%00%(upstream:remotename)%00%(upstream:remoteref) refs/heads/master refs/remotes/master [2ms]
2022-12-08 20:51:11.367 [info] > git status -z -uall [24ms]
2022-12-08 20:51:11.367 [info] > git for-each-ref --sort -committerdate --format %(refname) %(objectname) %(*objectname) [7ms]
2022-12-08 20:51:11.367 [info] > git check-ignore -v -z --stdin [3ms]
2022-12-08 20:51:11.894 [info] > git config --local branch.master.github-pr-owner-number [59ms]
2022-12-08 20:51:17.399 [info] > git show --textconv :tic_tac_toe/fogel.py [7ms]
2022-12-08 20:51:17.400 [info] > git ls-files --stage -- /workspace/games/tic_tac_toe/fogel.py [2ms]
2022-12-08 20:51:17.407 [info] > git cat-file -s f4da96e5fe89741694249e71a41a32130c4632ac [1ms]
2022-12-08 20:51:18.188 [info] > git check-ignore -v -z --stdin [1ms]
2022-12-08 20:55:02.660 [info] > git config --get commit.template [7ms]
2022-12-08 20:55:02.661 [info] > git for-each-ref --format=%(refname)%00%(upstream:short)%00%(objectname)%00%(upstream:track)%00%(upstream:remotename)%00%(upstream:remoteref) refs/heads/master refs/remotes/master [1ms]
2022-12-08 20:55:02.679 [info] > git status -z -uall [10ms]
2022-12-08 20:55:02.680 [info] > git for-each-ref --sort -committerdate --format %(refname) %(objectname) %(*objectname) [2ms]
2022-12-08 20:55:09.585 [info] > git config --get commit.template [7ms]
2022-12-08 20:55:09.585 [info] > git for-each-ref --format=%(refname)%00%(upstream:short)%00%(objectname)%00%(upstream:track)%00%(upstream:remotename)%00%(upstream:remoteref) refs/heads/master refs/remotes/master [1ms]
2022-12-08 20:55:09.599 [info] > git for-each-ref --sort -committerdate --format %(refname) %(objectname) %(*objectname) [1ms]
2022-12-08 20:55:09.599 [info] > git status -z -uall [8ms]
2022-12-08 20:57:20.713 [info] > git config --get commit.template [8ms]
2022-12-08 20:57:20.714 [info] > git for-each-ref --format=%(refname)%00%(upstream:short)%00%(objectname)%00%(upstream:track)%00%(upstream:remotename)%00%(upstream:remoteref) refs/heads/master refs/remotes/master [2ms]
2022-12-08 20:57:20.739 [info] > git status -z -uall [16ms]
2022-12-08 20:57:20.742 [info] > git for-each-ref --sort -committerdate --format %(refname) %(objectname) %(*objectname) [3ms]
2022-12-08 20:58:24.022 [info] > git config --get commit.template [10ms]
2022-12-08 20:58:24.023 [info] > git for-each-ref --format=%(refname)%00%(upstream:short)%00%(objectname)%00%(upstream:track)%00%(upstream:remotename)%00%(upstream:remoteref) refs/heads/master refs/remotes/master [1ms]
2022-12-08 20:58:24.056 [info] > git status -z -uall [20ms]
2022-12-08 20:58:24.056 [info] > git for-each-ref --sort -committerdate --format %(refname) %(objectname) %(*objectname) [9ms]
2022-12-08 20:58:32.136 [info] > git config --get commit.template [20ms]
2022-12-08 20:58:32.139 [info] > git for-each-ref --format=%(refname)%00%(upstream:short)%00%(objectname)%00%(upstream:track)%00%(upstream:remotename)%00%(upstream:remoteref) refs/heads/master refs/remotes/master [4ms]
2022-12-08 20:58:32.166 [info] > git for-each-ref --sort -committerdate --format %(refname) %(objectname) %(*objectname) [1ms]
2022-12-08 20:58:32.167 [info] > git status -z -uall [9ms]
2022-12-08 20:58:42.947 [info] > git config --get commit.template [27ms]
2022-12-08 20:58:42.949 [info] > git for-each-ref --format=%(refname)%00%(upstream:short)%00%(objectname)%00%(upstream:track)%00%(upstream:remotename)%00%(upstream:remoteref) refs/heads/master refs/remotes/master [7ms]
2022-12-08 20:58:42.982 [info] > git status -z -uall [14ms]
2022-12-08 20:58:42.983 [info] > git for-each-ref --sort -committerdate --format %(refname) %(objectname) %(*objectname) [2ms]
2022-12-08 20:59:05.663 [info] > git config --get commit.template [11ms]
2022-12-08 20:59:05.664 [info] > git for-each-ref --format=%(refname)%00%(upstream:short)%00%(objectname)%00%(upstream:track)%00%(upstream:remotename)%00%(upstream:remoteref) refs/heads/master refs/remotes/master [2ms]
2022-12-08 20:59:05.681 [info] > git status -z -uall [10ms]
2022-12-08 20:59:05.682 [info] > git for-each-ref --sort -committerdate --format %(refname) %(objectname) %(*objectname) [1ms]
2022-12-08 20:59:10.700 [info] > git config --get commit.template [2ms]
2022-12-08 20:59:10.713 [info] > git for-each-ref --format=%(refname)%00%(upstream:short)%00%(objectname)%00%(upstream:track)%00%(upstream:remotename)%00%(upstream:remoteref) refs/heads/master refs/remotes/master [2ms]
2022-12-08 20:59:10.740 [info] > git for-each-ref --sort -committerdate --format %(refname) %(objectname) %(*objectname) [2ms]
2022-12-08 20:59:10.743 [info] > git status -z -uall [17ms]
2022-12-08 20:59:15.758 [info] > git config --get commit.template [1ms]
2022-12-08 20:59:15.767 [info] > git for-each-ref --format=%(refname)%00%(upstream:short)%00%(objectname)%00%(upstream:track)%00%(upstream:remotename)%00%(upstream:remoteref) refs/heads/master refs/remotes/master [2ms]
2022-12-08 20:59:15.787 [info] > git status -z -uall [9ms]
2022-12-08 20:59:15.789 [info] > git for-each-ref --sort -committerdate --format %(refname) %(objectname) %(*objectname) [1ms]
2022-12-08 20:59:21.571 [info] > git config --get commit.template [2ms]
2022-12-08 20:59:21.584 [info] > git for-each-ref --format=%(refname)%00%(upstream:short)%00%(objectname)%00%(upstream:track)%00%(upstream:remotename)%00%(upstream:remoteref) refs/heads/master refs/remotes/master [1ms]
2022-12-08 20:59:21.605 [info] > git status -z -uall [10ms]
2022-12-08 20:59:21.606 [info] > git for-each-ref --sort -committerdate --format %(refname) %(objectname) %(*objectname) [1ms]
2022-12-08 20:59:30.953 [info] > git config --get commit.template [14ms]
2022-12-08 20:59:30.953 [info] > git for-each-ref --format=%(refname)%00%(upstream:short)%00%(objectname)%00%(upstream:track)%00%(upstream:remotename)%00%(upstream:remoteref) refs/heads/master refs/remotes/master [2ms]
2022-12-08 20:59:30.974 [info] > git for-each-ref --sort -committerdate --format %(refname) %(objectname) %(*objectname) [2ms]
2022-12-08 20:59:30.976 [info] > git status -z -uall [11ms]
2022-12-08 20:59:40.262 [info] > git config --get commit.template [12ms]
2022-12-08 20:59:40.263 [info] > git for-each-ref --format=%(refname)%00%(upstream:short)%00%(objectname)%00%(upstream:track)%00%(upstream:remotename)%00%(upstream:remoteref) refs/heads/master refs/remotes/master [1ms]
2022-12-08 20:59:40.283 [info] > git status -z -uall [10ms]
2022-12-08 20:59:40.285 [info] > git for-each-ref --sort -committerdate --format %(refname) %(objectname) %(*objectname) [2ms]
2022-12-08 20:59:45.308 [info] > git config --get commit.template [11ms]
2022-12-08 20:59:45.309 [info] > git for-each-ref --format=%(refname)%00%(upstream:short)%00%(objectname)%00%(upstream:track)%00%(upstream:remotename)%00%(upstream:remoteref) refs/heads/master refs/remotes/master [1ms]
2022-12-08 20:59:45.333 [info] > git status -z -uall [14ms]
2022-12-08 20:59:45.334 [info] > git for-each-ref --sort -committerdate --format %(refname) %(objectname) %(*objectname) [2ms]
2022-12-08 20:59:50.357 [info] > git config --get commit.template [9ms]
2022-12-08 20:59:50.358 [info] > git for-each-ref --format=%(refname)%00%(upstream:short)%00%(objectname)%00%(upstream:track)%00%(upstream:remotename)%00%(upstream:remoteref) refs/heads/master refs/remotes/master [1ms]
2022-12-08 20:59:50.376 [info] > git status -z -uall [11ms]
2022-12-08 20:59:50.377 [info] > git for-each-ref --sort -committerdate --format %(refname) %(objectname) %(*objectname) [2ms]
2022-12-08 20:59:55.401 [info] > git config --get commit.template [10ms]
2022-12-08 20:59:55.402 [info] > git for-each-ref --format=%(refname)%00%(upstream:short)%00%(objectname)%00%(upstream:track)%00%(upstream:remotename)%00%(upstream:remoteref) refs/heads/master refs/remotes/master [2ms]
2022-12-08 20:59:55.421 [info] > git status -z -uall [12ms]
2022-12-08 20:59:55.422 [info] > git for-each-ref --sort -committerdate --format %(refname) %(objectname) %(*objectname) [2ms]
2022-12-08 21:01:03.536 [info] > git for-each-ref --format=%(refname)%00%(upstream:short)%00%(objectname)%00%(upstream:track)%00%(upstream:remotename)%00%(upstream:remoteref) refs/heads/master refs/remotes/master [1ms]
2022-12-08 21:01:03.536 [info] > git config --get commit.template [13ms]
2022-12-08 21:01:03.565 [info] > git status -z -uall [14ms]
2022-12-08 21:01:03.566 [info] > git for-each-ref --sort -committerdate --format %(refname) %(objectname) %(*objectname) [2ms]
2022-12-08 21:01:22.612 [info] > git config --get commit.template [7ms]
2022-12-08 21:01:22.613 [info] > git for-each-ref --format=%(refname)%00%(upstream:short)%00%(objectname)%00%(upstream:track)%00%(upstream:remotename)%00%(upstream:remoteref) refs/heads/master refs/remotes/master [1ms]
2022-12-08 21:01:22.643 [info] > git status -z -uall [24ms]
2022-12-08 21:01:22.645 [info] > git for-each-ref --sort -committerdate --format %(refname) %(objectname) %(*objectname) [1ms]
2022-12-08 21:01:29.892 [info] > git config --get commit.template [8ms]
2022-12-08 21:01:29.893 [info] > git for-each-ref --format=%(refname)%00%(upstream:short)%00%(objectname)%00%(upstream:track)%00%(upstream:remotename)%00%(upstream:remoteref) refs/heads/master refs/remotes/master [2ms]
2022-12-08 21:01:29.918 [info] > git status -z -uall [11ms]
2022-12-08 21:01:29.919 [info] > git for-each-ref --sort -committerdate --format %(refname) %(objectname) %(*objectname) [2ms]
2022-12-08 21:01:55.455 [info] > git config --get commit.template [9ms]
2022-12-08 21:01:55.455 [info] > git for-each-ref --format=%(refname)%00%(upstream:short)%00%(objectname)%00%(upstream:track)%00%(upstream:remotename)%00%(upstream:remoteref) refs/heads/master refs/remotes/master [1ms]
2022-12-08 21:01:55.475 [info] > git status -z -uall [10ms]
2022-12-08 21:01:55.476 [info] > git for-each-ref --sort -committerdate --format %(refname) %(objectname) %(*objectname) [1ms]
2022-12-08 21:02:00.491 [info] > git config --get commit.template [2ms]
2022-12-08 21:02:00.502 [info] > git for-each-ref --format=%(refname)%00%(upstream:short)%00%(objectname)%00%(upstream:track)%00%(upstream:remotename)%00%(upstream:remoteref) refs/heads/master refs/remotes/master [2ms]
2022-12-08 21:02:00.523 [info] > git status -z -uall [11ms]
2022-12-08 21:02:00.525 [info] > git for-each-ref --sort -committerdate --format %(refname) %(objectname) %(*objectname) [2ms]
2022-12-08 21:02:06.066 [info] > git config --get commit.template [2ms]
2022-12-08 21:02:06.076 [info] > git for-each-ref --format=%(refname)%00%(upstream:short)%00%(objectname)%00%(upstream:track)%00%(upstream:remotename)%00%(upstream:remoteref) refs/heads/master refs/remotes/master [2ms]
2022-12-08 21:02:06.094 [info] > git status -z -uall [9ms]
2022-12-08 21:02:06.095 [info] > git for-each-ref --sort -committerdate --format %(refname) %(objectname) %(*objectname) [2ms]
2022-12-08 21:02:13.866 [info] > git config --get commit.template [0ms]
2022-12-08 21:02:13.878 [info] > git for-each-ref --format=%(refname)%00%(upstream:short)%00%(objectname)%00%(upstream:track)%00%(upstream:remotename)%00%(upstream:remoteref) refs/heads/master refs/remotes/master [1ms]
2022-12-08 21:02:13.896 [info] > git status -z -uall [9ms]
2022-12-08 21:02:13.896 [info] > git for-each-ref --sort -committerdate --format %(refname) %(objectname) %(*objectname) [2ms]
2022-12-08 21:02:21.706 [info] > git config --get commit.template [8ms]
2022-12-08 21:02:21.707 [info] > git for-each-ref --format=%(refname)%00%(upstream:short)%00%(objectname)%00%(upstream:track)%00%(upstream:remotename)%00%(upstream:remoteref) refs/heads/master refs/remotes/master [1ms]
2022-12-08 21:02:21.726 [info] > git status -z -uall [9ms]
2022-12-08 21:02:21.727 [info] > git for-each-ref --sort -committerdate --format %(refname) %(objectname) %(*objectname) [3ms]
2022-12-08 21:02:30.060 [info] > git config --get commit.template [9ms]
2022-12-08 21:02:30.060 [info] > git for-each-ref --format=%(refname)%00%(upstream:short)%00%(objectname)%00%(upstream:track)%00%(upstream:remotename)%00%(upstream:remoteref) refs/heads/master refs/remotes/master [3ms]
2022-12-08 21:02:30.080 [info] > git status -z -uall [12ms]
2022-12-08 21:02:30.081 [info] > git for-each-ref --sort -committerdate --format %(refname) %(objectname) %(*objectname) [2ms]
2022-12-08 21:02:39.376 [info] > git config --get commit.template [13ms]
2022-12-08 21:02:39.377 [info] > git for-each-ref --format=%(refname)%00%(upstream:short)%00%(objectname)%00%(upstream:track)%00%(upstream:remotename)%00%(upstream:remoteref) refs/heads/master refs/remotes/master [2ms]
2022-12-08 21:02:39.401 [info] > git status -z -uall [11ms]
2022-12-08 21:02:39.402 [info] > git for-each-ref --sort -committerdate --format %(refname) %(objectname) %(*objectname) [1ms]
2022-12-08 21:02:47.817 [info] > git config --get commit.template [10ms]
2022-12-08 21:02:47.817 [info] > git for-each-ref --format=%(refname)%00%(upstream:short)%00%(objectname)%00%(upstream:track)%00%(upstream:remotename)%00%(upstream:remoteref) refs/heads/master refs/remotes/master [1ms]
2022-12-08 21:02:47.850 [info] > git status -z -uall [19ms]
2022-12-08 21:02:47.851 [info] > git for-each-ref --sort -committerdate --format %(refname) %(objectname) %(*objectname) [1ms]
2022-12-08 21:04:06.340 [info] > git config --get commit.template [5ms]
2022-12-08 21:04:06.352 [info] > git for-each-ref --format=%(refname)%00%(upstream:short)%00%(objectname)%00%(upstream:track)%00%(upstream:remotename)%00%(upstream:remoteref) refs/heads/master refs/remotes/master [1ms]
2022-12-08 21:04:06.371 [info] > git status -z -uall [8ms]
2022-12-08 21:04:06.373 [info] > git for-each-ref --sort -committerdate --format %(refname) %(objectname) %(*objectname) [2ms]
2022-12-08 21:05:24.938 [info] > git config --get commit.template [20ms]
2022-12-08 21:05:24.938 [info] > git for-each-ref --format=%(refname)%00%(upstream:short)%00%(objectname)%00%(upstream:track)%00%(upstream:remotename)%00%(upstream:remoteref) refs/heads/master refs/remotes/master [2ms]
2022-12-08 21:05:24.960 [info] > git status -z -uall [12ms]
2022-12-08 21:05:24.960 [info] > git for-each-ref --sort -committerdate --format %(refname) %(objectname) %(*objectname) [2ms]
2022-12-08 21:05:29.983 [info] > git config --get commit.template [9ms]
2022-12-08 21:05:29.985 [info] > git for-each-ref --format=%(refname)%00%(upstream:short)%00%(objectname)%00%(upstream:track)%00%(upstream:remotename)%00%(upstream:remoteref) refs/heads/master refs/remotes/master [2ms]
2022-12-08 21:05:30.001 [info] > git status -z -uall [9ms]
2022-12-08 21:05:30.003 [info] > git for-each-ref --sort -committerdate --format %(refname) %(objectname) %(*objectname) [2ms]
2022-12-08 21:05:35.033 [info] > git config --get commit.template [15ms]
2022-12-08 21:05:35.034 [info] > git for-each-ref --format=%(refname)%00%(upstream:short)%00%(objectname)%00%(upstream:track)%00%(upstream:remotename)%00%(upstream:remoteref) refs/heads/master refs/remotes/master [2ms]
2022-12-08 21:05:35.057 [info] > git status -z -uall [10ms]
2022-12-08 21:05:35.057 [info] > git for-each-ref --sort -committerdate --format %(refname) %(objectname) %(*objectname) [1ms]
2022-12-08 21:05:43.594 [info] > git config --get commit.template [11ms]
2022-12-08 21:05:43.595 [info] > git for-each-ref --format=%(refname)%00%(upstream:short)%00%(objectname)%00%(upstream:track)%00%(upstream:remotename)%00%(upstream:remoteref) refs/heads/master refs/remotes/master [2ms]
2022-12-08 21:05:43.615 [info] > git status -z -uall [10ms]
2022-12-08 21:05:43.616 [info] > git for-each-ref --sort -committerdate --format %(refname) %(objectname) %(*objectname) [1ms]
2022-12-08 21:05:53.619 [info] > git config --get commit.template [7ms]
2022-12-08 21:05:53.619 [info] > git for-each-ref --format=%(refname)%00%(upstream:short)%00%(objectname)%00%(upstream:track)%00%(upstream:remotename)%00%(upstream:remoteref) refs/heads/master refs/remotes/master [1ms]
2022-12-08 21:05:53.640 [info] > git status -z -uall [13ms]
2022-12-08 21:05:53.640 [info] > git for-each-ref --sort -committerdate --format %(refname) %(objectname) %(*objectname) [1ms]
2022-12-08 21:08:50.811 [info] > git config --get commit.template [1ms]
2022-12-08 21:08:50.822 [info] > git for-each-ref --format=%(refname)%00%(upstream:short)%00%(objectname)%00%(upstream:track)%00%(upstream:remotename)%00%(upstream:remoteref) refs/heads/master refs/remotes/master [2ms]
2022-12-08 21:08:50.842 [info] > git for-each-ref --sort -committerdate --format %(refname) %(objectname) %(*objectname) [2ms]
2022-12-08 21:08:50.848 [info] > git status -z -uall [16ms]
2022-12-08 21:10:58.549 [info] > git config --get commit.template [1ms]
2022-12-08 21:10:58.560 [info] > git for-each-ref --format=%(refname)%00%(upstream:short)%00%(objectname)%00%(upstream:track)%00%(upstream:remotename)%00%(upstream:remoteref) refs/heads/master refs/remotes/master [1ms]
2022-12-08 21:10:58.580 [info] > git status -z -uall [9ms]
2022-12-08 21:10:58.582 [info] > git for-each-ref --sort -committerdate --format %(refname) %(objectname) %(*objectname) [1ms]
2022-12-08 21:12:38.114 [info] > git config --get commit.template [8ms]
2022-12-08 21:12:38.115 [info] > git for-each-ref --format=%(refname)%00%(upstream:short)%00%(objectname)%00%(upstream:track)%00%(upstream:remotename)%00%(upstream:remoteref) refs/heads/master refs/remotes/master [2ms]
2022-12-08 21:12:38.132 [info] > git for-each-ref --sort -committerdate --format %(refname) %(objectname) %(*objectname) [2ms]
2022-12-08 21:12:38.135 [info] > git status -z -uall [13ms]
2022-12-08 21:12:43.162 [info] > git config --get commit.template [10ms]
2022-12-08 21:12:43.162 [info] > git for-each-ref --format=%(refname)%00%(upstream:short)%00%(objectname)%00%(upstream:track)%00%(upstream:remotename)%00%(upstream:remoteref) refs/heads/master refs/remotes/master [1ms]
2022-12-08 21:12:43.182 [info] > git status -z -uall [10ms]
2022-12-08 21:12:43.183 [info] > git for-each-ref --sort -committerdate --format %(refname) %(objectname) %(*objectname) [1ms]
2022-12-08 21:12:49.459 [info] > git config --get commit.template [9ms]
2022-12-08 21:12:49.460 [info] > git for-each-ref --format=%(refname)%00%(upstream:short)%00%(objectname)%00%(upstream:track)%00%(upstream:remotename)%00%(upstream:remoteref) refs/heads/master refs/remotes/master [1ms]
2022-12-08 21:12:49.482 [info] > git status -z -uall [11ms]
2022-12-08 21:12:49.483 [info] > git for-each-ref --sort -committerdate --format %(refname) %(objectname) %(*objectname) [2ms]
2022-12-08 21:12:56.622 [info] > git config --get commit.template [9ms]
2022-12-08 21:12:56.623 [info] > git for-each-ref --format=%(refname)%00%(upstream:short)%00%(objectname)%00%(upstream:track)%00%(upstream:remotename)%00%(upstream:remoteref) refs/heads/master refs/remotes/master [2ms]
2022-12-08 21:12:56.645 [info] > git status -z -uall [11ms]
2022-12-08 21:12:56.647 [info] > git for-each-ref --sort -committerdate --format %(refname) %(objectname) %(*objectname) [2ms]
2022-12-08 21:13:03.582 [info] > git config --get commit.template [6ms]
2022-12-08 21:13:03.582 [info] > git for-each-ref --format=%(refname)%00%(upstream:short)%00%(objectname)%00%(upstream:track)%00%(upstream:remotename)%00%(upstream:remoteref) refs/heads/master refs/remotes/master [1ms]
2022-12-08 21:13:03.595 [info] > git for-each-ref --sort -committerdate --format %(refname) %(objectname) %(*objectname) [2ms]
2022-12-08 21:13:03.596 [info] > git status -z -uall [8ms]
2022-12-08 21:13:10.861 [info] > git config --get commit.template [13ms]
2022-12-08 21:13:10.862 [info] > git for-each-ref --format=%(refname)%00%(upstream:short)%00%(objectname)%00%(upstream:track)%00%(upstream:remotename)%00%(upstream:remoteref) refs/heads/master refs/remotes/master [2ms]
2022-12-08 21:13:10.884 [info] > git status -z -uall [11ms]
2022-12-08 21:13:10.885 [info] > git for-each-ref --sort -committerdate --format %(refname) %(objectname) %(*objectname) [1ms]
2022-12-08 21:13:18.781 [info] > git config --get commit.template [6ms]
2022-12-08 21:13:18.781 [info] > git for-each-ref --format=%(refname)%00%(upstream:short)%00%(objectname)%00%(upstream:track)%00%(upstream:remotename)%00%(upstream:remoteref) refs/heads/master refs/remotes/master [1ms]
2022-12-08 21:13:18.795 [info] > git status -z -uall [8ms]
2022-12-08 21:13:18.795 [info] > git for-each-ref --sort -committerdate --format %(refname) %(objectname) %(*objectname) [2ms]
2022-12-08 21:13:26.617 [info] > git config --get commit.template [6ms]
2022-12-08 21:13:26.617 [info] > git for-each-ref --format=%(refname)%00%(upstream:short)%00%(objectname)%00%(upstream:track)%00%(upstream:remotename)%00%(upstream:remoteref) refs/heads/master refs/remotes/master [1ms]
2022-12-08 21:13:26.634 [info] > git for-each-ref --sort -committerdate --format %(refname) %(objectname) %(*objectname) [1ms]
2022-12-08 21:13:26.634 [info] > git status -z -uall [11ms]
2022-12-08 21:13:34.302 [info] > git config --get commit.template [7ms]
2022-12-08 21:13:34.303 [info] > git for-each-ref --format=%(refname)%00%(upstream:short)%00%(objectname)%00%(upstream:track)%00%(upstream:remotename)%00%(upstream:remoteref) refs/heads/master refs/remotes/master [2ms]
2022-12-08 21:13:34.317 [info] > git status -z -uall [8ms]
2022-12-08 21:13:34.317 [info] > git for-each-ref --sort -committerdate --format %(refname) %(objectname) %(*objectname) [1ms]
2022-12-08 21:13:42.182 [info] > git config --get commit.template [6ms]
2022-12-08 21:13:42.183 [info] > git for-each-ref --format=%(refname)%00%(upstream:short)%00%(objectname)%00%(upstream:track)%00%(upstream:remotename)%00%(upstream:remoteref) refs/heads/master refs/remotes/master [1ms]
2022-12-08 21:13:42.197 [info] > git for-each-ref --sort -committerdate --format %(refname) %(objectname) %(*objectname) [2ms]
2022-12-08 21:13:42.198 [info] > git status -z -uall [9ms]
2022-12-08 21:13:49.524 [info] > git config --get commit.template [12ms]
2022-12-08 21:13:49.525 [info] > git for-each-ref --format=%(refname)%00%(upstream:short)%00%(objectname)%00%(upstream:track)%00%(upstream:remotename)%00%(upstream:remoteref) refs/heads/master refs/remotes/master [1ms]
2022-12-08 21:13:49.543 [info] > git for-each-ref --sort -committerdate --format %(refname) %(objectname) %(*objectname) [2ms]
2022-12-08 21:13:49.545 [info] > git status -z -uall [11ms]
2022-12-08 21:13:57.369 [info] > git config --get commit.template [11ms]
2022-12-08 21:13:57.370 [info] > git for-each-ref --format=%(refname)%00%(upstream:short)%00%(objectname)%00%(upstream:track)%00%(upstream:remotename)%00%(upstream:remoteref) refs/heads/master refs/remotes/master [2ms]
2022-12-08 21:13:57.391 [info] > git status -z -uall [11ms]
2022-12-08 21:13:57.392 [info] > git for-each-ref --sort -committerdate --format %(refname) %(objectname) %(*objectname) [2ms]
2022-12-08 21:14:04.934 [info] > git config --get commit.template [15ms]
2022-12-08 21:14:04.935 [info] > git for-each-ref --format=%(refname)%00%(upstream:short)%00%(objectname)%00%(upstream:track)%00%(upstream:remotename)%00%(upstream:remoteref) refs/heads/master refs/remotes/master [2ms]
2022-12-08 21:14:04.953 [info] > git status -z -uall [8ms]
2022-12-08 21:14:04.954 [info] > git for-each-ref --sort -committerdate --format %(refname) %(objectname) %(*objectname) [2ms]
2022-12-08 21:14:22.402 [info] > git config --get commit.template [13ms]
2022-12-08 21:14:22.402 [info] > git for-each-ref --format=%(refname)%00%(upstream:short)%00%(objectname)%00%(upstream:track)%00%(upstream:remotename)%00%(upstream:remoteref) refs/heads/master refs/remotes/master [1ms]
2022-12-08 21:14:22.424 [info] > git status -z -uall [11ms]
2022-12-08 21:14:22.425 [info] > git for-each-ref --sort -committerdate --format %(refname) %(objectname) %(*objectname) [2ms]
2022-12-08 21:14:58.868 [info] > git config --get commit.template [12ms]
2022-12-08 21:14:58.868 [info] > git for-each-ref --format=%(refname)%00%(upstream:short)%00%(objectname)%00%(upstream:track)%00%(upstream:remotename)%00%(upstream:remoteref) refs/heads/master refs/remotes/master [1ms]
2022-12-08 21:14:58.889 [info] > git for-each-ref --sort -committerdate --format %(refname) %(objectname) %(*objectname) [1ms]
2022-12-08 21:14:58.892 [info] > git status -z -uall [13ms]
2022-12-08 21:15:45.434 [info] > git config --get commit.template [2ms]
2022-12-08 21:15:45.449 [info] > git for-each-ref --format=%(refname)%00%(upstream:short)%00%(objectname)%00%(upstream:track)%00%(upstream:remotename)%00%(upstream:remoteref) refs/heads/master refs/remotes/master [2ms]
2022-12-08 21:15:45.464 [info] > git for-each-ref --sort -committerdate --format %(refname) %(objectname) %(*objectname) [2ms]
2022-12-08 21:15:45.464 [info] > git status -z -uall [8ms]
2022-12-08 21:15:50.486 [info] > git config --get commit.template [8ms]
2022-12-08 21:15:50.487 [info] > git for-each-ref --format=%(refname)%00%(upstream:short)%00%(objectname)%00%(upstream:track)%00%(upstream:remotename)%00%(upstream:remoteref) refs/heads/master refs/remotes/master [1ms]
2022-12-08 21:15:50.501 [info] > git status -z -uall [7ms]
2022-12-08 21:15:50.502 [info] > git for-each-ref --sort -committerdate --format %(refname) %(objectname) %(*objectname) [2ms]
2022-12-08 21:16:45.134 [info] > git config --get commit.template [18ms]
2022-12-08 21:16:45.139 [info] > git for-each-ref --format=%(refname)%00%(upstream:short)%00%(objectname)%00%(upstream:track)%00%(upstream:remotename)%00%(upstream:remoteref) refs/heads/master refs/remotes/master [7ms]
2022-12-08 21:16:45.165 [info] > git status -z -uall [12ms]
2022-12-08 21:16:45.166 [info] > git for-each-ref --sort -committerdate --format %(refname) %(objectname) %(*objectname) [2ms]
2022-12-08 21:17:22.190 [info] > git config --get commit.template [13ms]
2022-12-08 21:17:22.191 [info] > git for-each-ref --format=%(refname)%00%(upstream:short)%00%(objectname)%00%(upstream:track)%00%(upstream:remotename)%00%(upstream:remoteref) refs/heads/master refs/remotes/master [1ms]
2022-12-08 21:17:22.209 [info] > git status -z -uall [9ms]
2022-12-08 21:17:22.210 [info] > git for-each-ref --sort -committerdate --format %(refname) %(objectname) %(*objectname) [1ms]
2022-12-08 21:18:21.063 [info] > git config --get commit.template [1ms]
2022-12-08 21:18:21.073 [info] > git for-each-ref --format=%(refname)%00%(upstream:short)%00%(objectname)%00%(upstream:track)%00%(upstream:remotename)%00%(upstream:remoteref) refs/heads/master refs/remotes/master [2ms]
2022-12-08 21:18:21.095 [info] > git status -z -uall [10ms]
2022-12-08 21:18:21.095 [info] > git for-each-ref --sort -committerdate --format %(refname) %(objectname) %(*objectname) [1ms]
2022-12-08 21:19:25.177 [info] > git config --get commit.template [8ms]
2022-12-08 21:19:25.178 [info] > git for-each-ref --format=%(refname)%00%(upstream:short)%00%(objectname)%00%(upstream:track)%00%(upstream:remotename)%00%(upstream:remoteref) refs/heads/master refs/remotes/master [2ms]
2022-12-08 21:19:25.191 [info] > git for-each-ref --sort -committerdate --format %(refname) %(objectname) %(*objectname) [1ms]
2022-12-08 21:19:25.191 [info] > git status -z -uall [7ms]
2022-12-08 21:20:26.515 [info] > git config --get commit.template [7ms]
2022-12-08 21:20:26.516 [info] > git for-each-ref --format=%(refname)%00%(upstream:short)%00%(objectname)%00%(upstream:track)%00%(upstream:remotename)%00%(upstream:remoteref) refs/heads/master refs/remotes/master [1ms]
2022-12-08 21:20:26.538 [info] > git status -z -uall [14ms]
2022-12-08 21:20:26.540 [info] > git for-each-ref --sort -committerdate --format %(refname) %(objectname) %(*objectname) [3ms]
2022-12-08 21:21:05.676 [info] > git config --get commit.template [9ms]
2022-12-08 21:21:05.677 [info] > git for-each-ref --format=%(refname)%00%(upstream:short)%00%(objectname)%00%(upstream:track)%00%(upstream:remotename)%00%(upstream:remoteref) refs/heads/master refs/remotes/master [1ms]
2022-12-08 21:21:05.694 [info] > git status -z -uall [8ms]
2022-12-08 21:21:05.695 [info] > git for-each-ref --sort -committerdate --format %(refname) %(objectname) %(*objectname) [1ms]
2022-12-08 21:21:12.471 [info] > git config --get commit.template [12ms]
2022-12-08 21:21:12.472 [info] > git for-each-ref --format=%(refname)%00%(upstream:short)%00%(objectname)%00%(upstream:track)%00%(upstream:remotename)%00%(upstream:remoteref) refs/heads/master refs/remotes/master [2ms]
2022-12-08 21:21:12.493 [info] > git status -z -uall [11ms]
2022-12-08 21:21:12.493 [info] > git for-each-ref --sort -committerdate --format %(refname) %(objectname) %(*objectname) [2ms]
2022-12-08 21:21:21.066 [info] > git config --get commit.template [15ms]
2022-12-08 21:21:21.067 [info] > git for-each-ref --format=%(refname)%00%(upstream:short)%00%(objectname)%00%(upstream:track)%00%(upstream:remotename)%00%(upstream:remoteref) refs/heads/master refs/remotes/master [2ms]
2022-12-08 21:21:21.084 [info] > git status -z -uall [9ms]
2022-12-08 21:21:21.085 [info] > git for-each-ref --sort -committerdate --format %(refname) %(objectname) %(*objectname) [2ms]
2022-12-08 21:21:30.766 [info] > git config --get commit.template [2ms]
2022-12-08 21:21:30.775 [info] > git for-each-ref --format=%(refname)%00%(upstream:short)%00%(objectname)%00%(upstream:track)%00%(upstream:remotename)%00%(upstream:remoteref) refs/heads/master refs/remotes/master [1ms]
2022-12-08 21:21:30.794 [info] > git status -z -uall [9ms]
2022-12-08 21:21:30.796 [info] > git for-each-ref --sort -committerdate --format %(refname) %(objectname) %(*objectname) [2ms]
2022-12-08 21:22:52.604 [info] > git show --textconv :tic_tac_toe/game.py [13ms]
2022-12-08 21:22:52.606 [info] > git ls-files --stage -- /workspace/games/tic_tac_toe/game.py [2ms]
2022-12-08 21:22:52.617 [info] > git cat-file -s 8af6e97f81d4587ce2d5fb43740d78d35c238401 [2ms]
2022-12-08 21:22:53.831 [info] > git show --textconv :tic_tac_toe/reduced_depth_game_tree.py [15ms]
2022-12-08 21:22:53.831 [info] > git ls-files --stage -- /workspace/games/tic_tac_toe/reduced_depth_game_tree.py [9ms]
2022-12-08 21:22:53.846 [info] > git cat-file -s 2b59a9c1375af5b06e428f26a0cac9fc1dbcd48c [1ms]
2022-12-08 21:22:57.170 [info] > git show --textconv :tic_tac_toe/test.py [12ms]
2022-12-08 21:22:57.171 [info] > git ls-files --stage -- /workspace/games/tic_tac_toe/test.py [2ms]
2022-12-08 21:22:57.185 [info] > git cat-file -s 7726f53e827c30dbef2f9074d591ee2bb20d368c [2ms]
2022-12-08 21:22:59.969 [info] > git check-ignore -v -z --stdin [2ms]
2022-12-08 21:23:01.592 [info] > git show --textconv :tic_tac_toe/players/near_perfect.py [13ms]
2022-12-08 21:23:01.593 [info] > git ls-files --stage -- /workspace/games/tic_tac_toe/players/near_perfect.py [1ms]
2022-12-08 21:23:01.606 [info] > git cat-file -s 9e8633a9f6f3650f78d6dd4d30ea2d9732efb053 [2ms]
2022-12-08 21:23:44.907 [info] > git config --get commit.template [10ms]
2022-12-08 21:23:44.908 [info] > git for-each-ref --format=%(refname)%00%(upstream:short)%00%(objectname)%00%(upstream:track)%00%(upstream:remotename)%00%(upstream:remoteref) refs/heads/master refs/remotes/master [2ms]
2022-12-08 21:23:44.939 [info] > git status -z -uall [21ms]
2022-12-08 21:23:44.939 [info] > git for-each-ref --sort -committerdate --format %(refname) %(objectname) %(*objectname) [1ms]
2022-12-08 21:24:36.904 [info] > git show --textconv :tic_tac_toe/test.py [8ms]
2022-12-08 21:24:36.905 [info] > git ls-files --stage -- /workspace/games/tic_tac_toe/test.py [1ms]
2022-12-08 21:24:36.916 [info] > git cat-file -s 7726f53e827c30dbef2f9074d591ee2bb20d368c [1ms]
2022-12-08 21:24:43.668 [info] > git config --get commit.template [9ms]
2022-12-08 21:24:43.669 [info] > git for-each-ref --format=%(refname)%00%(upstream:short)%00%(objectname)%00%(upstream:track)%00%(upstream:remotename)%00%(upstream:remoteref) refs/heads/master refs/remotes/master [2ms]
2022-12-08 21:24:43.686 [info] > git status -z -uall [8ms]
2022-12-08 21:24:43.687 [info] > git for-each-ref --sort -committerdate --format %(refname) %(objectname) %(*objectname) [1ms]
2022-12-08 21:24:48.710 [info] > git config --get commit.template [12ms]
2022-12-08 21:24:48.711 [info] > git for-each-ref --format=%(refname)%00%(upstream:short)%00%(objectname)%00%(upstream:track)%00%(upstream:remotename)%00%(upstream:remoteref) refs/heads/master refs/remotes/master [2ms]
2022-12-08 21:24:48.733 [info] > git status -z -uall [12ms]
2022-12-08 21:24:48.734 [info] > git for-each-ref --sort -committerdate --format %(refname) %(objectname) %(*objectname) [2ms]
2022-12-08 21:24:54.362 [info] > git config --get commit.template [8ms]
2022-12-08 21:24:54.363 [info] > git for-each-ref --format=%(refname)%00%(upstream:short)%00%(objectname)%00%(upstream:track)%00%(upstream:remotename)%00%(upstream:remoteref) refs/heads/master refs/remotes/master [2ms]
2022-12-08 21:24:54.375 [info] > git for-each-ref --sort -committerdate --format %(refname) %(objectname) %(*objectname) [2ms]
2022-12-08 21:24:54.376 [info] > git status -z -uall [8ms]
2022-12-08 21:24:59.997 [info] > git config --get commit.template [9ms]
2022-12-08 21:24:59.998 [info] > git for-each-ref --format=%(refname)%00%(upstream:short)%00%(objectname)%00%(upstream:track)%00%(upstream:remotename)%00%(upstream:remoteref) refs/heads/master refs/remotes/master [1ms]
2022-12-08 21:25:00.015 [info] > git status -z -uall [9ms]
2022-12-08 21:25:00.016 [info] > git for-each-ref --sort -committerdate --format %(refname) %(objectname) %(*objectname) [2ms]
2022-12-08 21:25:05.035 [info] > git config --get commit.template [1ms]
2022-12-08 21:25:05.055 [info] > git for-each-ref --format=%(refname)%00%(upstream:short)%00%(objectname)%00%(upstream:track)%00%(upstream:remotename)%00%(upstream:remoteref) refs/heads/master refs/remotes/master [1ms]
2022-12-08 21:25:05.077 [info] > git status -z -uall [11ms]
2022-12-08 21:25:05.078 [info] > git for-each-ref --sort -committerdate --format %(refname) %(objectname) %(*objectname) [2ms]
2022-12-08 21:25:10.133 [info] > git for-each-ref --format=%(refname)%00%(upstream:short)%00%(objectname)%00%(upstream:track)%00%(upstream:remotename)%00%(upstream:remoteref) refs/heads/master refs/remotes/master [2ms]
2022-12-08 21:25:10.133 [info] > git config --get commit.template [17ms]
2022-12-08 21:25:10.151 [info] > git for-each-ref --sort -committerdate --format %(refname) %(objectname) %(*objectname) [3ms]
2022-12-08 21:25:10.154 [info] > git status -z -uall [12ms]
2022-12-08 21:25:21.588 [info] > git show --textconv :tic_tac_toe/players/input_player.py [10ms]
2022-12-08 21:25:21.589 [info] > git ls-files --stage -- /workspace/games/tic_tac_toe/players/input_player.py [1ms]
2022-12-08 21:25:21.600 [info] > git cat-file -s 7ec45f180912217340703369556a713a54b36946 [2ms]
2022-12-08 21:25:41.797 [info] > git config --get commit.template [6ms]
2022-12-08 21:25:41.798 [info] > git for-each-ref --format=%(refname)%00%(upstream:short)%00%(objectname)%00%(upstream:track)%00%(upstream:remotename)%00%(upstream:remoteref) refs/heads/master refs/remotes/master [2ms]
2022-12-08 21:25:41.814 [info] > git status -z -uall [9ms]
2022-12-08 21:25:41.815 [info] > git for-each-ref --sort -committerdate --format %(refname) %(objectname) %(*objectname) [1ms]
2022-12-08 21:25:46.832 [info] > git config --get commit.template [2ms]
2022-12-08 21:25:46.845 [info] > git for-each-ref --format=%(refname)%00%(upstream:short)%00%(objectname)%00%(upstream:track)%00%(upstream:remotename)%00%(upstream:remoteref) refs/heads/master refs/remotes/master [1ms]
2022-12-08 21:25:46.864 [info] > git status -z -uall [11ms]
2022-12-08 21:25:46.865 [info] > git for-each-ref --sort -committerdate --format %(refname) %(objectname) %(*objectname) [1ms]
2022-12-08 21:25:53.408 [info] > git config --get commit.template [8ms]
2022-12-08 21:25:53.409 [info] > git for-each-ref --format=%(refname)%00%(upstream:short)%00%(objectname)%00%(upstream:track)%00%(upstream:remotename)%00%(upstream:remoteref) refs/heads/master refs/remotes/master [1ms]
2022-12-08 21:25:53.427 [info] > git status -z -uall [12ms]
2022-12-08 21:25:53.427 [info] > git for-each-ref --sort -committerdate --format %(refname) %(objectname) %(*objectname) [1ms]
2022-12-08 21:26:00.754 [info] > git config --get commit.template [9ms]
2022-12-08 21:26:00.755 [info] > git for-each-ref --format=%(refname)%00%(upstream:short)%00%(objectname)%00%(upstream:track)%00%(upstream:remotename)%00%(upstream:remoteref) refs/heads/master refs/remotes/master [1ms]
2022-12-08 21:26:00.774 [info] > git status -z -uall [10ms]
2022-12-08 21:26:00.776 [info] > git for-each-ref --sort -committerdate --format %(refname) %(objectname) %(*objectname) [3ms]
2022-12-08 21:26:10.725 [info] > git config --get commit.template [11ms]
2022-12-08 21:26:10.727 [info] > git for-each-ref --format=%(refname)%00%(upstream:short)%00%(objectname)%00%(upstream:track)%00%(upstream:remotename)%00%(upstream:remoteref) refs/heads/master refs/remotes/master [3ms]
2022-12-08 21:26:10.759 [info] > git status -z -uall [21ms]
2022-12-08 21:26:10.759 [info] > git for-each-ref --sort -committerdate --format %(refname) %(objectname) %(*objectname) [1ms]
2022-12-08 21:26:15.778 [info] > git config --get commit.template [7ms]
2022-12-08 21:26:15.778 [info] > git for-each-ref --format=%(refname)%00%(upstream:short)%00%(objectname)%00%(upstream:track)%00%(upstream:remotename)%00%(upstream:remoteref) refs/heads/master refs/remotes/master [1ms]
2022-12-08 21:26:15.790 [info] > git for-each-ref --sort -committerdate --format %(refname) %(objectname) %(*objectname) [1ms]
2022-12-08 21:26:15.791 [info] > git status -z -uall [7ms]
2022-12-08 21:26:20.815 [info] > git config --get commit.template [11ms]
2022-12-08 21:26:20.816 [info] > git for-each-ref --format=%(refname)%00%(upstream:short)%00%(objectname)%00%(upstream:track)%00%(upstream:remotename)%00%(upstream:remoteref) refs/heads/master refs/remotes/master [2ms]
2022-12-08 21:26:20.841 [info] > git status -z -uall [13ms]
2022-12-08 21:26:20.842 [info] > git for-each-ref --sort -committerdate --format %(refname) %(objectname) %(*objectname) [2ms]
2022-12-08 21:26:25.867 [info] > git config --get commit.template [6ms]
2022-12-08 21:26:25.868 [info] > git for-each-ref --format=%(refname)%00%(upstream:short)%00%(objectname)%00%(upstream:track)%00%(upstream:remotename)%00%(upstream:remoteref) refs/heads/master refs/remotes/master [1ms]
2022-12-08 21:26:25.885 [info] > git status -z -uall [9ms]
2022-12-08 21:26:25.887 [info] > git for-each-ref --sort -committerdate --format %(refname) %(objectname) %(*objectname) [2ms]
2022-12-08 21:26:30.912 [info] > git config --get commit.template [11ms]
2022-12-08 21:26:30.913 [info] > git for-each-ref --format=%(refname)%00%(upstream:short)%00%(objectname)%00%(upstream:track)%00%(upstream:remotename)%00%(upstream:remoteref) refs/heads/master refs/remotes/master [2ms]
2022-12-08 21:26:30.935 [info] > git for-each-ref --sort -committerdate --format %(refname) %(objectname) %(*objectname) [2ms]
2022-12-08 21:26:30.935 [info] > git status -z -uall [12ms]
2022-12-08 21:26:35.955 [info] > git config --get commit.template [6ms]
2022-12-08 21:26:35.956 [info] > git for-each-ref --format=%(refname)%00%(upstream:short)%00%(objectname)%00%(upstream:track)%00%(upstream:remotename)%00%(upstream:remoteref) refs/heads/master refs/remotes/master [1ms]
2022-12-08 21:26:35.968 [info] > git for-each-ref --sort -committerdate --format %(refname) %(objectname) %(*objectname) [1ms]
2022-12-08 21:26:35.969 [info] > git status -z -uall [8ms]
2022-12-08 21:26:52.574 [info] > git config --get commit.template [8ms]
2022-12-08 21:26:52.574 [info] > git for-each-ref --format=%(refname)%00%(upstream:short)%00%(objectname)%00%(upstream:track)%00%(upstream:remotename)%00%(upstream:remoteref) refs/heads/master refs/remotes/master [1ms]
2022-12-08 21:26:52.588 [info] > git status -z -uall [9ms]
2022-12-08 21:26:52.589 [info] > git for-each-ref --sort -committerdate --format %(refname) %(objectname) %(*objectname) [2ms]
2022-12-08 21:26:57.607 [info] > git config --get commit.template [6ms]
2022-12-08 21:26:57.608 [info] > git for-each-ref --format=%(refname)%00%(upstream:short)%00%(objectname)%00%(upstream:track)%00%(upstream:remotename)%00%(upstream:remoteref) refs/heads/master refs/remotes/master [1ms]
2022-12-08 21:26:57.620 [info] > git for-each-ref --sort -committerdate --format %(refname) %(objectname) %(*objectname) [2ms]
2022-12-08 21:26:57.620 [info] > git status -z -uall [7ms]
2022-12-08 21:27:02.649 [info] > git config --get commit.template [14ms]
2022-12-08 21:27:02.650 [info] > git for-each-ref --format=%(refname)%00%(upstream:short)%00%(objectname)%00%(upstream:track)%00%(upstream:remotename)%00%(upstream:remoteref) refs/heads/master refs/remotes/master [2ms]
2022-12-08 21:27:02.670 [info] > git status -z -uall [9ms]
2022-12-08 21:27:02.671 [info] > git for-each-ref --sort -committerdate --format %(refname) %(objectname) %(*objectname) [2ms]
2022-12-08 21:27:07.694 [info] > git config --get commit.template [9ms]
2022-12-08 21:27:07.694 [info] > git for-each-ref --format=%(refname)%00%(upstream:short)%00%(objectname)%00%(upstream:track)%00%(upstream:remotename)%00%(upstream:remoteref) refs/heads/master refs/remotes/master [1ms]
2022-12-08 21:27:07.710 [info] > git status -z -uall [8ms]
2022-12-08 21:27:07.712 [info] > git for-each-ref --sort -committerdate --format %(refname) %(objectname) %(*objectname) [2ms]
2022-12-08 21:27:12.728 [info] > git config --get commit.template [1ms]
2022-12-08 21:27:12.741 [info] > git for-each-ref --format=%(refname)%00%(upstream:short)%00%(objectname)%00%(upstream:track)%00%(upstream:remotename)%00%(upstream:remoteref) refs/heads/master refs/remotes/master [2ms]
2022-12-08 21:27:12.761 [info] > git status -z -uall [9ms]
2022-12-08 21:27:12.761 [info] > git for-each-ref --sort -committerdate --format %(refname) %(objectname) %(*objectname) [1ms]
2022-12-08 21:27:19.208 [info] > git config --get commit.template [29ms]
2022-12-08 21:27:19.209 [info] > git for-each-ref --format=%(refname)%00%(upstream:short)%00%(objectname)%00%(upstream:track)%00%(upstream:remotename)%00%(upstream:remoteref) refs/heads/master refs/remotes/master [1ms]
2022-12-08 21:27:19.232 [info] > git status -z -uall [12ms]
2022-12-08 21:27:19.233 [info] > git for-each-ref --sort -committerdate --format %(refname) %(objectname) %(*objectname) [1ms]
2022-12-08 21:27:35.863 [info] > git config --get commit.template [12ms]
2022-12-08 21:27:35.864 [info] > git for-each-ref --format=%(refname)%00%(upstream:short)%00%(objectname)%00%(upstream:track)%00%(upstream:remotename)%00%(upstream:remoteref) refs/heads/master refs/remotes/master [2ms]
2022-12-08 21:27:35.879 [info] > git for-each-ref --sort -committerdate --format %(refname) %(objectname) %(*objectname) [1ms]
2022-12-08 21:27:35.880 [info] > git status -z -uall [10ms]
2022-12-08 21:27:40.898 [info] > git config --get commit.template [7ms]
2022-12-08 21:27:40.899 [info] > git for-each-ref --format=%(refname)%00%(upstream:short)%00%(objectname)%00%(upstream:track)%00%(upstream:remotename)%00%(upstream:remoteref) refs/heads/master refs/remotes/master [1ms]
2022-12-08 21:27:40.913 [info] > git status -z -uall [8ms]
2022-12-08 21:27:40.914 [info] > git for-each-ref --sort -committerdate --format %(refname) %(objectname) %(*objectname) [1ms]
2022-12-08 21:28:18.592 [info] > git config --get commit.template [7ms]
2022-12-08 21:28:18.592 [info] > git for-each-ref --format=%(refname)%00%(upstream:short)%00%(objectname)%00%(upstream:track)%00%(upstream:remotename)%00%(upstream:remoteref) refs/heads/master refs/remotes/master [1ms]
2022-12-08 21:28:18.606 [info] > git status -z -uall [8ms]
2022-12-08 21:28:18.607 [info] > git for-each-ref --sort -committerdate --format %(refname) %(objectname) %(*objectname) [2ms]
2022-12-08 21:28:23.632 [info] > git config --get commit.template [12ms]
2022-12-08 21:28:23.635 [info] > git for-each-ref --format=%(refname)%00%(upstream:short)%00%(objectname)%00%(upstream:track)%00%(upstream:remotename)%00%(upstream:remoteref) refs/heads/master refs/remotes/master [3ms]
2022-12-08 21:28:23.655 [info] > git for-each-ref --sort -committerdate --format %(refname) %(objectname) %(*objectname) [1ms]
2022-12-08 21:28:23.656 [info] > git status -z -uall [14ms]
2022-12-08 21:28:28.680 [info] > git config --get commit.template [11ms]
2022-12-08 21:28:28.681 [info] > git for-each-ref --format=%(refname)%00%(upstream:short)%00%(objectname)%00%(upstream:track)%00%(upstream:remotename)%00%(upstream:remoteref) refs/heads/master refs/remotes/master [2ms]
2022-12-08 21:28:28.700 [info] > git status -z -uall [10ms]
2022-12-08 21:28:28.701 [info] > git for-each-ref --sort -committerdate --format %(refname) %(objectname) %(*objectname) [1ms]
2022-12-08 21:28:33.727 [info] > git config --get commit.template [12ms]
2022-12-08 21:28:33.728 [info] > git for-each-ref --format=%(refname)%00%(upstream:short)%00%(objectname)%00%(upstream:track)%00%(upstream:remotename)%00%(upstream:remoteref) refs/heads/master refs/remotes/master [2ms]
2022-12-08 21:28:33.755 [info] > git status -z -uall [13ms]
2022-12-08 21:28:33.756 [info] > git for-each-ref --sort -committerdate --format %(refname) %(objectname) %(*objectname) [2ms]
2022-12-08 21:28:38.775 [info] > git config --get commit.template [6ms]
2022-12-08 21:28:38.775 [info] > git for-each-ref --format=%(refname)%00%(upstream:short)%00%(objectname)%00%(upstream:track)%00%(upstream:remotename)%00%(upstream:remoteref) refs/heads/master refs/remotes/master [1ms]
2022-12-08 21:28:38.790 [info] > git status -z -uall [8ms]
2022-12-08 21:28:38.791 [info] > git for-each-ref --sort -committerdate --format %(refname) %(objectname) %(*objectname) [2ms]
2022-12-08 21:28:46.228 [info] > git config --get commit.template [1ms]
2022-12-08 21:28:46.245 [info] > git for-each-ref --format=%(refname)%00%(upstream:short)%00%(objectname)%00%(upstream:track)%00%(upstream:remotename)%00%(upstream:remoteref) refs/heads/master refs/remotes/master [2ms]
2022-12-08 21:28:46.270 [info] > git status -z -uall [14ms]
2022-12-08 21:28:46.270 [info] > git for-each-ref --sort -committerdate --format %(refname) %(objectname) %(*objectname) [3ms]
2022-12-08 21:28:51.297 [info] > git config --get commit.template [13ms]
2022-12-08 21:28:51.297 [info] > git for-each-ref --format=%(refname)%00%(upstream:short)%00%(objectname)%00%(upstream:track)%00%(upstream:remotename)%00%(upstream:remoteref) refs/heads/master refs/remotes/master [1ms]
2022-12-08 21:28:51.316 [info] > git status -z -uall [10ms]
2022-12-08 21:28:51.317 [info] > git for-each-ref --sort -committerdate --format %(refname) %(objectname) %(*objectname) [3ms]
2022-12-08 21:28:56.344 [info] > git config --get commit.template [11ms]
2022-12-08 21:28:56.345 [info] > git for-each-ref --format=%(refname)%00%(upstream:short)%00%(objectname)%00%(upstream:track)%00%(upstream:remotename)%00%(upstream:remoteref) refs/heads/master refs/remotes/master [1ms]
2022-12-08 21:28:56.366 [info] > git status -z -uall [11ms]
2022-12-08 21:28:56.366 [info] > git for-each-ref --sort -committerdate --format %(refname) %(objectname) %(*objectname) [1ms]
2022-12-08 21:29:10.349 [info] > git config --get commit.template [12ms]
2022-12-08 21:29:10.350 [info] > git for-each-ref --format=%(refname)%00%(upstream:short)%00%(objectname)%00%(upstream:track)%00%(upstream:remotename)%00%(upstream:remoteref) refs/heads/master refs/remotes/master [2ms]
2022-12-08 21:29:10.371 [info] > git status -z -uall [11ms]
2022-12-08 21:29:10.372 [info] > git for-each-ref --sort -committerdate --format %(refname) %(objectname) %(*objectname) [1ms]
2022-12-08 21:29:15.395 [info] > git config --get commit.template [10ms]
2022-12-08 21:29:15.396 [info] > git for-each-ref --format=%(refname)%00%(upstream:short)%00%(objectname)%00%(upstream:track)%00%(upstream:remotename)%00%(upstream:remoteref) refs/heads/master refs/remotes/master [1ms]
2022-12-08 21:29:15.417 [info] > git status -z -uall [11ms]
2022-12-08 21:29:15.418 [info] > git for-each-ref --sort -committerdate --format %(refname) %(objectname) %(*objectname) [1ms]
2022-12-08 21:29:20.435 [info] > git config --get commit.template [5ms]
2022-12-08 21:29:20.445 [info] > git for-each-ref --format=%(refname)%00%(upstream:short)%00%(objectname)%00%(upstream:track)%00%(upstream:remotename)%00%(upstream:remoteref) refs/heads/master refs/remotes/master [2ms]
2022-12-08 21:29:20.459 [info] > git for-each-ref --sort -committerdate --format %(refname) %(objectname) %(*objectname) [2ms]
2022-12-08 21:29:20.459 [info] > git status -z -uall [7ms]
2022-12-08 21:29:32.052 [info] > git config --get commit.template [9ms]
2022-12-08 21:29:32.053 [info] > git for-each-ref --format=%(refname)%00%(upstream:short)%00%(objectname)%00%(upstream:track)%00%(upstream:remotename)%00%(upstream:remoteref) refs/heads/master refs/remotes/master [2ms]
2022-12-08 21:29:32.072 [info] > git status -z -uall [9ms]
2022-12-08 21:29:32.073 [info] > git for-each-ref --sort -committerdate --format %(refname) %(objectname) %(*objectname) [1ms]
2022-12-08 21:29:37.091 [info] > git config --get commit.template [6ms]
2022-12-08 21:29:37.091 [info] > git for-each-ref --format=%(refname)%00%(upstream:short)%00%(objectname)%00%(upstream:track)%00%(upstream:remotename)%00%(upstream:remoteref) refs/heads/master refs/remotes/master [1ms]
2022-12-08 21:29:37.108 [info] > git status -z -uall [9ms]
2022-12-08 21:29:37.109 [info] > git for-each-ref --sort -committerdate --format %(refname) %(objectname) %(*objectname) [2ms]
2022-12-08 21:29:50.167 [info] > git config --get commit.template [10ms]
2022-12-08 21:29:50.168 [info] > git for-each-ref --format=%(refname)%00%(upstream:short)%00%(objectname)%00%(upstream:track)%00%(upstream:remotename)%00%(upstream:remoteref) refs/heads/master refs/remotes/master [1ms]
2022-12-08 21:29:50.184 [info] > git status -z -uall [8ms]
2022-12-08 21:29:50.185 [info] > git for-each-ref --sort -committerdate --format %(refname) %(objectname) %(*objectname) [2ms]
2022-12-08 21:30:14.269 [info] > git config --get commit.template [18ms]
2022-12-08 21:30:14.270 [info] > git for-each-ref --format=%(refname)%00%(upstream:short)%00%(objectname)%00%(upstream:track)%00%(upstream:remotename)%00%(upstream:remoteref) refs/heads/master refs/remotes/master [2ms]
2022-12-08 21:30:14.291 [info] > git status -z -uall [10ms]
2022-12-08 21:30:14.292 [info] > git for-each-ref --sort -committerdate --format %(refname) %(objectname) %(*objectname) [1ms]
2022-12-08 21:30:19.316 [info] > git config --get commit.template [11ms]
2022-12-08 21:30:19.317 [info] > git for-each-ref --format=%(refname)%00%(upstream:short)%00%(objectname)%00%(upstream:track)%00%(upstream:remotename)%00%(upstream:remoteref) refs/heads/master refs/remotes/master [1ms]
2022-12-08 21:30:19.350 [info] > git status -z -uall [14ms]
2022-12-08 21:30:19.351 [info] > git for-each-ref --sort -committerdate --format %(refname) %(objectname) %(*objectname) [1ms]
2022-12-08 21:34:40.153 [info] > git config --get commit.template [9ms]
2022-12-08 21:34:40.154 [info] > git for-each-ref --format=%(refname)%00%(upstream:short)%00%(objectname)%00%(upstream:track)%00%(upstream:remotename)%00%(upstream:remoteref) refs/heads/master refs/remotes/master [1ms]
2022-12-08 21:34:40.173 [info] > git status -z -uall [8ms]
2022-12-08 21:34:40.174 [info] > git for-each-ref --sort -committerdate --format %(refname) %(objectname) %(*objectname) [1ms]
2022-12-08 21:34:45.361 [info] > git config --get commit.template [11ms]
2022-12-08 21:34:45.361 [info] > git for-each-ref --format=%(refname)%00%(upstream:short)%00%(objectname)%00%(upstream:track)%00%(upstream:remotename)%00%(upstream:remoteref) refs/heads/master refs/remotes/master [1ms]
2022-12-08 21:34:45.380 [info] > git status -z -uall [9ms]
2022-12-08 21:34:45.381 [info] > git for-each-ref --sort -committerdate --format %(refname) %(objectname) %(*objectname) [2ms]
2022-12-08 21:36:01.484 [info] > git for-each-ref --format=%(refname)%00%(upstream:short)%00%(objectname)%00%(upstream:track)%00%(upstream:remotename)%00%(upstream:remoteref) refs/heads/master refs/remotes/master [1ms]
2022-12-08 21:36:01.484 [info] > git config --get commit.template [11ms]
2022-12-08 21:36:01.506 [info] > git status -z -uall [10ms]
2022-12-08 21:36:01.507 [info] > git for-each-ref --sort -committerdate --format %(refname) %(objectname) %(*objectname) [2ms]
2022-12-08 21:36:20.336 [info] > git config --get commit.template [11ms]
2022-12-08 21:36:20.337 [info] > git for-each-ref --format=%(refname)%00%(upstream:short)%00%(objectname)%00%(upstream:track)%00%(upstream:remotename)%00%(upstream:remoteref) refs/heads/master refs/remotes/master [2ms]
2022-12-08 21:36:20.356 [info] > git status -z -uall [12ms]
2022-12-08 21:36:20.357 [info] > git for-each-ref --sort -committerdate --format %(refname) %(objectname) %(*objectname) [2ms]
2022-12-08 21:36:26.772 [info] > git config --get commit.template [9ms]
2022-12-08 21:36:26.773 [info] > git for-each-ref --format=%(refname)%00%(upstream:short)%00%(objectname)%00%(upstream:track)%00%(upstream:remotename)%00%(upstream:remoteref) refs/heads/master refs/remotes/master [1ms]
2022-12-08 21:36:26.786 [info] > git status -z -uall [7ms]
2022-12-08 21:36:26.787 [info] > git for-each-ref --sort -committerdate --format %(refname) %(objectname) %(*objectname) [1ms]
2022-12-08 21:36:41.256 [info] > git config --get commit.template [11ms]
2022-12-08 21:36:41.257 [info] > git for-each-ref --format=%(refname)%00%(upstream:short)%00%(objectname)%00%(upstream:track)%00%(upstream:remotename)%00%(upstream:remoteref) refs/heads/master refs/remotes/master [2ms]
2022-12-08 21:36:41.277 [info] > git status -z -uall [11ms]
2022-12-08 21:36:41.278 [info] > git for-each-ref --sort -committerdate --format %(refname) %(objectname) %(*objectname) [2ms]
2022-12-08 21:36:48.576 [info] > git for-each-ref --format=%(refname)%00%(upstream:short)%00%(objectname)%00%(upstream:track)%00%(upstream:remotename)%00%(upstream:remoteref) refs/heads/master refs/remotes/master [2ms]
2022-12-08 21:36:48.576 [info] > git config --get commit.template [9ms]
2022-12-08 21:36:48.589 [info] > git status -z -uall [7ms]
2022-12-08 21:36:48.590 [info] > git for-each-ref --sort -committerdate --format %(refname) %(objectname) %(*objectname) [2ms]
2022-12-08 21:36:55.512 [info] > git config --get commit.template [10ms]
2022-12-08 21:36:55.513 [info] > git for-each-ref --format=%(refname)%00%(upstream:short)%00%(objectname)%00%(upstream:track)%00%(upstream:remotename)%00%(upstream:remoteref) refs/heads/master refs/remotes/master [1ms]
2022-12-08 21:36:55.541 [info] > git status -z -uall [19ms]
2022-12-08 21:36:55.542 [info] > git for-each-ref --sort -committerdate --format %(refname) %(objectname) %(*objectname) [2ms]
2022-12-08 21:38:26.235 [info] > git config --get commit.template [14ms]
2022-12-08 21:38:26.235 [info] > git for-each-ref --format=%(refname)%00%(upstream:short)%00%(objectname)%00%(upstream:track)%00%(upstream:remotename)%00%(upstream:remoteref) refs/heads/master refs/remotes/master [1ms]
2022-12-08 21:38:26.265 [info] > git status -z -uall [10ms]
2022-12-08 21:38:26.266 [info] > git for-each-ref --sort -committerdate --format %(refname) %(objectname) %(*objectname) [1ms]
2022-12-08 21:38:31.291 [info] > git config --get commit.template [11ms]
2022-12-08 21:38:31.292 [info] > git for-each-ref --format=%(refname)%00%(upstream:short)%00%(objectname)%00%(upstream:track)%00%(upstream:remotename)%00%(upstream:remoteref) refs/heads/master refs/remotes/master [2ms]
2022-12-08 21:38:31.311 [info] > git status -z -uall [10ms]
2022-12-08 21:38:31.312 [info] > git for-each-ref --sort -committerdate --format %(refname) %(objectname) %(*objectname) [2ms]
2022-12-08 21:39:24.880 [info] > git config --get commit.template [11ms]
2022-12-08 21:39:24.880 [info] > git for-each-ref --format=%(refname)%00%(upstream:short)%00%(objectname)%00%(upstream:track)%00%(upstream:remotename)%00%(upstream:remoteref) refs/heads/master refs/remotes/master [1ms]
2022-12-08 21:39:24.893 [info] > git status -z -uall [7ms]
2022-12-08 21:39:24.894 [info] > git for-each-ref --sort -committerdate --format %(refname) %(objectname) %(*objectname) [1ms]
2022-12-08 21:40:16.397 [info] > git config --get commit.template [9ms]
2022-12-08 21:40:16.398 [info] > git for-each-ref --format=%(refname)%00%(upstream:short)%00%(objectname)%00%(upstream:track)%00%(upstream:remotename)%00%(upstream:remoteref) refs/heads/master refs/remotes/master [2ms]
2022-12-08 21:40:16.417 [info] > git status -z -uall [9ms]
2022-12-08 21:40:16.418 [info] > git for-each-ref --sort -committerdate --format %(refname) %(objectname) %(*objectname) [1ms]
2022-12-08 21:40:34.471 [info] > git config --get commit.template [8ms]
2022-12-08 21:40:34.471 [info] > git for-each-ref --format=%(refname)%00%(upstream:short)%00%(objectname)%00%(upstream:track)%00%(upstream:remotename)%00%(upstream:remoteref) refs/heads/master refs/remotes/master [1ms]
2022-12-08 21:40:34.486 [info] > git status -z -uall [9ms]
2022-12-08 21:40:34.487 [info] > git for-each-ref --sort -committerdate --format %(refname) %(objectname) %(*objectname) [2ms]
2022-12-08 21:41:44.720 [info] > git config --get commit.template [11ms]
2022-12-08 21:41:44.720 [info] > git for-each-ref --format=%(refname)%00%(upstream:short)%00%(objectname)%00%(upstream:track)%00%(upstream:remotename)%00%(upstream:remoteref) refs/heads/master refs/remotes/master [1ms]
2022-12-08 21:41:44.753 [info] > git for-each-ref --sort -committerdate --format %(refname) %(objectname) %(*objectname) [3ms]
2022-12-08 21:41:44.757 [info] > git status -z -uall [18ms]
2022-12-08 21:41:57.714 [info] > git config --get commit.template [9ms]
2022-12-08 21:41:57.715 [info] > git for-each-ref --format=%(refname)%00%(upstream:short)%00%(objectname)%00%(upstream:track)%00%(upstream:remotename)%00%(upstream:remoteref) refs/heads/master refs/remotes/master [1ms]
2022-12-08 21:41:57.751 [info] > git status -z -uall [27ms]
2022-12-08 21:41:57.752 [info] > git for-each-ref --sort -committerdate --format %(refname) %(objectname) %(*objectname) [3ms]
2022-12-08 21:42:04.238 [info] > git for-each-ref --format=%(refname)%00%(upstream:short)%00%(objectname)%00%(upstream:track)%00%(upstream:remotename)%00%(upstream:remoteref) refs/heads/master refs/remotes/master [0ms]
2022-12-08 21:42:04.239 [info] > git config --get commit.template [21ms]
2022-12-08 21:42:04.264 [info] > git for-each-ref --sort -committerdate --format %(refname) %(objectname) %(*objectname) [2ms]
2022-12-08 21:42:04.265 [info] > git status -z -uall [8ms]
2022-12-08 21:42:22.636 [info] > git config --get commit.template [15ms]
2022-12-08 21:42:22.638 [info] > git for-each-ref --format=%(refname)%00%(upstream:short)%00%(objectname)%00%(upstream:track)%00%(upstream:remotename)%00%(upstream:remoteref) refs/heads/master refs/remotes/master [3ms]
2022-12-08 21:42:22.674 [info] > git status -z -uall [13ms]
2022-12-08 21:42:22.675 [info] > git for-each-ref --sort -committerdate --format %(refname) %(objectname) %(*objectname) [2ms]
2022-12-08 21:43:12.185 [info] > git config --get commit.template [8ms]
2022-12-08 21:43:12.186 [info] > git for-each-ref --format=%(refname)%00%(upstream:short)%00%(objectname)%00%(upstream:track)%00%(upstream:remotename)%00%(upstream:remoteref) refs/heads/master refs/remotes/master [2ms]
2022-12-08 21:43:12.206 [info] > git status -z -uall [9ms]
2022-12-08 21:43:12.207 [info] > git for-each-ref --sort -committerdate --format %(refname) %(objectname) %(*objectname) [1ms]
2022-12-08 21:43:19.881 [info] > git config --get commit.template [12ms]
2022-12-08 21:43:19.882 [info] > git for-each-ref --format=%(refname)%00%(upstream:short)%00%(objectname)%00%(upstream:track)%00%(upstream:remotename)%00%(upstream:remoteref) refs/heads/master refs/remotes/master [1ms]
2022-12-08 21:43:19.902 [info] > git status -z -uall [10ms]
2022-12-08 21:43:19.903 [info] > git for-each-ref --sort -committerdate --format %(refname) %(objectname) %(*objectname) [2ms]
2022-12-08 21:43:28.232 [info] > git config --get commit.template [13ms]
2022-12-08 21:43:28.236 [info] > git for-each-ref --format=%(refname)%00%(upstream:short)%00%(objectname)%00%(upstream:track)%00%(upstream:remotename)%00%(upstream:remoteref) refs/heads/master refs/remotes/master [4ms]
2022-12-08 21:43:28.264 [info] > git for-each-ref --sort -committerdate --format %(refname) %(objectname) %(*objectname) [2ms]
2022-12-08 21:43:28.269 [info] > git status -z -uall [16ms]
2022-12-08 21:43:50.775 [info] > git config --get commit.template [2ms]
2022-12-08 21:43:50.785 [info] > git for-each-ref --format=%(refname)%00%(upstream:short)%00%(objectname)%00%(upstream:track)%00%(upstream:remotename)%00%(upstream:remoteref) refs/heads/master refs/remotes/master [1ms]
2022-12-08 21:43:50.804 [info] > git status -z -uall [10ms]
2022-12-08 21:43:50.805 [info] > git for-each-ref --sort -committerdate --format %(refname) %(objectname) %(*objectname) [2ms]
2022-12-08 21:43:55.827 [info] > git config --get commit.template [10ms]
2022-12-08 21:43:55.831 [info] > git for-each-ref --format=%(refname)%00%(upstream:short)%00%(objectname)%00%(upstream:track)%00%(upstream:remotename)%00%(upstream:remoteref) refs/heads/master refs/remotes/master [5ms]
2022-12-08 21:43:55.852 [info] > git status -z -uall [9ms]
2022-12-08 21:43:55.853 [info] > git for-each-ref --sort -committerdate --format %(refname) %(objectname) %(*objectname) [2ms]
2022-12-08 21:44:01.539 [info] > git config --get commit.template [8ms]
2022-12-08 21:44:01.571 [info] > git for-each-ref --format=%(refname)%00%(upstream:short)%00%(objectname)%00%(upstream:track)%00%(upstream:remotename)%00%(upstream:remoteref) refs/heads/master refs/remotes/master [4ms]
2022-12-08 21:44:01.588 [info] > git status -z -uall [8ms]
2022-12-08 21:44:01.589 [info] > git for-each-ref --sort -committerdate --format %(refname) %(objectname) %(*objectname) [2ms]
2022-12-08 21:44:42.450 [info] > git config --get commit.template [29ms]
2022-12-08 21:44:42.451 [info] > git for-each-ref --format=%(refname)%00%(upstream:short)%00%(objectname)%00%(upstream:track)%00%(upstream:remotename)%00%(upstream:remoteref) refs/heads/master refs/remotes/master [2ms]
2022-12-08 21:44:42.480 [info] > git status -z -uall [11ms]
2022-12-08 21:44:42.480 [info] > git for-each-ref --sort -committerdate --format %(refname) %(objectname) %(*objectname) [2ms]
2022-12-08 21:45:03.111 [info] > git config --get commit.template [2ms]
2022-12-08 21:45:03.118 [info] > git for-each-ref --format=%(refname)%00%(upstream:short)%00%(objectname)%00%(upstream:track)%00%(upstream:remotename)%00%(upstream:remoteref) refs/heads/master refs/remotes/master [1ms]
2022-12-08 21:45:03.148 [info] > git status -z -uall [25ms]
2022-12-08 21:45:03.151 [info] > git for-each-ref --sort -committerdate --format %(refname) %(objectname) %(*objectname) [4ms]
