2022-12-08 20:51:07.647 [info] Extension host with pid 697 started
2022-12-08 20:51:07.652 [error] Error: EEXIST: file already exists, open '/workspace/.vscode-remote/data/User/workspaceStorage/-3784a607/vscode.lock'
2022-12-08 20:51:07.657 [info] Lock '/workspace/.vscode-remote/data/User/workspaceStorage/-3784a607/vscode.lock': Could not acquire lock, checking if the file is stale.
2022-12-08 20:51:07.658 [info] Lock '/workspace/.vscode-remote/data/User/workspaceStorage/-3784a607/vscode.lock': The lock looks stale, waiting for 2s.
2022-12-08 20:51:07.801 [info] ExtensionService#_doActivateExtension vscode.media-preview, startup: false, activationEvent: 'onCustomEditor:imagePreview.previewEditor'
2022-12-08 20:51:07.802 [info] ExtensionService#_doActivateExtension vscode.git-base, startup: true, activationEvent: '*', root cause: vscode.git
2022-12-08 20:51:07.802 [info] ExtensionService#_doActivateExtension gitpod.gitpod-web, startup: true, activationEvent: '*'
2022-12-08 20:51:09.659 [info] Lock '/workspace/.vscode-remote/data/User/workspaceStorage/-3784a607/vscode.lock': The lock looks stale even after waiting for 2s.
2022-12-08 20:51:09.659 [info] Lock '/workspace/.vscode-remote/data/User/workspaceStorage/-3784a607/vscode.lock': Deleting a stale lock.
2022-12-08 20:51:09.661 [info] Lock '/workspace/.vscode-remote/data/User/workspaceStorage/-3784a607/vscode.lock': Lock acquired.
2022-12-08 20:51:09.919 [info] ExtensionService#_doActivateExtension vscode.git, startup: true, activationEvent: '*'
2022-12-08 20:51:09.920 [info] ExtensionService#_doActivateExtension vscode.github, startup: true, activationEvent: '*'
2022-12-08 20:51:10.364 [info] ExtensionService#_doActivateExtension vscode.debug-auto-launch, startup: false, activationEvent: 'onStartupFinished'
2022-12-08 20:51:10.364 [info] ExtensionService#_doActivateExtension vscode.emmet, startup: false, activationEvent: 'onStartupFinished'
2022-12-08 20:51:10.364 [info] ExtensionService#_doActivateExtension vscode.merge-conflict, startup: false, activationEvent: 'onStartupFinished'
2022-12-08 20:51:10.365 [info] ExtensionService#_doActivateExtension vscode.github-authentication, startup: false, activationEvent: 'onStartupFinished', root cause: GitHub.vscode-pull-request-github
2022-12-08 20:51:10.365 [info] Eager extensions activated
2022-12-08 20:51:10.420 [info] ExtensionService#_doActivateExtension redhat.vscode-yaml, startup: false, activationEvent: 'onLanguage:yaml'
2022-12-08 20:51:10.568 [info] ExtensionService#_doActivateExtension GitHub.vscode-pull-request-github, startup: false, activationEvent: 'onStartupFinished'
2022-12-08 20:51:11.113 [warning] [redhat.vscode-yaml] Accessing a resource scoped configuration without providing a resource is not expected. To get the effective value for '[yaml]', provide the URI of a resource or 'null' for any resource.
2022-12-08 20:51:11.115 [warning] [redhat.vscode-yaml] Accessing a resource scoped configuration without providing a resource is not expected. To get the effective value for '[yaml]', provide the URI of a resource or 'null' for any resource.
2022-12-08 20:51:11.253 [warning] [redhat.vscode-yaml] Accessing a resource scoped configuration without providing a resource is not expected. To get the effective value for '[yaml]', provide the URI of a resource or 'null' for any resource.
2022-12-08 20:51:11.262 [warning] [redhat.vscode-yaml] Accessing a resource scoped configuration without providing a resource is not expected. To get the effective value for '[yaml]', provide the URI of a resource or 'null' for any resource.
2022-12-08 20:51:11.468 [info] ExtensionService#_doActivateExtension vscode.configuration-editing, startup: false, activationEvent: 'onLanguage:jsonc'
2022-12-08 20:51:11.468 [info] ExtensionService#_doActivateExtension vscode.json-language-features, startup: false, activationEvent: 'onLanguage:jsonc'
2022-12-08 20:51:11.468 [info] ExtensionService#_doActivateExtension vscode.typescript-language-features, startup: false, activationEvent: 'onLanguage:jsonc'
